{"/Users/ashishpratapsingh/Documents/source/enterprise-test-case-management/frontend/src/App.tsx": {"path":"/Users/ashishpratapsingh/Documents/source/enterprise-test-case-management/frontend/src/App.tsx","statementMap":{"0":{"start":{"line":19,"column":22},"end":{"line":65,"column":1}},"1":{"start":{"line":20,"column":2},"end":{"line":64,"column":4}}},"fnMap":{"0":{"name":"(anonymous_0)","decl":{"start":{"line":19,"column":22},"end":{"line":19,"column":23}},"loc":{"start":{"line":19,"column":28},"end":{"line":65,"column":1}},"line":19}},"branchMap":{},"s":{"0":0,"1":0},"f":{"0":0},"b":{}}
,"/Users/ashishpratapsingh/Documents/source/enterprise-test-case-management/frontend/src/index.tsx": {"path":"/Users/ashishpratapsingh/Documents/source/enterprise-test-case-management/frontend/src/index.tsx","statementMap":{"0":{"start":{"line":10,"column":14},"end":{"line":188,"column":2}},"1":{"start":{"line":190,"column":62},"end":{"line":193,"column":1}},"2":{"start":{"line":191,"column":15},"end":{"line":191,"column":32}},"3":{"start":{"line":192,"column":2},"end":{"line":192,"column":78}},"4":{"start":{"line":195,"column":13},"end":{"line":195,"column":80}},"5":{"start":{"line":197,"column":0},"end":{"line":216,"column":2}}},"fnMap":{"0":{"name":"(anonymous_0)","decl":{"start":{"line":190,"column":62},"end":{"line":190,"column":63}},"loc":{"start":{"line":190,"column":80},"end":{"line":193,"column":1}},"line":190}},"branchMap":{},"s":{"0":0,"1":0,"2":0,"3":0,"4":0,"5":0},"f":{"0":0},"b":{}}
,"/Users/ashishpratapsingh/Documents/source/enterprise-test-case-management/frontend/src/components/common/ConfirmDialog.tsx": {"path":"/Users/ashishpratapsingh/Documents/source/enterprise-test-case-management/frontend/src/components/common/ConfirmDialog.tsx","statementMap":{"0":{"start":{"line":22,"column":52},"end":{"line":46,"column":1}},"1":{"start":{"line":32,"column":2},"end":{"line":45,"column":4}}},"fnMap":{"0":{"name":"(anonymous_0)","decl":{"start":{"line":22,"column":52},"end":{"line":22,"column":53}},"loc":{"start":{"line":31,"column":6},"end":{"line":46,"column":1}},"line":31}},"branchMap":{"0":{"loc":{"start":{"line":26,"column":2},"end":{"line":26,"column":26}},"type":"default-arg","locations":[{"start":{"line":26,"column":17},"end":{"line":26,"column":26}}],"line":26},"1":{"loc":{"start":{"line":27,"column":2},"end":{"line":27,"column":24}},"type":"default-arg","locations":[{"start":{"line":27,"column":16},"end":{"line":27,"column":24}}],"line":27},"2":{"loc":{"start":{"line":28,"column":2},"end":{"line":28,"column":26}},"type":"default-arg","locations":[{"start":{"line":28,"column":17},"end":{"line":28,"column":26}}],"line":28}},"s":{"0":0,"1":0},"f":{"0":0},"b":{"0":[0],"1":[0],"2":[0]}}
,"/Users/ashishpratapsingh/Documents/source/enterprise-test-case-management/frontend/src/components/common/DataTable.tsx": {"path":"/Users/ashishpratapsingh/Documents/source/enterprise-test-case-management/frontend/src/components/common/DataTable.tsx","statementMap":{"0":{"start":{"line":25,"column":0},"end":{"line":25,"column":53}},"1":{"start":{"line":76,"column":2},"end":{"line":102,"column":5}},"2":{"start":{"line":77,"column":26},"end":{"line":82,"column":5}},"3":{"start":{"line":84,"column":4},"end":{"line":84,"column":43}},"4":{"start":{"line":84,"column":19},"end":{"line":84,"column":43}},"5":{"start":{"line":85,"column":4},"end":{"line":85,"column":40}},"6":{"start":{"line":85,"column":18},"end":{"line":85,"column":40}},"7":{"start":{"line":86,"column":4},"end":{"line":86,"column":52}},"8":{"start":{"line":86,"column":22},"end":{"line":86,"column":52}},"9":{"start":{"line":87,"column":4},"end":{"line":87,"column":48}},"10":{"start":{"line":87,"column":24},"end":{"line":87,"column":48}},"11":{"start":{"line":88,"column":4},"end":{"line":88,"column":44}},"12":{"start":{"line":88,"column":22},"end":{"line":88,"column":44}},"13":{"start":{"line":90,"column":4},"end":{"line":99,"column":5}},"14":{"start":{"line":91,"column":23},"end":{"line":91,"column":37}},"15":{"start":{"line":92,"column":6},"end":{"line":98,"column":8}},"16":{"start":{"line":93,"column":24},"end":{"line":96,"column":9}},"17":{"start":{"line":97,"column":8},"end":{"line":97,"column":33}},"18":{"start":{"line":101,"column":4},"end":{"line":101,"column":17}},"19":{"start":{"line":105,"column":21},"end":{"line":105,"column":67}},"20":{"start":{"line":109,"column":22},"end":{"line":124,"column":2}},"21":{"start":{"line":128,"column":44},"end":{"line":308,"column":1}},"22":{"start":{"line":142,"column":18},"end":{"line":142,"column":43}},"23":{"start":{"line":144,"column":20},"end":{"line":144,"column":65}},"24":{"start":{"line":144,"column":34},"end":{"line":144,"column":53}},"25":{"start":{"line":146,"column":20},"end":{"line":146,"column":47}},"26":{"start":{"line":148,"column":16},"end":{"line":148,"column":40}},"27":{"start":{"line":149,"column":21},"end":{"line":149,"column":77}},"28":{"start":{"line":150,"column":22},"end":{"line":150,"column":42}},"29":{"start":{"line":151,"column":19},"end":{"line":151,"column":79}},"30":{"start":{"line":152,"column":17},"end":{"line":152,"column":78}},"31":{"start":{"line":154,"column":23},"end":{"line":164,"column":3}},"32":{"start":{"line":156,"column":6},"end":{"line":156,"column":30}},"33":{"start":{"line":156,"column":23},"end":{"line":156,"column":30}},"34":{"start":{"line":157,"column":21},"end":{"line":157,"column":62}},"35":{"start":{"line":158,"column":6},"end":{"line":160,"column":7}},"36":{"start":{"line":159,"column":8},"end":{"line":159,"column":15}},"37":{"start":{"line":161,"column":6},"end":{"line":161,"column":92}},"38":{"start":{"line":166,"column":21},"end":{"line":169,"column":16}},"39":{"start":{"line":167,"column":4},"end":{"line":167,"column":72}},"40":{"start":{"line":167,"column":18},"end":{"line":167,"column":72}},"41":{"start":{"line":167,"column":42},"end":{"line":167,"column":71}},"42":{"start":{"line":168,"column":4},"end":{"line":168,"column":77}},"43":{"start":{"line":168,"column":28},"end":{"line":168,"column":76}},"44":{"start":{"line":171,"column":21},"end":{"line":176,"column":56}},"45":{"start":{"line":172,"column":25},"end":{"line":172,"column":27}},"46":{"start":{"line":173,"column":32},"end":{"line":173,"column":34}},"47":{"start":{"line":174,"column":24},"end":{"line":174,"column":76}},"48":{"start":{"line":175,"column":4},"end":{"line":175,"column":76}},"49":{"start":{"line":178,"column":27},"end":{"line":182,"column":3}},"50":{"start":{"line":179,"column":4},"end":{"line":181,"column":5}},"51":{"start":{"line":180,"column":6},"end":{"line":180,"column":69}},"52":{"start":{"line":184,"column":31},"end":{"line":188,"column":3}},"53":{"start":{"line":185,"column":4},"end":{"line":187,"column":5}},"54":{"start":{"line":186,"column":6},"end":{"line":186,"column":62}},"55":{"start":{"line":190,"column":2},"end":{"line":307,"column":4}},"56":{"start":{"line":264,"column":29},"end":{"line":264,"column":73}},"57":{"start":{"line":268,"column":14},"end":{"line":268,"column":62}},"58":{"start":{"line":279,"column":27},"end":{"line":279,"column":46}},"59":{"start":{"line":286,"column":27},"end":{"line":286,"column":60}},"60":{"start":{"line":293,"column":27},"end":{"line":293,"column":60}},"61":{"start":{"line":300,"column":27},"end":{"line":300,"column":59}}},"fnMap":{"0":{"name":"mapColumns","decl":{"start":{"line":75,"column":9},"end":{"line":75,"column":19}},"loc":{"start":{"line":75,"column":53},"end":{"line":103,"column":1}},"line":75},"1":{"name":"(anonymous_1)","decl":{"start":{"line":76,"column":21},"end":{"line":76,"column":22}},"loc":{"start":{"line":76,"column":30},"end":{"line":102,"column":3}},"line":76},"2":{"name":"(anonymous_2)","decl":{"start":{"line":92,"column":27},"end":{"line":92,"column":28}},"loc":{"start":{"line":92,"column":60},"end":{"line":98,"column":7}},"line":92},"3":{"name":"(anonymous_3)","decl":{"start":{"line":128,"column":44},"end":{"line":128,"column":45}},"loc":{"start":{"line":141,"column":6},"end":{"line":308,"column":1}},"line":141},"4":{"name":"(anonymous_4)","decl":{"start":{"line":144,"column":28},"end":{"line":144,"column":29}},"loc":{"start":{"line":144,"column":34},"end":{"line":144,"column":53}},"line":144},"5":{"name":"(anonymous_5)","decl":{"start":{"line":155,"column":4},"end":{"line":155,"column":5}},"loc":{"start":{"line":155,"column":32},"end":{"line":162,"column":5}},"line":155},"6":{"name":"(anonymous_6)","decl":{"start":{"line":166,"column":29},"end":{"line":166,"column":30}},"loc":{"start":{"line":166,"column":35},"end":{"line":169,"column":3}},"line":166},"7":{"name":"(anonymous_7)","decl":{"start":{"line":167,"column":25},"end":{"line":167,"column":26}},"loc":{"start":{"line":167,"column":42},"end":{"line":167,"column":71}},"line":167},"8":{"name":"(anonymous_8)","decl":{"start":{"line":168,"column":11},"end":{"line":168,"column":12}},"loc":{"start":{"line":168,"column":28},"end":{"line":168,"column":76}},"line":168},"9":{"name":"(anonymous_9)","decl":{"start":{"line":171,"column":29},"end":{"line":171,"column":30}},"loc":{"start":{"line":171,"column":35},"end":{"line":176,"column":3}},"line":171},"10":{"name":"(anonymous_10)","decl":{"start":{"line":178,"column":27},"end":{"line":178,"column":28}},"loc":{"start":{"line":178,"column":48},"end":{"line":182,"column":3}},"line":178},"11":{"name":"(anonymous_11)","decl":{"start":{"line":184,"column":31},"end":{"line":184,"column":32}},"loc":{"start":{"line":184,"column":52},"end":{"line":188,"column":3}},"line":184},"12":{"name":"(anonymous_12)","decl":{"start":{"line":264,"column":22},"end":{"line":264,"column":23}},"loc":{"start":{"line":264,"column":29},"end":{"line":264,"column":73}},"line":264},"13":{"name":"(anonymous_13)","decl":{"start":{"line":267,"column":33},"end":{"line":267,"column":34}},"loc":{"start":{"line":268,"column":14},"end":{"line":268,"column":62}},"line":268},"14":{"name":"(anonymous_14)","decl":{"start":{"line":279,"column":21},"end":{"line":279,"column":22}},"loc":{"start":{"line":279,"column":27},"end":{"line":279,"column":46}},"line":279},"15":{"name":"(anonymous_15)","decl":{"start":{"line":286,"column":21},"end":{"line":286,"column":22}},"loc":{"start":{"line":286,"column":27},"end":{"line":286,"column":60}},"line":286},"16":{"name":"(anonymous_16)","decl":{"start":{"line":293,"column":21},"end":{"line":293,"column":22}},"loc":{"start":{"line":293,"column":27},"end":{"line":293,"column":60}},"line":293},"17":{"name":"(anonymous_17)","decl":{"start":{"line":300,"column":21},"end":{"line":300,"column":22}},"loc":{"start":{"line":300,"column":27},"end":{"line":300,"column":59}},"line":300}},"branchMap":{"0":{"loc":{"start":{"line":84,"column":4},"end":{"line":84,"column":43}},"type":"if","locations":[{"start":{"line":84,"column":4},"end":{"line":84,"column":43}},{"start":{},"end":{}}],"line":84},"1":{"loc":{"start":{"line":85,"column":4},"end":{"line":85,"column":40}},"type":"if","locations":[{"start":{"line":85,"column":4},"end":{"line":85,"column":40}},{"start":{},"end":{}}],"line":85},"2":{"loc":{"start":{"line":86,"column":4},"end":{"line":86,"column":52}},"type":"if","locations":[{"start":{"line":86,"column":4},"end":{"line":86,"column":52}},{"start":{},"end":{}}],"line":86},"3":{"loc":{"start":{"line":87,"column":4},"end":{"line":87,"column":48}},"type":"if","locations":[{"start":{"line":87,"column":4},"end":{"line":87,"column":48}},{"start":{},"end":{}}],"line":87},"4":{"loc":{"start":{"line":88,"column":4},"end":{"line":88,"column":44}},"type":"if","locations":[{"start":{"line":88,"column":4},"end":{"line":88,"column":44}},{"start":{},"end":{}}],"line":88},"5":{"loc":{"start":{"line":90,"column":4},"end":{"line":99,"column":5}},"type":"if","locations":[{"start":{"line":90,"column":4},"end":{"line":99,"column":5}},{"start":{},"end":{}}],"line":90},"6":{"loc":{"start":{"line":132,"column":2},"end":{"line":132,"column":17}},"type":"default-arg","locations":[{"start":{"line":132,"column":12},"end":{"line":132,"column":17}}],"line":132},"7":{"loc":{"start":{"line":133,"column":2},"end":{"line":133,"column":45}},"type":"default-arg","locations":[{"start":{"line":133,"column":20},"end":{"line":133,"column":45}}],"line":133},"8":{"loc":{"start":{"line":136,"column":2},"end":{"line":136,"column":37}},"type":"default-arg","locations":[{"start":{"line":136,"column":20},"end":{"line":136,"column":37}}],"line":136},"9":{"loc":{"start":{"line":137,"column":2},"end":{"line":137,"column":22}},"type":"default-arg","locations":[{"start":{"line":137,"column":12},"end":{"line":137,"column":22}}],"line":137},"10":{"loc":{"start":{"line":139,"column":2},"end":{"line":139,"column":27}},"type":"default-arg","locations":[{"start":{"line":139,"column":22},"end":{"line":139,"column":27}}],"line":139},"11":{"loc":{"start":{"line":146,"column":20},"end":{"line":146,"column":47}},"type":"binary-expr","locations":[{"start":{"line":146,"column":20},"end":{"line":146,"column":41}},{"start":{"line":146,"column":45},"end":{"line":146,"column":47}}],"line":146},"12":{"loc":{"start":{"line":148,"column":16},"end":{"line":148,"column":40}},"type":"binary-expr","locations":[{"start":{"line":148,"column":16},"end":{"line":148,"column":25}},{"start":{"line":148,"column":29},"end":{"line":148,"column":40}}],"line":148},"13":{"loc":{"start":{"line":151,"column":19},"end":{"line":151,"column":79}},"type":"cond-expr","locations":[{"start":{"line":151,"column":33},"end":{"line":151,"column":34}},{"start":{"line":151,"column":37},"end":{"line":151,"column":79}}],"line":151},"14":{"loc":{"start":{"line":156,"column":6},"end":{"line":156,"column":30}},"type":"if","locations":[{"start":{"line":156,"column":6},"end":{"line":156,"column":30}},{"start":{},"end":{}}],"line":156},"15":{"loc":{"start":{"line":158,"column":6},"end":{"line":160,"column":7}},"type":"if","locations":[{"start":{"line":158,"column":6},"end":{"line":160,"column":7}},{"start":{},"end":{}}],"line":158},"16":{"loc":{"start":{"line":158,"column":10},"end":{"line":158,"column":106}},"type":"binary-expr","locations":[{"start":{"line":158,"column":10},"end":{"line":158,"column":16}},{"start":{"line":158,"column":21},"end":{"line":158,"column":45}},{"start":{"line":158,"column":49},"end":{"line":158,"column":68}},{"start":{"line":158,"column":72},"end":{"line":158,"column":105}}],"line":158},"17":{"loc":{"start":{"line":161,"column":40},"end":{"line":161,"column":88}},"type":"cond-expr","locations":[{"start":{"line":161,"column":51},"end":{"line":161,"column":71}},{"start":{"line":161,"column":74},"end":{"line":161,"column":88}}],"line":161},"18":{"loc":{"start":{"line":167,"column":4},"end":{"line":167,"column":72}},"type":"if","locations":[{"start":{"line":167,"column":4},"end":{"line":167,"column":72}},{"start":{},"end":{}}],"line":167},"19":{"loc":{"start":{"line":168,"column":35},"end":{"line":168,"column":75}},"type":"binary-expr","locations":[{"start":{"line":168,"column":35},"end":{"line":168,"column":50}},{"start":{"line":168,"column":54},"end":{"line":168,"column":69}},{"start":{"line":168,"column":73},"end":{"line":168,"column":75}}],"line":168},"20":{"loc":{"start":{"line":174,"column":33},"end":{"line":174,"column":49}},"type":"binary-expr","locations":[{"start":{"line":174,"column":33},"end":{"line":174,"column":44}},{"start":{"line":174,"column":48},"end":{"line":174,"column":49}}],"line":174},"21":{"loc":{"start":{"line":179,"column":4},"end":{"line":181,"column":5}},"type":"if","locations":[{"start":{"line":179,"column":4},"end":{"line":181,"column":5}},{"start":{},"end":{}}],"line":179},"22":{"loc":{"start":{"line":179,"column":8},"end":{"line":179,"column":71}},"type":"binary-expr","locations":[{"start":{"line":179,"column":8},"end":{"line":179,"column":31}},{"start":{"line":179,"column":35},"end":{"line":179,"column":47}},{"start":{"line":179,"column":51},"end":{"line":179,"column":71}}],"line":179},"23":{"loc":{"start":{"line":185,"column":4},"end":{"line":187,"column":5}},"type":"if","locations":[{"start":{"line":185,"column":4},"end":{"line":187,"column":5}},{"start":{},"end":{}}],"line":185},"24":{"loc":{"start":{"line":205,"column":7},"end":{"line":223,"column":7}},"type":"binary-expr","locations":[{"start":{"line":205,"column":7},"end":{"line":205,"column":14}},{"start":{"line":206,"column":8},"end":{"line":222,"column":14}}],"line":205},"25":{"loc":{"start":{"line":236,"column":24},"end":{"line":236,"column":66}},"type":"cond-expr","locations":[{"start":{"line":236,"column":44},"end":{"line":236,"column":54}},{"start":{"line":236,"column":57},"end":{"line":236,"column":66}}],"line":236},"26":{"loc":{"start":{"line":274,"column":13},"end":{"line":274,"column":73}},"type":"cond-expr","locations":[{"start":{"line":274,"column":27},"end":{"line":274,"column":35}},{"start":{"line":274,"column":38},"end":{"line":274,"column":73}}],"line":274}},"s":{"0":0,"1":0,"2":0,"3":0,"4":0,"5":0,"6":0,"7":0,"8":0,"9":0,"10":0,"11":0,"12":0,"13":0,"14":0,"15":0,"16":0,"17":0,"18":0,"19":0,"20":0,"21":0,"22":0,"23":0,"24":0,"25":0,"26":0,"27":0,"28":0,"29":0,"30":0,"31":0,"32":0,"33":0,"34":0,"35":0,"36":0,"37":0,"38":0,"39":0,"40":0,"41":0,"42":0,"43":0,"44":0,"45":0,"46":0,"47":0,"48":0,"49":0,"50":0,"51":0,"52":0,"53":0,"54":0,"55":0,"56":0,"57":0,"58":0,"59":0,"60":0,"61":0},"f":{"0":0,"1":0,"2":0,"3":0,"4":0,"5":0,"6":0,"7":0,"8":0,"9":0,"10":0,"11":0,"12":0,"13":0,"14":0,"15":0,"16":0,"17":0},"b":{"0":[0,0],"1":[0,0],"2":[0,0],"3":[0,0],"4":[0,0],"5":[0,0],"6":[0],"7":[0],"8":[0],"9":[0],"10":[0],"11":[0,0],"12":[0,0],"13":[0,0],"14":[0,0],"15":[0,0],"16":[0,0,0,0],"17":[0,0],"18":[0,0],"19":[0,0,0],"20":[0,0],"21":[0,0],"22":[0,0,0],"23":[0,0],"24":[0,0],"25":[0,0],"26":[0,0]}}
,"/Users/ashishpratapsingh/Documents/source/enterprise-test-case-management/frontend/src/components/common/Layout.tsx": {"path":"/Users/ashishpratapsingh/Documents/source/enterprise-test-case-management/frontend/src/components/common/Layout.tsx","statementMap":{"0":{"start":{"line":42,"column":21},"end":{"line":42,"column":24}},"1":{"start":{"line":51,"column":25},"end":{"line":262,"column":1}},"2":{"start":{"line":52,"column":38},"end":{"line":52,"column":52}},"3":{"start":{"line":53,"column":34},"end":{"line":53,"column":68}},"4":{"start":{"line":54,"column":19},"end":{"line":54,"column":32}},"5":{"start":{"line":55,"column":19},"end":{"line":55,"column":32}},"6":{"start":{"line":56,"column":27},"end":{"line":56,"column":36}},"7":{"start":{"line":58,"column":30},"end":{"line":79,"column":3}},"8":{"start":{"line":81,"column":23},"end":{"line":85,"column":3}},"9":{"start":{"line":82,"column":4},"end":{"line":82,"column":22}},"10":{"start":{"line":83,"column":4},"end":{"line":83,"column":19}},"11":{"start":{"line":84,"column":4},"end":{"line":84,"column":23}},"12":{"start":{"line":87,"column":19},"end":{"line":90,"column":3}},"13":{"start":{"line":88,"column":4},"end":{"line":88,"column":55}},"14":{"start":{"line":88,"column":22},"end":{"line":88,"column":55}},"15":{"start":{"line":89,"column":4},"end":{"line":89,"column":46}},"16":{"start":{"line":92,"column":2},"end":{"line":261,"column":4}},"17":{"start":{"line":100,"column":29},"end":{"line":100,"column":52}},"18":{"start":{"line":104,"column":12},"end":{"line":107,"column":14}},"19":{"start":{"line":116,"column":27},"end":{"line":116,"column":53}},"20":{"start":{"line":134,"column":60},"end":{"line":134,"column":88}},"21":{"start":{"line":151,"column":31},"end":{"line":151,"column":48}},"22":{"start":{"line":194,"column":32},"end":{"line":194,"column":44}},"23":{"start":{"line":196,"column":16},"end":{"line":227,"column":27}},"24":{"start":{"line":199,"column":35},"end":{"line":199,"column":54}},"25":{"start":{"line":249,"column":12},"end":{"line":252,"column":14}}},"fnMap":{"0":{"name":"(anonymous_0)","decl":{"start":{"line":51,"column":25},"end":{"line":51,"column":26}},"loc":{"start":{"line":51,"column":31},"end":{"line":262,"column":1}},"line":51},"1":{"name":"(anonymous_1)","decl":{"start":{"line":81,"column":23},"end":{"line":81,"column":24}},"loc":{"start":{"line":81,"column":35},"end":{"line":85,"column":3}},"line":81},"2":{"name":"(anonymous_2)","decl":{"start":{"line":87,"column":19},"end":{"line":87,"column":20}},"loc":{"start":{"line":87,"column":37},"end":{"line":90,"column":3}},"line":87},"3":{"name":"(anonymous_3)","decl":{"start":{"line":100,"column":18},"end":{"line":100,"column":19}},"loc":{"start":{"line":100,"column":29},"end":{"line":100,"column":52}},"line":100},"4":{"name":"(anonymous_4)","decl":{"start":{"line":103,"column":22},"end":{"line":103,"column":23}},"loc":{"start":{"line":104,"column":12},"end":{"line":107,"column":14}},"line":104},"5":{"name":"(anonymous_5)","decl":{"start":{"line":116,"column":21},"end":{"line":116,"column":22}},"loc":{"start":{"line":116,"column":27},"end":{"line":116,"column":53}},"line":116},"6":{"name":"(anonymous_6)","decl":{"start":{"line":134,"column":53},"end":{"line":134,"column":54}},"loc":{"start":{"line":134,"column":60},"end":{"line":134,"column":88}},"line":134},"7":{"name":"(anonymous_7)","decl":{"start":{"line":151,"column":25},"end":{"line":151,"column":26}},"loc":{"start":{"line":151,"column":31},"end":{"line":151,"column":48}},"line":151},"8":{"name":"(anonymous_8)","decl":{"start":{"line":194,"column":22},"end":{"line":194,"column":23}},"loc":{"start":{"line":194,"column":32},"end":{"line":194,"column":44}},"line":194},"9":{"name":"(anonymous_9)","decl":{"start":{"line":195,"column":19},"end":{"line":195,"column":20}},"loc":{"start":{"line":196,"column":16},"end":{"line":227,"column":27}},"line":196},"10":{"name":"(anonymous_10)","decl":{"start":{"line":199,"column":29},"end":{"line":199,"column":30}},"loc":{"start":{"line":199,"column":35},"end":{"line":199,"column":54}},"line":199},"11":{"name":"(anonymous_11)","decl":{"start":{"line":248,"column":22},"end":{"line":248,"column":23}},"loc":{"start":{"line":249,"column":12},"end":{"line":252,"column":14}},"line":249}},"branchMap":{"0":{"loc":{"start":{"line":71,"column":15},"end":{"line":71,"column":55}},"type":"cond-expr","locations":[{"start":{"line":71,"column":22},"end":{"line":71,"column":47}},{"start":{"line":71,"column":50},"end":{"line":71,"column":55}}],"line":71},"1":{"loc":{"start":{"line":77,"column":15},"end":{"line":77,"column":55}},"type":"cond-expr","locations":[{"start":{"line":77,"column":22},"end":{"line":77,"column":47}},{"start":{"line":77,"column":50},"end":{"line":77,"column":55}}],"line":77},"2":{"loc":{"start":{"line":88,"column":4},"end":{"line":88,"column":55}},"type":"if","locations":[{"start":{"line":88,"column":4},"end":{"line":88,"column":55}},{"start":{},"end":{}}],"line":88},"3":{"loc":{"start":{"line":101,"column":14},"end":{"line":101,"column":50}},"type":"cond-expr","locations":[{"start":{"line":101,"column":27},"end":{"line":101,"column":46}},{"start":{"line":101,"column":49},"end":{"line":101,"column":50}}],"line":101},"4":{"loc":{"start":{"line":102,"column":17},"end":{"line":102,"column":71}},"type":"cond-expr","locations":[{"start":{"line":102,"column":30},"end":{"line":102,"column":62}},{"start":{"line":102,"column":65},"end":{"line":102,"column":71}}],"line":102},"5":{"loc":{"start":{"line":119,"column":13},"end":{"line":119,"column":60}},"type":"cond-expr","locations":[{"start":{"line":119,"column":26},"end":{"line":119,"column":45}},{"start":{"line":119,"column":48},"end":{"line":119,"column":60}}],"line":119},"6":{"loc":{"start":{"line":128,"column":11},"end":{"line":171,"column":11}},"type":"binary-expr","locations":[{"start":{"line":128,"column":11},"end":{"line":128,"column":15}},{"start":{"line":129,"column":12},"end":{"line":170,"column":18}}],"line":128},"7":{"loc":{"start":{"line":131,"column":17},"end":{"line":131,"column":45}},"type":"binary-expr","locations":[{"start":{"line":131,"column":17},"end":{"line":131,"column":31}},{"start":{"line":131,"column":35},"end":{"line":131,"column":45}}],"line":131},"8":{"loc":{"start":{"line":144,"column":22},"end":{"line":144,"column":57}},"type":"binary-expr","locations":[{"start":{"line":144,"column":22},"end":{"line":144,"column":36}},{"start":{"line":144,"column":40},"end":{"line":144,"column":50}},{"start":{"line":144,"column":54},"end":{"line":144,"column":57}}],"line":144},"9":{"loc":{"start":{"line":163,"column":26},"end":{"line":163,"column":41}},"type":"binary-expr","locations":[{"start":{"line":163,"column":26},"end":{"line":163,"column":35}},{"start":{"line":163,"column":39},"end":{"line":163,"column":41}}],"line":163},"10":{"loc":{"start":{"line":163,"column":70},"end":{"line":163,"column":85}},"type":"binary-expr","locations":[{"start":{"line":163,"column":70},"end":{"line":163,"column":79}},{"start":{"line":163,"column":83},"end":{"line":163,"column":85}}],"line":163},"11":{"loc":{"start":{"line":223,"column":36},"end":{"line":223,"column":67}},"type":"cond-expr","locations":[{"start":{"line":223,"column":58},"end":{"line":223,"column":61}},{"start":{"line":223,"column":64},"end":{"line":223,"column":67}}],"line":223},"12":{"loc":{"start":{"line":246,"column":14},"end":{"line":246,"column":51}},"type":"cond-expr","locations":[{"start":{"line":246,"column":27},"end":{"line":246,"column":28}},{"start":{"line":246,"column":31},"end":{"line":246,"column":51}}],"line":246},"13":{"loc":{"start":{"line":247,"column":17},"end":{"line":247,"column":71}},"type":"cond-expr","locations":[{"start":{"line":247,"column":30},"end":{"line":247,"column":62}},{"start":{"line":247,"column":65},"end":{"line":247,"column":71}}],"line":247}},"s":{"0":0,"1":0,"2":0,"3":0,"4":0,"5":0,"6":0,"7":0,"8":0,"9":0,"10":0,"11":0,"12":0,"13":0,"14":0,"15":0,"16":0,"17":0,"18":0,"19":0,"20":0,"21":0,"22":0,"23":0,"24":0,"25":0},"f":{"0":0,"1":0,"2":0,"3":0,"4":0,"5":0,"6":0,"7":0,"8":0,"9":0,"10":0,"11":0},"b":{"0":[0,0],"1":[0,0],"2":[0,0],"3":[0,0],"4":[0,0],"5":[0,0],"6":[0,0],"7":[0,0],"8":[0,0,0],"9":[0,0],"10":[0,0],"11":[0,0],"12":[0,0],"13":[0,0]}}
,"/Users/ashishpratapsingh/Documents/source/enterprise-test-case-management/frontend/src/components/common/LoadingSpinner.tsx": {"path":"/Users/ashishpratapsingh/Documents/source/enterprise-test-case-management/frontend/src/components/common/LoadingSpinner.tsx","statementMap":{"0":{"start":{"line":10,"column":54},"end":{"line":32,"column":1}},"1":{"start":{"line":15,"column":2},"end":{"line":31,"column":4}}},"fnMap":{"0":{"name":"(anonymous_0)","decl":{"start":{"line":10,"column":54},"end":{"line":10,"column":55}},"loc":{"start":{"line":14,"column":6},"end":{"line":32,"column":1}},"line":14}},"branchMap":{"0":{"loc":{"start":{"line":11,"column":2},"end":{"line":11,"column":24}},"type":"default-arg","locations":[{"start":{"line":11,"column":12},"end":{"line":11,"column":24}}],"line":11},"1":{"loc":{"start":{"line":12,"column":2},"end":{"line":12,"column":20}},"type":"default-arg","locations":[{"start":{"line":12,"column":15},"end":{"line":12,"column":20}}],"line":12},"2":{"loc":{"start":{"line":13,"column":2},"end":{"line":13,"column":11}},"type":"default-arg","locations":[{"start":{"line":13,"column":9},"end":{"line":13,"column":11}}],"line":13},"3":{"loc":{"start":{"line":21,"column":17},"end":{"line":21,"column":43}},"type":"cond-expr","locations":[{"start":{"line":21,"column":30},"end":{"line":21,"column":37}},{"start":{"line":21,"column":40},"end":{"line":21,"column":43}}],"line":21},"4":{"loc":{"start":{"line":25,"column":7},"end":{"line":29,"column":7}},"type":"binary-expr","locations":[{"start":{"line":25,"column":7},"end":{"line":25,"column":14}},{"start":{"line":26,"column":8},"end":{"line":28,"column":21}}],"line":25}},"s":{"0":0,"1":0},"f":{"0":0},"b":{"0":[0],"1":[0],"2":[0],"3":[0,0],"4":[0,0]}}
,"/Users/ashishpratapsingh/Documents/source/enterprise-test-case-management/frontend/src/components/common/ProtectedRoute.tsx": {"path":"/Users/ashishpratapsingh/Documents/source/enterprise-test-case-management/frontend/src/components/common/ProtectedRoute.tsx","statementMap":{"0":{"start":{"line":12,"column":54},"end":{"line":29,"column":1}},"1":{"start":{"line":13,"column":50},"end":{"line":13,"column":59}},"2":{"start":{"line":14,"column":19},"end":{"line":14,"column":32}},"3":{"start":{"line":16,"column":2},"end":{"line":18,"column":3}},"4":{"start":{"line":17,"column":4},"end":{"line":17,"column":41}},"5":{"start":{"line":20,"column":2},"end":{"line":22,"column":3}},"6":{"start":{"line":21,"column":4},"end":{"line":21,"column":71}},"7":{"start":{"line":24,"column":2},"end":{"line":26,"column":3}},"8":{"start":{"line":25,"column":4},"end":{"line":25,"column":39}},"9":{"start":{"line":28,"column":2},"end":{"line":28,"column":25}}},"fnMap":{"0":{"name":"(anonymous_0)","decl":{"start":{"line":12,"column":54},"end":{"line":12,"column":55}},"loc":{"start":{"line":12,"column":79},"end":{"line":29,"column":1}},"line":12}},"branchMap":{"0":{"loc":{"start":{"line":16,"column":2},"end":{"line":18,"column":3}},"type":"if","locations":[{"start":{"line":16,"column":2},"end":{"line":18,"column":3}},{"start":{},"end":{}}],"line":16},"1":{"loc":{"start":{"line":20,"column":2},"end":{"line":22,"column":3}},"type":"if","locations":[{"start":{"line":20,"column":2},"end":{"line":22,"column":3}},{"start":{},"end":{}}],"line":20},"2":{"loc":{"start":{"line":24,"column":2},"end":{"line":26,"column":3}},"type":"if","locations":[{"start":{"line":24,"column":2},"end":{"line":26,"column":3}},{"start":{},"end":{}}],"line":24},"3":{"loc":{"start":{"line":24,"column":6},"end":{"line":24,"column":53}},"type":"binary-expr","locations":[{"start":{"line":24,"column":6},"end":{"line":24,"column":11}},{"start":{"line":24,"column":15},"end":{"line":24,"column":31}},{"start":{"line":24,"column":35},"end":{"line":24,"column":53}}],"line":24}},"s":{"0":0,"1":0,"2":0,"3":0,"4":0,"5":0,"6":0,"7":0,"8":0,"9":0},"f":{"0":0},"b":{"0":[0,0],"1":[0,0],"2":[0,0],"3":[0,0,0]}}
,"/Users/ashishpratapsingh/Documents/source/enterprise-test-case-management/frontend/src/components/executions/StepDefectDialog.tsx": {"path":"/Users/ashishpratapsingh/Documents/source/enterprise-test-case-management/frontend/src/components/executions/StepDefectDialog.tsx","statementMap":{"0":{"start":{"line":29,"column":19},"end":{"line":29,"column":56}},"1":{"start":{"line":30,"column":19},"end":{"line":30,"column":56}},"2":{"start":{"line":52,"column":58},"end":{"line":350,"column":1}},"3":{"start":{"line":62,"column":30},"end":{"line":62,"column":43}},"4":{"start":{"line":63,"column":19},"end":{"line":63,"column":28}},"5":{"start":{"line":64,"column":24},"end":{"line":64,"column":59}},"6":{"start":{"line":65,"column":30},"end":{"line":65,"column":45}},"7":{"start":{"line":68,"column":23},"end":{"line":71,"column":28}},"8":{"start":{"line":69,"column":20},"end":{"line":69,"column":76}},"9":{"start":{"line":70,"column":4},"end":{"line":70,"column":52}},"10":{"start":{"line":73,"column":29},"end":{"line":82,"column":41}},"11":{"start":{"line":74,"column":28},"end":{"line":74,"column":30}},"12":{"start":{"line":75,"column":4},"end":{"line":75,"column":68}},"13":{"start":{"line":75,"column":25},"end":{"line":75,"column":68}},"14":{"start":{"line":76,"column":4},"end":{"line":76,"column":37}},"15":{"start":{"line":77,"column":4},"end":{"line":77,"column":76}},"16":{"start":{"line":77,"column":29},"end":{"line":77,"column":76}},"17":{"start":{"line":78,"column":4},"end":{"line":78,"column":96}},"18":{"start":{"line":78,"column":38},"end":{"line":78,"column":96}},"19":{"start":{"line":79,"column":4},"end":{"line":79,"column":90}},"20":{"start":{"line":79,"column":36},"end":{"line":79,"column":90}},"21":{"start":{"line":80,"column":4},"end":{"line":80,"column":90}},"22":{"start":{"line":80,"column":34},"end":{"line":80,"column":90}},"23":{"start":{"line":81,"column":4},"end":{"line":81,"column":28}},"24":{"start":{"line":84,"column":28},"end":{"line":84,"column":50}},"25":{"start":{"line":85,"column":40},"end":{"line":85,"column":68}},"26":{"start":{"line":86,"column":34},"end":{"line":86,"column":52}},"27":{"start":{"line":87,"column":34},"end":{"line":87,"column":52}},"28":{"start":{"line":88,"column":42},"end":{"line":88,"column":54}},"29":{"start":{"line":89,"column":38},"end":{"line":89,"column":58}},"30":{"start":{"line":92,"column":28},"end":{"line":92,"column":97}},"31":{"start":{"line":95,"column":40},"end":{"line":95,"column":52}},"32":{"start":{"line":96,"column":32},"end":{"line":96,"column":51}},"33":{"start":{"line":97,"column":34},"end":{"line":97,"column":53}},"34":{"start":{"line":98,"column":36},"end":{"line":98,"column":51}},"35":{"start":{"line":100,"column":2},"end":{"line":112,"column":47}},"36":{"start":{"line":101,"column":4},"end":{"line":101,"column":22}},"37":{"start":{"line":101,"column":15},"end":{"line":101,"column":22}},"38":{"start":{"line":102,"column":4},"end":{"line":102,"column":27}},"39":{"start":{"line":103,"column":4},"end":{"line":103,"column":39}},"40":{"start":{"line":104,"column":4},"end":{"line":104,"column":26}},"41":{"start":{"line":105,"column":4},"end":{"line":105,"column":26}},"42":{"start":{"line":106,"column":4},"end":{"line":106,"column":24}},"43":{"start":{"line":107,"column":4},"end":{"line":107,"column":22}},"44":{"start":{"line":108,"column":4},"end":{"line":108,"column":22}},"45":{"start":{"line":109,"column":4},"end":{"line":109,"column":23}},"46":{"start":{"line":110,"column":4},"end":{"line":110,"column":19}},"47":{"start":{"line":111,"column":4},"end":{"line":111,"column":18}},"48":{"start":{"line":115,"column":2},"end":{"line":137,"column":19}},"49":{"start":{"line":116,"column":4},"end":{"line":116,"column":22}},"50":{"start":{"line":116,"column":15},"end":{"line":116,"column":22}},"51":{"start":{"line":117,"column":26},"end":{"line":119,"column":10}},"52":{"start":{"line":120,"column":4},"end":{"line":136,"column":9}},"53":{"start":{"line":123,"column":24},"end":{"line":123,"column":33}},"54":{"start":{"line":124,"column":80},"end":{"line":124,"column":82}},"55":{"start":{"line":125,"column":8},"end":{"line":131,"column":9}},"56":{"start":{"line":126,"column":10},"end":{"line":130,"column":14}},"57":{"start":{"line":126,"column":57},"end":{"line":130,"column":11}},"58":{"start":{"line":132,"column":8},"end":{"line":132,"column":65}},"59":{"start":{"line":135,"column":8},"end":{"line":135,"column":32}},"60":{"start":{"line":139,"column":2},"end":{"line":161,"column":42}},"61":{"start":{"line":140,"column":4},"end":{"line":140,"column":44}},"62":{"start":{"line":140,"column":37},"end":{"line":140,"column":44}},"63":{"start":{"line":141,"column":17},"end":{"line":141,"column":21}},"64":{"start":{"line":142,"column":4},"end":{"line":142,"column":23}},"65":{"start":{"line":143,"column":4},"end":{"line":157,"column":9}},"66":{"start":{"line":150,"column":8},"end":{"line":150,"column":48}},"67":{"start":{"line":150,"column":20},"end":{"line":150,"column":48}},"68":{"start":{"line":153,"column":8},"end":{"line":153,"column":35}},"69":{"start":{"line":153,"column":20},"end":{"line":153,"column":35}},"70":{"start":{"line":156,"column":8},"end":{"line":156,"column":40}},"71":{"start":{"line":156,"column":20},"end":{"line":156,"column":40}},"72":{"start":{"line":158,"column":4},"end":{"line":160,"column":6}},"73":{"start":{"line":159,"column":6},"end":{"line":159,"column":21}},"74":{"start":{"line":163,"column":20},"end":{"line":165,"column":27}},"75":{"start":{"line":167,"column":23},"end":{"line":198,"column":3}},"76":{"start":{"line":168,"column":4},"end":{"line":168,"column":27}},"77":{"start":{"line":168,"column":20},"end":{"line":168,"column":27}},"78":{"start":{"line":169,"column":4},"end":{"line":169,"column":20}},"79":{"start":{"line":170,"column":4},"end":{"line":197,"column":5}},"80":{"start":{"line":171,"column":6},"end":{"line":188,"column":7}},"81":{"start":{"line":172,"column":45},"end":{"line":178,"column":9}},"82":{"start":{"line":179,"column":8},"end":{"line":179,"column":57}},"83":{"start":{"line":179,"column":24},"end":{"line":179,"column":57}},"84":{"start":{"line":180,"column":8},"end":{"line":180,"column":78}},"85":{"start":{"line":180,"column":33},"end":{"line":180,"column":78}},"86":{"start":{"line":181,"column":8},"end":{"line":181,"column":82}},"87":{"start":{"line":182,"column":8},"end":{"line":182,"column":83}},"88":{"start":{"line":184,"column":8},"end":{"line":186,"column":11}},"89":{"start":{"line":187,"column":8},"end":{"line":187,"column":97}},"90":{"start":{"line":189,"column":6},"end":{"line":189,"column":16}},"91":{"start":{"line":190,"column":6},"end":{"line":190,"column":16}},"92":{"start":{"line":192,"column":6},"end":{"line":194,"column":9}},"93":{"start":{"line":196,"column":6},"end":{"line":196,"column":23}},"94":{"start":{"line":200,"column":2},"end":{"line":349,"column":4}},"95":{"start":{"line":208,"column":28},"end":{"line":208,"column":37}},"96":{"start":{"line":226,"column":31},"end":{"line":226,"column":55}},"97":{"start":{"line":234,"column":31},"end":{"line":234,"column":61}},"98":{"start":{"line":244,"column":33},"end":{"line":244,"column":60}},"99":{"start":{"line":247,"column":39},"end":{"line":247,"column":81}},"100":{"start":{"line":253,"column":33},"end":{"line":253,"column":60}},"101":{"start":{"line":256,"column":39},"end":{"line":256,"column":81}},"102":{"start":{"line":264,"column":33},"end":{"line":264,"column":62}},"103":{"start":{"line":269,"column":18},"end":{"line":271,"column":29}},"104":{"start":{"line":279,"column":31},"end":{"line":279,"column":62}},"105":{"start":{"line":291,"column":34},"end":{"line":291,"column":48}},"106":{"start":{"line":293,"column":39},"end":{"line":293,"column":56}},"107":{"start":{"line":296,"column":16},"end":{"line":296,"column":66}},"108":{"start":{"line":299,"column":16},"end":{"line":310,"column":21}},"109":{"start":{"line":313,"column":16},"end":{"line":326,"column":18}}},"fnMap":{"0":{"name":"(anonymous_0)","decl":{"start":{"line":52,"column":58},"end":{"line":52,"column":59}},"loc":{"start":{"line":61,"column":6},"end":{"line":350,"column":1}},"line":61},"1":{"name":"(anonymous_1)","decl":{"start":{"line":68,"column":31},"end":{"line":68,"column":32}},"loc":{"start":{"line":68,"column":37},"end":{"line":71,"column":3}},"line":68},"2":{"name":"(anonymous_2)","decl":{"start":{"line":73,"column":37},"end":{"line":73,"column":38}},"loc":{"start":{"line":73,"column":43},"end":{"line":82,"column":3}},"line":73},"3":{"name":"(anonymous_3)","decl":{"start":{"line":100,"column":12},"end":{"line":100,"column":13}},"loc":{"start":{"line":100,"column":18},"end":{"line":112,"column":3}},"line":100},"4":{"name":"(anonymous_4)","decl":{"start":{"line":115,"column":12},"end":{"line":115,"column":13}},"loc":{"start":{"line":115,"column":18},"end":{"line":137,"column":3}},"line":115},"5":{"name":"(anonymous_5)","decl":{"start":{"line":122,"column":12},"end":{"line":122,"column":13}},"loc":{"start":{"line":122,"column":26},"end":{"line":133,"column":7}},"line":122},"6":{"name":"(anonymous_6)","decl":{"start":{"line":126,"column":44},"end":{"line":126,"column":45}},"loc":{"start":{"line":126,"column":57},"end":{"line":130,"column":11}},"line":126},"7":{"name":"(anonymous_7)","decl":{"start":{"line":134,"column":13},"end":{"line":134,"column":14}},"loc":{"start":{"line":134,"column":19},"end":{"line":136,"column":7}},"line":134},"8":{"name":"(anonymous_8)","decl":{"start":{"line":139,"column":12},"end":{"line":139,"column":13}},"loc":{"start":{"line":139,"column":18},"end":{"line":161,"column":3}},"line":139},"9":{"name":"(anonymous_9)","decl":{"start":{"line":149,"column":12},"end":{"line":149,"column":13}},"loc":{"start":{"line":149,"column":21},"end":{"line":151,"column":7}},"line":149},"10":{"name":"(anonymous_10)","decl":{"start":{"line":152,"column":13},"end":{"line":152,"column":14}},"loc":{"start":{"line":152,"column":19},"end":{"line":154,"column":7}},"line":152},"11":{"name":"(anonymous_11)","decl":{"start":{"line":155,"column":15},"end":{"line":155,"column":16}},"loc":{"start":{"line":155,"column":21},"end":{"line":157,"column":7}},"line":155},"12":{"name":"(anonymous_12)","decl":{"start":{"line":158,"column":11},"end":{"line":158,"column":12}},"loc":{"start":{"line":158,"column":17},"end":{"line":160,"column":5}},"line":158},"13":{"name":"(anonymous_13)","decl":{"start":{"line":167,"column":23},"end":{"line":167,"column":24}},"loc":{"start":{"line":167,"column":35},"end":{"line":198,"column":3}},"line":167},"14":{"name":"(anonymous_14)","decl":{"start":{"line":208,"column":18},"end":{"line":208,"column":19}},"loc":{"start":{"line":208,"column":28},"end":{"line":208,"column":37}},"line":208},"15":{"name":"(anonymous_15)","decl":{"start":{"line":226,"column":24},"end":{"line":226,"column":25}},"loc":{"start":{"line":226,"column":31},"end":{"line":226,"column":55}},"line":226},"16":{"name":"(anonymous_16)","decl":{"start":{"line":234,"column":24},"end":{"line":234,"column":25}},"loc":{"start":{"line":234,"column":31},"end":{"line":234,"column":61}},"line":234},"17":{"name":"(anonymous_17)","decl":{"start":{"line":244,"column":26},"end":{"line":244,"column":27}},"loc":{"start":{"line":244,"column":33},"end":{"line":244,"column":60}},"line":244},"18":{"name":"(anonymous_18)","decl":{"start":{"line":247,"column":32},"end":{"line":247,"column":33}},"loc":{"start":{"line":247,"column":39},"end":{"line":247,"column":81}},"line":247},"19":{"name":"(anonymous_19)","decl":{"start":{"line":253,"column":26},"end":{"line":253,"column":27}},"loc":{"start":{"line":253,"column":33},"end":{"line":253,"column":60}},"line":253},"20":{"name":"(anonymous_20)","decl":{"start":{"line":256,"column":32},"end":{"line":256,"column":33}},"loc":{"start":{"line":256,"column":39},"end":{"line":256,"column":81}},"line":256},"21":{"name":"(anonymous_21)","decl":{"start":{"line":264,"column":26},"end":{"line":264,"column":27}},"loc":{"start":{"line":264,"column":33},"end":{"line":264,"column":62}},"line":264},"22":{"name":"(anonymous_22)","decl":{"start":{"line":268,"column":27},"end":{"line":268,"column":28}},"loc":{"start":{"line":269,"column":18},"end":{"line":271,"column":29}},"line":269},"23":{"name":"(anonymous_23)","decl":{"start":{"line":279,"column":24},"end":{"line":279,"column":25}},"loc":{"start":{"line":279,"column":31},"end":{"line":279,"column":62}},"line":279},"24":{"name":"(anonymous_24)","decl":{"start":{"line":291,"column":24},"end":{"line":291,"column":25}},"loc":{"start":{"line":291,"column":34},"end":{"line":291,"column":48}},"line":291},"25":{"name":"(anonymous_25)","decl":{"start":{"line":293,"column":29},"end":{"line":293,"column":30}},"loc":{"start":{"line":293,"column":39},"end":{"line":293,"column":56}},"line":293},"26":{"name":"(anonymous_26)","decl":{"start":{"line":295,"column":30},"end":{"line":295,"column":31}},"loc":{"start":{"line":296,"column":16},"end":{"line":296,"column":66}},"line":296},"27":{"name":"(anonymous_27)","decl":{"start":{"line":298,"column":28},"end":{"line":298,"column":29}},"loc":{"start":{"line":299,"column":16},"end":{"line":310,"column":21}},"line":299},"28":{"name":"(anonymous_28)","decl":{"start":{"line":312,"column":27},"end":{"line":312,"column":28}},"loc":{"start":{"line":313,"column":16},"end":{"line":326,"column":18}},"line":313}},"branchMap":{"0":{"loc":{"start":{"line":69,"column":20},"end":{"line":69,"column":76}},"type":"binary-expr","locations":[{"start":{"line":69,"column":20},"end":{"line":69,"column":42}},{"start":{"line":69,"column":46},"end":{"line":69,"column":61}},{"start":{"line":69,"column":65},"end":{"line":69,"column":76}}],"line":69},"1":{"loc":{"start":{"line":75,"column":4},"end":{"line":75,"column":68}},"type":"if","locations":[{"start":{"line":75,"column":4},"end":{"line":75,"column":68}},{"start":{},"end":{}}],"line":75},"2":{"loc":{"start":{"line":77,"column":4},"end":{"line":77,"column":76}},"type":"if","locations":[{"start":{"line":77,"column":4},"end":{"line":77,"column":76}},{"start":{},"end":{}}],"line":77},"3":{"loc":{"start":{"line":78,"column":4},"end":{"line":78,"column":96}},"type":"if","locations":[{"start":{"line":78,"column":4},"end":{"line":78,"column":96}},{"start":{},"end":{}}],"line":78},"4":{"loc":{"start":{"line":79,"column":4},"end":{"line":79,"column":90}},"type":"if","locations":[{"start":{"line":79,"column":4},"end":{"line":79,"column":90}},{"start":{},"end":{}}],"line":79},"5":{"loc":{"start":{"line":80,"column":4},"end":{"line":80,"column":90}},"type":"if","locations":[{"start":{"line":80,"column":4},"end":{"line":80,"column":90}},{"start":{},"end":{}}],"line":80},"6":{"loc":{"start":{"line":101,"column":4},"end":{"line":101,"column":22}},"type":"if","locations":[{"start":{"line":101,"column":4},"end":{"line":101,"column":22}},{"start":{},"end":{}}],"line":101},"7":{"loc":{"start":{"line":116,"column":4},"end":{"line":116,"column":22}},"type":"if","locations":[{"start":{"line":116,"column":4},"end":{"line":116,"column":22}},{"start":{},"end":{}}],"line":116},"8":{"loc":{"start":{"line":117,"column":26},"end":{"line":119,"column":10}},"type":"cond-expr","locations":[{"start":{"line":118,"column":8},"end":{"line":118,"column":93}},{"start":{"line":119,"column":8},"end":{"line":119,"column":10}}],"line":117},"9":{"loc":{"start":{"line":118,"column":43},"end":{"line":118,"column":71}},"type":"binary-expr","locations":[{"start":{"line":118,"column":43},"end":{"line":118,"column":57}},{"start":{"line":118,"column":61},"end":{"line":118,"column":71}}],"line":118},"10":{"loc":{"start":{"line":125,"column":8},"end":{"line":131,"column":9}},"type":"if","locations":[{"start":{"line":125,"column":8},"end":{"line":131,"column":9}},{"start":{},"end":{}}],"line":125},"11":{"loc":{"start":{"line":126,"column":22},"end":{"line":126,"column":38}},"type":"binary-expr","locations":[{"start":{"line":126,"column":22},"end":{"line":126,"column":32}},{"start":{"line":126,"column":36},"end":{"line":126,"column":38}}],"line":126},"12":{"loc":{"start":{"line":132,"column":17},"end":{"line":132,"column":63}},"type":"cond-expr","locations":[{"start":{"line":132,"column":39},"end":{"line":132,"column":47}},{"start":{"line":132,"column":50},"end":{"line":132,"column":63}}],"line":132},"13":{"loc":{"start":{"line":140,"column":4},"end":{"line":140,"column":44}},"type":"if","locations":[{"start":{"line":140,"column":4},"end":{"line":140,"column":44}},{"start":{},"end":{}}],"line":140},"14":{"loc":{"start":{"line":140,"column":8},"end":{"line":140,"column":35}},"type":"binary-expr","locations":[{"start":{"line":140,"column":8},"end":{"line":140,"column":26}},{"start":{"line":140,"column":30},"end":{"line":140,"column":35}}],"line":140},"15":{"loc":{"start":{"line":146,"column":20},"end":{"line":146,"column":42}},"type":"binary-expr","locations":[{"start":{"line":146,"column":20},"end":{"line":146,"column":29}},{"start":{"line":146,"column":33},"end":{"line":146,"column":42}}],"line":146},"16":{"loc":{"start":{"line":147,"column":16},"end":{"line":147,"column":40}},"type":"binary-expr","locations":[{"start":{"line":147,"column":16},"end":{"line":147,"column":27}},{"start":{"line":147,"column":31},"end":{"line":147,"column":40}}],"line":147},"17":{"loc":{"start":{"line":150,"column":8},"end":{"line":150,"column":48}},"type":"if","locations":[{"start":{"line":150,"column":8},"end":{"line":150,"column":48}},{"start":{},"end":{}}],"line":150},"18":{"loc":{"start":{"line":150,"column":31},"end":{"line":150,"column":46}},"type":"binary-expr","locations":[{"start":{"line":150,"column":31},"end":{"line":150,"column":40}},{"start":{"line":150,"column":44},"end":{"line":150,"column":46}}],"line":150},"19":{"loc":{"start":{"line":153,"column":8},"end":{"line":153,"column":35}},"type":"if","locations":[{"start":{"line":153,"column":8},"end":{"line":153,"column":35}},{"start":{},"end":{}}],"line":153},"20":{"loc":{"start":{"line":156,"column":8},"end":{"line":156,"column":40}},"type":"if","locations":[{"start":{"line":156,"column":8},"end":{"line":156,"column":40}},{"start":{},"end":{}}],"line":156},"21":{"loc":{"start":{"line":163,"column":20},"end":{"line":165,"column":27}},"type":"cond-expr","locations":[{"start":{"line":164,"column":6},"end":{"line":164,"column":40}},{"start":{"line":165,"column":6},"end":{"line":165,"column":27}}],"line":163},"22":{"loc":{"start":{"line":164,"column":14},"end":{"line":164,"column":39}},"type":"binary-expr","locations":[{"start":{"line":164,"column":14},"end":{"line":164,"column":26}},{"start":{"line":164,"column":30},"end":{"line":164,"column":39}}],"line":164},"23":{"loc":{"start":{"line":168,"column":4},"end":{"line":168,"column":27}},"type":"if","locations":[{"start":{"line":168,"column":4},"end":{"line":168,"column":27}},{"start":{},"end":{}}],"line":168},"24":{"loc":{"start":{"line":171,"column":6},"end":{"line":188,"column":7}},"type":"if","locations":[{"start":{"line":171,"column":6},"end":{"line":188,"column":7}},{"start":{"line":183,"column":13},"end":{"line":188,"column":7}}],"line":171},"25":{"loc":{"start":{"line":179,"column":8},"end":{"line":179,"column":57}},"type":"if","locations":[{"start":{"line":179,"column":8},"end":{"line":179,"column":57}},{"start":{},"end":{}}],"line":179},"26":{"loc":{"start":{"line":180,"column":8},"end":{"line":180,"column":78}},"type":"if","locations":[{"start":{"line":180,"column":8},"end":{"line":180,"column":78}},{"start":{},"end":{}}],"line":180},"27":{"loc":{"start":{"line":187,"column":34},"end":{"line":187,"column":61}},"type":"binary-expr","locations":[{"start":{"line":187,"column":34},"end":{"line":187,"column":52}},{"start":{"line":187,"column":56},"end":{"line":187,"column":61}}],"line":187},"28":{"loc":{"start":{"line":192,"column":22},"end":{"line":192,"column":75}},"type":"binary-expr","locations":[{"start":{"line":192,"column":22},"end":{"line":192,"column":49}},{"start":{"line":192,"column":53},"end":{"line":192,"column":75}}],"line":192},"29":{"loc":{"start":{"line":216,"column":9},"end":{"line":284,"column":9}},"type":"binary-expr","locations":[{"start":{"line":216,"column":9},"end":{"line":216,"column":22}},{"start":{"line":217,"column":10},"end":{"line":283,"column":16}}],"line":216},"30":{"loc":{"start":{"line":218,"column":13},"end":{"line":222,"column":13}},"type":"binary-expr","locations":[{"start":{"line":218,"column":13},"end":{"line":218,"column":23}},{"start":{"line":219,"column":14},"end":{"line":221,"column":22}}],"line":218},"31":{"loc":{"start":{"line":270,"column":21},"end":{"line":270,"column":43}},"type":"binary-expr","locations":[{"start":{"line":270,"column":21},"end":{"line":270,"column":32}},{"start":{"line":270,"column":36},"end":{"line":270,"column":43}}],"line":270},"32":{"loc":{"start":{"line":286,"column":9},"end":{"line":335,"column":9}},"type":"binary-expr","locations":[{"start":{"line":286,"column":9},"end":{"line":286,"column":27}},{"start":{"line":287,"column":10},"end":{"line":334,"column":16}}],"line":286},"33":{"loc":{"start":{"line":296,"column":16},"end":{"line":296,"column":66}},"type":"cond-expr","locations":[{"start":{"line":296,"column":20},"end":{"line":296,"column":61}},{"start":{"line":296,"column":64},"end":{"line":296,"column":66}}],"line":296},"34":{"loc":{"start":{"line":296,"column":23},"end":{"line":296,"column":40}},"type":"binary-expr","locations":[{"start":{"line":296,"column":23},"end":{"line":296,"column":34}},{"start":{"line":296,"column":38},"end":{"line":296,"column":40}}],"line":296},"35":{"loc":{"start":{"line":296,"column":46},"end":{"line":296,"column":59}},"type":"binary-expr","locations":[{"start":{"line":296,"column":46},"end":{"line":296,"column":53}},{"start":{"line":296,"column":57},"end":{"line":296,"column":59}}],"line":296},"36":{"loc":{"start":{"line":321,"column":25},"end":{"line":321,"column":74}},"type":"cond-expr","locations":[{"start":{"line":321,"column":37},"end":{"line":321,"column":67}},{"start":{"line":321,"column":70},"end":{"line":321,"column":74}}],"line":321},"37":{"loc":{"start":{"line":329,"column":13},"end":{"line":333,"column":13}},"type":"binary-expr","locations":[{"start":{"line":329,"column":13},"end":{"line":329,"column":23}},{"start":{"line":330,"column":14},"end":{"line":332,"column":27}}],"line":329},"38":{"loc":{"start":{"line":342,"column":20},"end":{"line":342,"column":40}},"type":"binary-expr","locations":[{"start":{"line":342,"column":20},"end":{"line":342,"column":26}},{"start":{"line":342,"column":30},"end":{"line":342,"column":40}}],"line":342},"39":{"loc":{"start":{"line":343,"column":21},"end":{"line":343,"column":65}},"type":"cond-expr","locations":[{"start":{"line":343,"column":37},"end":{"line":343,"column":50}},{"start":{"line":343,"column":53},"end":{"line":343,"column":65}}],"line":343},"40":{"loc":{"start":{"line":345,"column":11},"end":{"line":345,"column":80}},"type":"cond-expr","locations":[{"start":{"line":345,"column":20},"end":{"line":345,"column":31}},{"start":{"line":345,"column":34},"end":{"line":345,"column":80}}],"line":345},"41":{"loc":{"start":{"line":345,"column":34},"end":{"line":345,"column":80}},"type":"cond-expr","locations":[{"start":{"line":345,"column":50},"end":{"line":345,"column":67}},{"start":{"line":345,"column":70},"end":{"line":345,"column":80}}],"line":345}},"s":{"0":0,"1":0,"2":0,"3":0,"4":0,"5":0,"6":0,"7":0,"8":0,"9":0,"10":0,"11":0,"12":0,"13":0,"14":0,"15":0,"16":0,"17":0,"18":0,"19":0,"20":0,"21":0,"22":0,"23":0,"24":0,"25":0,"26":0,"27":0,"28":0,"29":0,"30":0,"31":0,"32":0,"33":0,"34":0,"35":0,"36":0,"37":0,"38":0,"39":0,"40":0,"41":0,"42":0,"43":0,"44":0,"45":0,"46":0,"47":0,"48":0,"49":0,"50":0,"51":0,"52":0,"53":0,"54":0,"55":0,"56":0,"57":0,"58":0,"59":0,"60":0,"61":0,"62":0,"63":0,"64":0,"65":0,"66":0,"67":0,"68":0,"69":0,"70":0,"71":0,"72":0,"73":0,"74":0,"75":0,"76":0,"77":0,"78":0,"79":0,"80":0,"81":0,"82":0,"83":0,"84":0,"85":0,"86":0,"87":0,"88":0,"89":0,"90":0,"91":0,"92":0,"93":0,"94":0,"95":0,"96":0,"97":0,"98":0,"99":0,"100":0,"101":0,"102":0,"103":0,"104":0,"105":0,"106":0,"107":0,"108":0,"109":0},"f":{"0":0,"1":0,"2":0,"3":0,"4":0,"5":0,"6":0,"7":0,"8":0,"9":0,"10":0,"11":0,"12":0,"13":0,"14":0,"15":0,"16":0,"17":0,"18":0,"19":0,"20":0,"21":0,"22":0,"23":0,"24":0,"25":0,"26":0,"27":0,"28":0},"b":{"0":[0,0,0],"1":[0,0],"2":[0,0],"3":[0,0],"4":[0,0],"5":[0,0],"6":[0,0],"7":[0,0],"8":[0,0],"9":[0,0],"10":[0,0],"11":[0,0],"12":[0,0],"13":[0,0],"14":[0,0],"15":[0,0],"16":[0,0],"17":[0,0],"18":[0,0],"19":[0,0],"20":[0,0],"21":[0,0],"22":[0,0],"23":[0,0],"24":[0,0],"25":[0,0],"26":[0,0],"27":[0,0],"28":[0,0],"29":[0,0],"30":[0,0],"31":[0,0],"32":[0,0],"33":[0,0],"34":[0,0],"35":[0,0],"36":[0,0],"37":[0,0],"38":[0,0],"39":[0,0],"40":[0,0],"41":[0,0]}}
,"/Users/ashishpratapsingh/Documents/source/enterprise-test-case-management/frontend/src/contexts/ProjectContext.tsx": {"path":"/Users/ashishpratapsingh/Documents/source/enterprise-test-case-management/frontend/src/contexts/ProjectContext.tsx","statementMap":{"0":{"start":{"line":22,"column":23},"end":{"line":26,"column":2}},"1":{"start":{"line":28,"column":27},"end":{"line":28,"column":59}},"2":{"start":{"line":28,"column":33},"end":{"line":28,"column":59}},"3":{"start":{"line":30,"column":72},"end":{"line":59,"column":1}},"4":{"start":{"line":31,"column":34},"end":{"line":31,"column":63}},"5":{"start":{"line":32,"column":32},"end":{"line":32,"column":46}},"6":{"start":{"line":34,"column":26},"end":{"line":48,"column":8}},"7":{"start":{"line":35,"column":4},"end":{"line":47,"column":5}},"8":{"start":{"line":36,"column":18},"end":{"line":36,"column":64}},"9":{"start":{"line":37,"column":22},"end":{"line":37,"column":40}},"10":{"start":{"line":38,"column":6},"end":{"line":42,"column":7}},"11":{"start":{"line":39,"column":8},"end":{"line":39,"column":38}},"12":{"start":{"line":41,"column":8},"end":{"line":41,"column":24}},"13":{"start":{"line":46,"column":6},"end":{"line":46,"column":24}},"14":{"start":{"line":50,"column":2},"end":{"line":52,"column":24}},"15":{"start":{"line":51,"column":4},"end":{"line":51,"column":22}},"16":{"start":{"line":54,"column":2},"end":{"line":58,"column":4}}},"fnMap":{"0":{"name":"(anonymous_0)","decl":{"start":{"line":25,"column":19},"end":{"line":25,"column":20}},"loc":{"start":{"line":25,"column":31},"end":{"line":25,"column":33}},"line":25},"1":{"name":"(anonymous_1)","decl":{"start":{"line":28,"column":27},"end":{"line":28,"column":28}},"loc":{"start":{"line":28,"column":33},"end":{"line":28,"column":59}},"line":28},"2":{"name":"(anonymous_2)","decl":{"start":{"line":30,"column":72},"end":{"line":30,"column":73}},"loc":{"start":{"line":30,"column":90},"end":{"line":59,"column":1}},"line":30},"3":{"name":"(anonymous_3)","decl":{"start":{"line":34,"column":38},"end":{"line":34,"column":39}},"loc":{"start":{"line":34,"column":50},"end":{"line":48,"column":3}},"line":34},"4":{"name":"(anonymous_4)","decl":{"start":{"line":50,"column":12},"end":{"line":50,"column":13}},"loc":{"start":{"line":50,"column":18},"end":{"line":52,"column":3}},"line":50}},"branchMap":{"0":{"loc":{"start":{"line":38,"column":6},"end":{"line":42,"column":7}},"type":"if","locations":[{"start":{"line":38,"column":6},"end":{"line":42,"column":7}},{"start":{"line":40,"column":13},"end":{"line":42,"column":7}}],"line":38},"1":{"loc":{"start":{"line":39,"column":20},"end":{"line":39,"column":36}},"type":"binary-expr","locations":[{"start":{"line":39,"column":20},"end":{"line":39,"column":30}},{"start":{"line":39,"column":34},"end":{"line":39,"column":36}}],"line":39}},"s":{"0":0,"1":0,"2":0,"3":0,"4":0,"5":0,"6":0,"7":0,"8":0,"9":0,"10":0,"11":0,"12":0,"13":0,"14":0,"15":0,"16":0},"f":{"0":0,"1":0,"2":0,"3":0,"4":0},"b":{"0":[0,0],"1":[0,0]}}
,"/Users/ashishpratapsingh/Documents/source/enterprise-test-case-management/frontend/src/hooks/useAuth.ts": {"path":"/Users/ashishpratapsingh/Documents/source/enterprise-test-case-management/frontend/src/hooks/useAuth.ts","statementMap":{"0":{"start":{"line":15,"column":27},"end":{"line":23,"column":2}},"1":{"start":{"line":21,"column":17},"end":{"line":21,"column":22}},"2":{"start":{"line":26,"column":26},"end":{"line":26,"column":75}},"3":{"start":{"line":27,"column":36},"end":{"line":27,"column":50}},"4":{"start":{"line":29,"column":26},"end":{"line":29,"column":88}},"5":{"start":{"line":29,"column":40},"end":{"line":29,"column":79}},"6":{"start":{"line":31,"column":2},"end":{"line":47,"column":9}},"7":{"start":{"line":35,"column":4},"end":{"line":38,"column":5}},"8":{"start":{"line":36,"column":6},"end":{"line":36,"column":26}},"9":{"start":{"line":37,"column":6},"end":{"line":37,"column":13}},"10":{"start":{"line":39,"column":4},"end":{"line":39,"column":41}},"11":{"start":{"line":40,"column":4},"end":{"line":46,"column":42}},"12":{"start":{"line":42,"column":23},"end":{"line":42,"column":37}},"13":{"start":{"line":46,"column":21},"end":{"line":46,"column":40}},"14":{"start":{"line":49,"column":16},"end":{"line":52,"column":8}},"15":{"start":{"line":50,"column":35},"end":{"line":50,"column":71}},"16":{"start":{"line":51,"column":4},"end":{"line":51,"column":26}},"17":{"start":{"line":54,"column":17},"end":{"line":57,"column":8}},"18":{"start":{"line":55,"column":4},"end":{"line":55,"column":31}},"19":{"start":{"line":56,"column":4},"end":{"line":56,"column":18}},"20":{"start":{"line":59,"column":18},"end":{"line":65,"column":3}},"21":{"start":{"line":61,"column":6},"end":{"line":61,"column":30}},"22":{"start":{"line":61,"column":17},"end":{"line":61,"column":30}},"23":{"start":{"line":62,"column":6},"end":{"line":62,"column":39}},"24":{"start":{"line":67,"column":22},"end":{"line":74,"column":8}},"25":{"start":{"line":68,"column":4},"end":{"line":73,"column":5}},"26":{"start":{"line":69,"column":20},"end":{"line":69,"column":54}},"27":{"start":{"line":70,"column":6},"end":{"line":70,"column":21}},"28":{"start":{"line":72,"column":6},"end":{"line":72,"column":43}},"29":{"start":{"line":76,"column":2},"end":{"line":76,"column":83}},"30":{"start":{"line":80,"column":18},"end":{"line":80,"column":41}},"31":{"start":{"line":81,"column":2},"end":{"line":83,"column":3}},"32":{"start":{"line":82,"column":4},"end":{"line":82,"column":67}},"33":{"start":{"line":84,"column":2},"end":{"line":84,"column":17}}},"fnMap":{"0":{"name":"(anonymous_0)","decl":{"start":{"line":19,"column":9},"end":{"line":19,"column":10}},"loc":{"start":{"line":19,"column":21},"end":{"line":19,"column":23}},"line":19},"1":{"name":"(anonymous_1)","decl":{"start":{"line":20,"column":10},"end":{"line":20,"column":11}},"loc":{"start":{"line":20,"column":22},"end":{"line":20,"column":24}},"line":20},"2":{"name":"(anonymous_2)","decl":{"start":{"line":21,"column":11},"end":{"line":21,"column":12}},"loc":{"start":{"line":21,"column":17},"end":{"line":21,"column":22}},"line":21},"3":{"name":"(anonymous_3)","decl":{"start":{"line":22,"column":15},"end":{"line":22,"column":16}},"loc":{"start":{"line":22,"column":27},"end":{"line":22,"column":29}},"line":22},"4":{"name":"useAuthProvider","decl":{"start":{"line":25,"column":16},"end":{"line":25,"column":31}},"loc":{"start":{"line":25,"column":51},"end":{"line":77,"column":1}},"line":25},"5":{"name":"(anonymous_5)","decl":{"start":{"line":29,"column":34},"end":{"line":29,"column":35}},"loc":{"start":{"line":29,"column":40},"end":{"line":29,"column":79}},"line":29},"6":{"name":"(anonymous_6)","decl":{"start":{"line":31,"column":12},"end":{"line":31,"column":13}},"loc":{"start":{"line":31,"column":18},"end":{"line":47,"column":3}},"line":31},"7":{"name":"(anonymous_7)","decl":{"start":{"line":42,"column":12},"end":{"line":42,"column":13}},"loc":{"start":{"line":42,"column":23},"end":{"line":42,"column":37}},"line":42},"8":{"name":"(anonymous_8)","decl":{"start":{"line":43,"column":13},"end":{"line":43,"column":14}},"loc":{"start":{"line":43,"column":19},"end":{"line":45,"column":7}},"line":43},"9":{"name":"(anonymous_9)","decl":{"start":{"line":46,"column":15},"end":{"line":46,"column":16}},"loc":{"start":{"line":46,"column":21},"end":{"line":46,"column":40}},"line":46},"10":{"name":"(anonymous_10)","decl":{"start":{"line":49,"column":28},"end":{"line":49,"column":29}},"loc":{"start":{"line":49,"column":65},"end":{"line":52,"column":3}},"line":49},"11":{"name":"(anonymous_11)","decl":{"start":{"line":54,"column":29},"end":{"line":54,"column":30}},"loc":{"start":{"line":54,"column":41},"end":{"line":57,"column":3}},"line":54},"12":{"name":"(anonymous_12)","decl":{"start":{"line":60,"column":4},"end":{"line":60,"column":5}},"loc":{"start":{"line":60,"column":28},"end":{"line":63,"column":5}},"line":60},"13":{"name":"(anonymous_13)","decl":{"start":{"line":67,"column":34},"end":{"line":67,"column":35}},"loc":{"start":{"line":67,"column":46},"end":{"line":74,"column":3}},"line":67},"14":{"name":"useAuth","decl":{"start":{"line":79,"column":16},"end":{"line":79,"column":23}},"loc":{"start":{"line":79,"column":43},"end":{"line":85,"column":1}},"line":79}},"branchMap":{"0":{"loc":{"start":{"line":29,"column":40},"end":{"line":29,"column":79}},"type":"binary-expr","locations":[{"start":{"line":29,"column":40},"end":{"line":29,"column":46}},{"start":{"line":29,"column":50},"end":{"line":29,"column":79}}],"line":29},"1":{"loc":{"start":{"line":35,"column":4},"end":{"line":38,"column":5}},"type":"if","locations":[{"start":{"line":35,"column":4},"end":{"line":38,"column":5}},{"start":{},"end":{}}],"line":35},"2":{"loc":{"start":{"line":61,"column":6},"end":{"line":61,"column":30}},"type":"if","locations":[{"start":{"line":61,"column":6},"end":{"line":61,"column":30}},{"start":{},"end":{}}],"line":61},"3":{"loc":{"start":{"line":81,"column":2},"end":{"line":83,"column":3}},"type":"if","locations":[{"start":{"line":81,"column":2},"end":{"line":83,"column":3}},{"start":{},"end":{}}],"line":81}},"s":{"0":0,"1":0,"2":0,"3":0,"4":0,"5":0,"6":0,"7":0,"8":0,"9":0,"10":0,"11":0,"12":0,"13":0,"14":0,"15":0,"16":0,"17":0,"18":0,"19":0,"20":0,"21":0,"22":0,"23":0,"24":0,"25":0,"26":0,"27":0,"28":0,"29":0,"30":0,"31":0,"32":0,"33":0},"f":{"0":0,"1":0,"2":0,"3":0,"4":0,"5":0,"6":0,"7":0,"8":0,"9":0,"10":0,"11":0,"12":0,"13":0,"14":0},"b":{"0":[0,0],"1":[0,0],"2":[0,0],"3":[0,0]}}
,"/Users/ashishpratapsingh/Documents/source/enterprise-test-case-management/frontend/src/hooks/useAutoRefresh.ts": {"path":"/Users/ashishpratapsingh/Documents/source/enterprise-test-case-management/frontend/src/hooks/useAutoRefresh.ts","statementMap":{"0":{"start":{"line":14,"column":24},"end":{"line":14,"column":40}},"1":{"start":{"line":16,"column":2},"end":{"line":18,"column":17}},"2":{"start":{"line":17,"column":4},"end":{"line":17,"column":37}},"3":{"start":{"line":20,"column":18},"end":{"line":20,"column":38}},"4":{"start":{"line":22,"column":2},"end":{"line":25,"column":28}},"5":{"start":{"line":23,"column":15},"end":{"line":23,"column":69}},"6":{"start":{"line":23,"column":33},"end":{"line":23,"column":56}},"7":{"start":{"line":24,"column":4},"end":{"line":24,"column":35}},"8":{"start":{"line":24,"column":17},"end":{"line":24,"column":34}}},"fnMap":{"0":{"name":"useAutoRefresh","decl":{"start":{"line":9,"column":16},"end":{"line":9,"column":30}},"loc":{"start":{"line":13,"column":2},"end":{"line":26,"column":1}},"line":13},"1":{"name":"(anonymous_1)","decl":{"start":{"line":16,"column":12},"end":{"line":16,"column":13}},"loc":{"start":{"line":16,"column":18},"end":{"line":18,"column":3}},"line":16},"2":{"name":"(anonymous_2)","decl":{"start":{"line":22,"column":12},"end":{"line":22,"column":13}},"loc":{"start":{"line":22,"column":18},"end":{"line":25,"column":3}},"line":22},"3":{"name":"(anonymous_3)","decl":{"start":{"line":23,"column":27},"end":{"line":23,"column":28}},"loc":{"start":{"line":23,"column":33},"end":{"line":23,"column":56}},"line":23},"4":{"name":"(anonymous_4)","decl":{"start":{"line":24,"column":11},"end":{"line":24,"column":12}},"loc":{"start":{"line":24,"column":17},"end":{"line":24,"column":34}},"line":24}},"branchMap":{"0":{"loc":{"start":{"line":11,"column":2},"end":{"line":11,"column":22}},"type":"default-arg","locations":[{"start":{"line":11,"column":20},"end":{"line":11,"column":22}}],"line":11},"1":{"loc":{"start":{"line":12,"column":2},"end":{"line":12,"column":21}},"type":"default-arg","locations":[{"start":{"line":12,"column":15},"end":{"line":12,"column":21}}],"line":12}},"s":{"0":6,"1":6,"2":5,"3":6,"4":6,"5":5,"6":6,"7":5,"8":5},"f":{"0":6,"1":5,"2":5,"3":6,"4":5},"b":{"0":[0],"1":[0]},"_coverageSchema":"1a1c01bbd47fc00a2c39e90264f33305004495a9","hash":"ecf040ca14687d23de8fc64e0d004d5738442702"}
,"/Users/ashishpratapsingh/Documents/source/enterprise-test-case-management/frontend/src/hooks/useDefectAttachments.ts": {"path":"/Users/ashishpratapsingh/Documents/source/enterprise-test-case-management/frontend/src/hooks/useDefectAttachments.ts","statementMap":{"0":{"start":{"line":21,"column":30},"end":{"line":21,"column":43}},"1":{"start":{"line":22,"column":40},"end":{"line":22,"column":66}},"2":{"start":{"line":23,"column":42},"end":{"line":23,"column":62}},"3":{"start":{"line":24,"column":44},"end":{"line":24,"column":59}},"4":{"start":{"line":25,"column":23},"end":{"line":25,"column":60}},"5":{"start":{"line":27,"column":27},"end":{"line":30,"column":3}},"6":{"start":{"line":28,"column":4},"end":{"line":28,"column":45}},"7":{"start":{"line":28,"column":38},"end":{"line":28,"column":45}},"8":{"start":{"line":29,"column":4},"end":{"line":29,"column":63}},"9":{"start":{"line":29,"column":30},"end":{"line":29,"column":61}},"10":{"start":{"line":32,"column":28},"end":{"line":34,"column":3}},"11":{"start":{"line":33,"column":4},"end":{"line":33,"column":64}},"12":{"start":{"line":33,"column":30},"end":{"line":33,"column":62}},"13":{"start":{"line":33,"column":52},"end":{"line":33,"column":61}},"14":{"start":{"line":36,"column":29},"end":{"line":46,"column":3}},"15":{"start":{"line":37,"column":4},"end":{"line":37,"column":42}},"16":{"start":{"line":37,"column":35},"end":{"line":37,"column":42}},"17":{"start":{"line":38,"column":4},"end":{"line":44,"column":5}},"18":{"start":{"line":39,"column":6},"end":{"line":43,"column":7}},"19":{"start":{"line":40,"column":8},"end":{"line":40,"column":61}},"20":{"start":{"line":42,"column":8},"end":{"line":42,"column":80}},"21":{"start":{"line":45,"column":4},"end":{"line":45,"column":24}},"22":{"start":{"line":48,"column":27},"end":{"line":61,"column":3}},"23":{"start":{"line":49,"column":4},"end":{"line":49,"column":45}},"24":{"start":{"line":49,"column":38},"end":{"line":49,"column":45}},"25":{"start":{"line":50,"column":4},"end":{"line":50,"column":27}},"26":{"start":{"line":51,"column":4},"end":{"line":59,"column":5}},"27":{"start":{"line":52,"column":6},"end":{"line":58,"column":7}},"28":{"start":{"line":53,"column":23},"end":{"line":53,"column":75}},"29":{"start":{"line":54,"column":8},"end":{"line":54,"column":107}},"30":{"start":{"line":54,"column":33},"end":{"line":54,"column":105}},"31":{"start":{"line":55,"column":8},"end":{"line":55,"column":74}},"32":{"start":{"line":57,"column":8},"end":{"line":57,"column":80}},"33":{"start":{"line":60,"column":4},"end":{"line":60,"column":28}},"34":{"start":{"line":63,"column":33},"end":{"line":74,"column":3}},"35":{"start":{"line":64,"column":4},"end":{"line":72,"column":5}},"36":{"start":{"line":65,"column":6},"end":{"line":71,"column":7}},"37":{"start":{"line":66,"column":8},"end":{"line":66,"column":63}},"38":{"start":{"line":67,"column":8},"end":{"line":67,"column":70}},"39":{"start":{"line":69,"column":8},"end":{"line":69,"column":77}},"40":{"start":{"line":70,"column":8},"end":{"line":70,"column":15}},"41":{"start":{"line":73,"column":4},"end":{"line":73,"column":63}},"42":{"start":{"line":73,"column":29},"end":{"line":73,"column":61}},"43":{"start":{"line":73,"column":51},"end":{"line":73,"column":60}},"44":{"start":{"line":76,"column":26},"end":{"line":83,"column":3}},"45":{"start":{"line":77,"column":4},"end":{"line":82,"column":5}},"46":{"start":{"line":78,"column":19},"end":{"line":78,"column":63}},"47":{"start":{"line":79,"column":6},"end":{"line":79,"column":93}},"48":{"start":{"line":79,"column":43},"end":{"line":79,"column":89}},"49":{"start":{"line":81,"column":6},"end":{"line":81,"column":25}},"50":{"start":{"line":85,"column":27},"end":{"line":88,"column":3}},"51":{"start":{"line":86,"column":4},"end":{"line":86,"column":23}},"52":{"start":{"line":87,"column":4},"end":{"line":87,"column":24}},"53":{"start":{"line":90,"column":2},"end":{"line":104,"column":4}}},"fnMap":{"0":{"name":"useDefectAttachments","decl":{"start":{"line":20,"column":16},"end":{"line":20,"column":36}},"loc":{"start":{"line":20,"column":39},"end":{"line":105,"column":1}},"line":20},"1":{"name":"(anonymous_1)","decl":{"start":{"line":27,"column":27},"end":{"line":27,"column":28}},"loc":{"start":{"line":27,"column":55},"end":{"line":30,"column":3}},"line":27},"2":{"name":"(anonymous_2)","decl":{"start":{"line":29,"column":20},"end":{"line":29,"column":21}},"loc":{"start":{"line":29,"column":30},"end":{"line":29,"column":61}},"line":29},"3":{"name":"(anonymous_3)","decl":{"start":{"line":32,"column":28},"end":{"line":32,"column":29}},"loc":{"start":{"line":32,"column":45},"end":{"line":34,"column":3}},"line":32},"4":{"name":"(anonymous_4)","decl":{"start":{"line":33,"column":20},"end":{"line":33,"column":21}},"loc":{"start":{"line":33,"column":30},"end":{"line":33,"column":62}},"line":33},"5":{"name":"(anonymous_5)","decl":{"start":{"line":33,"column":42},"end":{"line":33,"column":43}},"loc":{"start":{"line":33,"column":52},"end":{"line":33,"column":61}},"line":33},"6":{"name":"(anonymous_6)","decl":{"start":{"line":36,"column":29},"end":{"line":36,"column":30}},"loc":{"start":{"line":36,"column":57},"end":{"line":46,"column":3}},"line":36},"7":{"name":"(anonymous_7)","decl":{"start":{"line":48,"column":27},"end":{"line":48,"column":28}},"loc":{"start":{"line":48,"column":79},"end":{"line":61,"column":3}},"line":48},"8":{"name":"(anonymous_8)","decl":{"start":{"line":54,"column":23},"end":{"line":54,"column":24}},"loc":{"start":{"line":54,"column":33},"end":{"line":54,"column":105}},"line":54},"9":{"name":"(anonymous_9)","decl":{"start":{"line":63,"column":33},"end":{"line":63,"column":34}},"loc":{"start":{"line":63,"column":91},"end":{"line":74,"column":3}},"line":63},"10":{"name":"(anonymous_10)","decl":{"start":{"line":73,"column":19},"end":{"line":73,"column":20}},"loc":{"start":{"line":73,"column":29},"end":{"line":73,"column":61}},"line":73},"11":{"name":"(anonymous_11)","decl":{"start":{"line":73,"column":41},"end":{"line":73,"column":42}},"loc":{"start":{"line":73,"column":51},"end":{"line":73,"column":60}},"line":73},"12":{"name":"(anonymous_12)","decl":{"start":{"line":76,"column":26},"end":{"line":76,"column":27}},"loc":{"start":{"line":76,"column":54},"end":{"line":83,"column":3}},"line":76},"13":{"name":"(anonymous_13)","decl":{"start":{"line":79,"column":30},"end":{"line":79,"column":31}},"loc":{"start":{"line":79,"column":43},"end":{"line":79,"column":89}},"line":79},"14":{"name":"(anonymous_14)","decl":{"start":{"line":85,"column":27},"end":{"line":85,"column":28}},"loc":{"start":{"line":85,"column":33},"end":{"line":88,"column":3}},"line":85}},"branchMap":{"0":{"loc":{"start":{"line":28,"column":4},"end":{"line":28,"column":45}},"type":"if","locations":[{"start":{"line":28,"column":4},"end":{"line":28,"column":45}},{"start":{},"end":{}}],"line":28},"1":{"loc":{"start":{"line":28,"column":8},"end":{"line":28,"column":36}},"type":"binary-expr","locations":[{"start":{"line":28,"column":8},"end":{"line":28,"column":14}},{"start":{"line":28,"column":18},"end":{"line":28,"column":36}}],"line":28},"2":{"loc":{"start":{"line":37,"column":4},"end":{"line":37,"column":42}},"type":"if","locations":[{"start":{"line":37,"column":4},"end":{"line":37,"column":42}},{"start":{},"end":{}}],"line":37},"3":{"loc":{"start":{"line":49,"column":4},"end":{"line":49,"column":45}},"type":"if","locations":[{"start":{"line":49,"column":4},"end":{"line":49,"column":45}},{"start":{},"end":{}}],"line":49},"4":{"loc":{"start":{"line":49,"column":8},"end":{"line":49,"column":36}},"type":"binary-expr","locations":[{"start":{"line":49,"column":8},"end":{"line":49,"column":14}},{"start":{"line":49,"column":18},"end":{"line":49,"column":36}}],"line":49},"5":{"loc":{"start":{"line":64,"column":4},"end":{"line":72,"column":5}},"type":"if","locations":[{"start":{"line":64,"column":4},"end":{"line":72,"column":5}},{"start":{},"end":{}}],"line":64}},"s":{"0":21,"1":21,"2":21,"3":21,"4":21,"5":21,"6":3,"7":0,"8":3,"9":3,"10":21,"11":1,"12":1,"13":2,"14":21,"15":1,"16":0,"17":1,"18":2,"19":2,"20":0,"21":1,"22":21,"23":1,"24":0,"25":1,"26":1,"27":1,"28":1,"29":1,"30":1,"31":1,"32":0,"33":1,"34":21,"35":1,"36":1,"37":1,"38":1,"39":0,"40":0,"41":1,"42":1,"43":2,"44":21,"45":2,"46":2,"47":1,"48":1,"49":1,"50":21,"51":1,"52":1,"53":21},"f":{"0":21,"1":3,"2":3,"3":1,"4":1,"5":2,"6":1,"7":1,"8":1,"9":1,"10":1,"11":2,"12":2,"13":1,"14":1},"b":{"0":[0,3],"1":[3,3],"2":[0,1],"3":[0,1],"4":[1,1],"5":[1,0]},"_coverageSchema":"1a1c01bbd47fc00a2c39e90264f33305004495a9","hash":"b197a8d8ca745a3e1da4713c7905118cc1cd2298"}
,"/Users/ashishpratapsingh/Documents/source/enterprise-test-case-management/frontend/src/pages/AuditPage.tsx": {"path":"/Users/ashishpratapsingh/Documents/source/enterprise-test-case-management/frontend/src/pages/AuditPage.tsx","statementMap":{"0":{"start":{"line":42,"column":19},"end":{"line":47,"column":1}},"1":{"start":{"line":49,"column":21},"end":{"line":53,"column":1}},"2":{"start":{"line":55,"column":16},"end":{"line":60,"column":1}},"3":{"start":{"line":62,"column":84},"end":{"line":72,"column":1}},"4":{"start":{"line":74,"column":23},"end":{"line":74,"column":78}},"5":{"start":{"line":74,"column":38},"end":{"line":74,"column":78}},"6":{"start":{"line":77,"column":2},"end":{"line":82,"column":14}},"7":{"start":{"line":81,"column":16},"end":{"line":81,"column":35}},"8":{"start":{"line":85,"column":21},"end":{"line":86,"column":66}},"9":{"start":{"line":86,"column":2},"end":{"line":86,"column":66}},"10":{"start":{"line":86,"column":50},"end":{"line":86,"column":65}},"11":{"start":{"line":88,"column":20},"end":{"line":89,"column":65}},"12":{"start":{"line":89,"column":2},"end":{"line":89,"column":65}},"13":{"start":{"line":89,"column":49},"end":{"line":89,"column":64}},"14":{"start":{"line":92,"column":28},"end":{"line":92,"column":51}},"15":{"start":{"line":96,"column":2},"end":{"line":96,"column":27}},"16":{"start":{"line":96,"column":15},"end":{"line":96,"column":27}},"17":{"start":{"line":97,"column":2},"end":{"line":97,"column":47}},"18":{"start":{"line":97,"column":32},"end":{"line":97,"column":47}},"19":{"start":{"line":98,"column":2},"end":{"line":98,"column":42}},"20":{"start":{"line":98,"column":29},"end":{"line":98,"column":42}},"21":{"start":{"line":99,"column":2},"end":{"line":99,"column":44}},"22":{"start":{"line":99,"column":29},"end":{"line":99,"column":44}},"23":{"start":{"line":100,"column":2},"end":{"line":100,"column":58}},"24":{"start":{"line":100,"column":45},"end":{"line":100,"column":58}},"25":{"start":{"line":101,"column":2},"end":{"line":104,"column":3}},"26":{"start":{"line":102,"column":4},"end":{"line":102,"column":44}},"27":{"start":{"line":102,"column":31},"end":{"line":102,"column":44}},"28":{"start":{"line":103,"column":4},"end":{"line":103,"column":49}},"29":{"start":{"line":103,"column":29},"end":{"line":103,"column":47}},"30":{"start":{"line":105,"column":13},"end":{"line":105,"column":27}},"31":{"start":{"line":106,"column":13},"end":{"line":106,"column":27}},"32":{"start":{"line":107,"column":2},"end":{"line":107,"column":44}},"33":{"start":{"line":107,"column":31},"end":{"line":107,"column":44}},"34":{"start":{"line":108,"column":2},"end":{"line":108,"column":48}},"35":{"start":{"line":108,"column":25},"end":{"line":108,"column":46}},"36":{"start":{"line":123,"column":33},"end":{"line":123,"column":35}},"37":{"start":{"line":124,"column":18},"end":{"line":127,"column":4}},"38":{"start":{"line":128,"column":2},"end":{"line":146,"column":3}},"39":{"start":{"line":129,"column":4},"end":{"line":129,"column":47}},"40":{"start":{"line":129,"column":38},"end":{"line":129,"column":47}},"41":{"start":{"line":130,"column":18},"end":{"line":130,"column":79}},"42":{"start":{"line":131,"column":18},"end":{"line":131,"column":79}},"43":{"start":{"line":132,"column":19},"end":{"line":132,"column":52}},"44":{"start":{"line":133,"column":19},"end":{"line":133,"column":52}},"45":{"start":{"line":135,"column":4},"end":{"line":145,"column":5}},"46":{"start":{"line":136,"column":6},"end":{"line":140,"column":7}},"47":{"start":{"line":137,"column":8},"end":{"line":137,"column":92}},"48":{"start":{"line":139,"column":8},"end":{"line":139,"column":91}},"49":{"start":{"line":141,"column":11},"end":{"line":145,"column":5}},"50":{"start":{"line":142,"column":6},"end":{"line":142,"column":68}},"51":{"start":{"line":143,"column":11},"end":{"line":145,"column":5}},"52":{"start":{"line":144,"column":6},"end":{"line":144,"column":70}},"53":{"start":{"line":147,"column":2},"end":{"line":147,"column":17}},"54":{"start":{"line":151,"column":2},"end":{"line":151,"column":32}},"55":{"start":{"line":151,"column":18},"end":{"line":151,"column":32}},"56":{"start":{"line":152,"column":2},"end":{"line":152,"column":34}},"57":{"start":{"line":152,"column":23},"end":{"line":152,"column":34}},"58":{"start":{"line":153,"column":2},"end":{"line":153,"column":56}},"59":{"start":{"line":153,"column":29},"end":{"line":153,"column":56}},"60":{"start":{"line":154,"column":2},"end":{"line":154,"column":58}},"61":{"start":{"line":154,"column":30},"end":{"line":154,"column":58}},"62":{"start":{"line":155,"column":2},"end":{"line":155,"column":74}},"63":{"start":{"line":155,"column":49},"end":{"line":155,"column":74}},"64":{"start":{"line":156,"column":2},"end":{"line":156,"column":19}},"65":{"start":{"line":160,"column":53},"end":{"line":273,"column":1}},"66":{"start":{"line":161,"column":18},"end":{"line":161,"column"
[...]
d":{"line":30,"column":35}},{"start":{"line":30,"column":39},"end":{"line":30,"column":54}}],"line":30},"12":{"loc":{"start":{"line":31,"column":20},"end":{"line":31,"column":59}},"type":"binary-expr","locations":[{"start":{"line":31,"column":20},"end":{"line":31,"column":38}},{"start":{"line":31,"column":42},"end":{"line":31,"column":59}}],"line":31},"13":{"loc":{"start":{"line":32,"column":11},"end":{"line":40,"column":16}},"type":"cond-expr","locations":[{"start":{"line":33,"column":8},"end":{"line":39,"column":11}},{"start":{"line":40,"column":8},"end":{"line":40,"column":16}}],"line":32},"14":{"loc":{"start":{"line":35,"column":22},"end":{"line":35,"column":51}},"type":"binary-expr","locations":[{"start":{"line":35,"column":22},"end":{"line":35,"column":35}},{"start":{"line":35,"column":39},"end":{"line":35,"column":51}}],"line":35},"15":{"loc":{"start":{"line":36,"column":26},"end":{"line":36,"column":63}},"type":"binary-expr","locations":[{"start":{"line":36,"column":26},"end":{"line":36,"column":43}},{"start":{"line":36,"column":47},"end":{"line":36,"column":63}}],"line":36},"16":{"loc":{"start":{"line":37,"column":20},"end":{"line":37,"column":51}},"type":"binary-expr","locations":[{"start":{"line":37,"column":20},"end":{"line":37,"column":31}},{"start":{"line":37,"column":35},"end":{"line":37,"column":45}},{"start":{"line":37,"column":49},"end":{"line":37,"column":51}}],"line":37},"17":{"loc":{"start":{"line":75,"column":4},"end":{"line":77,"column":5}},"type":"if","locations":[{"start":{"line":75,"column":4},"end":{"line":77,"column":5}},{"start":{},"end":{}}],"line":75},"18":{"loc":{"start":{"line":75,"column":8},"end":{"line":75,"column":74}},"type":"binary-expr","locations":[{"start":{"line":75,"column":8},"end":{"line":75,"column":17}},{"start":{"line":75,"column":21},"end":{"line":75,"column":44}},{"start":{"line":75,"column":48},"end":{"line":75,"column":74}}],"line":75},"19":{"loc":{"start":{"line":119,"column":4},"end":{"line":119,"column":44}},"type":"if","locations":[{"start":{"line":119,"column":4},"end":{"line":119,"column":44}},{"start":{},"end":{}}],"line":119},"20":{"loc":{"start":{"line":120,"column":4},"end":{"line":120,"column":60}},"type":"if","locations":[{"start":{"line":120,"column":4},"end":{"line":120,"column":60}},{"start":{},"end":{}}],"line":120}},"s":{"0":0,"1":0,"2":0,"3":0,"4":0,"5":0,"6":0,"7":0,"8":0,"9":0,"10":0,"11":0,"12":0,"13":0,"14":0,"15":0,"16":0,"17":0,"18":0,"19":0,"20":0,"21":0,"22":0,"23":0,"24":0,"25":0,"26":0,"27":0,"28":0,"29":0,"30":0,"31":0,"32":0},"f":{"0":0,"1":0,"2":0,"3":0,"4":0,"5":0,"6":0,"7":0,"8":0,"9":0,"10":0},"b":{"0":[0,0],"1":[0,0],"2":[0,0],"3":[0,0],"4":[0,0],"5":[0,0],"6":[0,0],"7":[0,0],"8":[0,0],"9":[0,0],"10":[0,0],"11":[0,0],"12":[0,0],"13":[0,0],"14":[0,0],"15":[0,0],"16":[0,0,0],"17":[0,0],"18":[0,0,0],"19":[0,0],"20":[0,0]}}
,"/Users/ashishpratapsingh/Documents/source/enterprise-test-case-management/frontend/src/services/testRunService.ts": {"path":"/Users/ashishpratapsingh/Documents/source/enterprise-test-case-management/frontend/src/services/testRunService.ts","statementMap":{"0":{"start":{"line":3,"column":15},"end":{"line":3,"column":26}},"1":{"start":{"line":5,"column":30},"end":{"line":65,"column":1}},"2":{"start":{"line":14,"column":21},"end":{"line":23,"column":6}},"3":{"start":{"line":24,"column":4},"end":{"line":24,"column":25}},"4":{"start":{"line":28,"column":21},"end":{"line":28,"column":53}},"5":{"start":{"line":29,"column":4},"end":{"line":29,"column":30}},"6":{"start":{"line":33,"column":21},"end":{"line":33,"column":48}},"7":{"start":{"line":34,"column":4},"end":{"line":34,"column":30}},"8":{"start":{"line":38,"column":21},"end":{"line":38,"column":58}},"9":{"start":{"line":39,"column":4},"end":{"line":39,"column":30}},"10":{"start":{"line":43,"column":4},"end":{"line":43,"column":40}},"11":{"start":{"line":47,"column":21},"end":{"line":47,"column":60}},"12":{"start":{"line":48,"column":4},"end":{"line":48,"column":30}},"13":{"start":{"line":52,"column":21},"end":{"line":52,"column":63}},"14":{"start":{"line":53,"column":4},"end":{"line":53,"column":30}},"15":{"start":{"line":57,"column":21},"end":{"line":57,"column":99}},"16":{"start":{"line":58,"column":4},"end":{"line":58,"column":30}},"17":{"start":{"line":62,"column":21},"end":{"line":62,"column":60}},"18":{"start":{"line":63,"column":4},"end":{"line":63,"column":30}}},"fnMap":{"0":{"name":"(anonymous_0)","decl":{"start":{"line":6,"column":2},"end":{"line":6,"column":3}},"loc":{"start":{"line":13,"column":19},"end":{"line":25,"column":3}},"line":13},"1":{"name":"(anonymous_1)","decl":{"start":{"line":27,"column":2},"end":{"line":27,"column":3}},"loc":{"start":{"line":27,"column":51},"end":{"line":30,"column":3}},"line":27},"2":{"name":"(anonymous_2)","decl":{"start":{"line":32,"column":2},"end":{"line":32,"column":3}},"loc":{"start":{"line":32,"column":39},"end":{"line":35,"column":3}},"line":32},"3":{"name":"(anonymous_3)","decl":{"start":{"line":37,"column":2},"end":{"line":37,"column":3}},"loc":{"start":{"line":37,"column":60},"end":{"line":40,"column":3}},"line":37},"4":{"name":"(anonymous_4)","decl":{"start":{"line":42,"column":2},"end":{"line":42,"column":3}},"loc":{"start":{"line":42,"column":51},"end":{"line":44,"column":3}},"line":42},"5":{"name":"(anonymous_5)","decl":{"start":{"line":46,"column":2},"end":{"line":46,"column":3}},"loc":{"start":{"line":46,"column":49},"end":{"line":49,"column":3}},"line":46},"6":{"name":"(anonymous_6)","decl":{"start":{"line":51,"column":2},"end":{"line":51,"column":3}},"loc":{"start":{"line":51,"column":52},"end":{"line":54,"column":3}},"line":51},"7":{"name":"(anonymous_7)","decl":{"start":{"line":56,"column":2},"end":{"line":56,"column":3}},"loc":{"start":{"line":56,"column":71},"end":{"line":59,"column":3}},"line":56},"8":{"name":"(anonymous_8)","decl":{"start":{"line":61,"column":2},"end":{"line":61,"column":3}},"loc":{"start":{"line":61,"column":49},"end":{"line":64,"column":3}},"line":61}},"branchMap":{"0":{"loc":{"start":{"line":57,"column":77},"end":{"line":57,"column":96}},"type":"binary-expr","locations":[{"start":{"line":57,"column":77},"end":{"line":57,"column":88}},{"start":{"line":57,"column":92},"end":{"line":57,"column":96}}],"line":57}},"s":{"0":0,"1":0,"2":0,"3":0,"4":0,"5":0,"6":0,"7":0,"8":0,"9":0,"10":0,"11":0,"12":0,"13":0,"14":0,"15":0,"16":0,"17":0,"18":0},"f":{"0":0,"1":0,"2":0,"3":0,"4":0,"5":0,"6":0,"7":0,"8":0},"b":{"0":[0,0]}}
,"/Users/ashishpratapsingh/Documents/source/enterprise-test-case-management/frontend/src/services/testSuiteService.ts": {"path":"/Users/ashishpratapsingh/Documents/source/enterprise-test-case-management/frontend/src/services/testSuiteService.ts","statementMap":{"0":{"start":{"line":3,"column":15},"end":{"line":3,"column":28}},"1":{"start":{"line":5,"column":32},"end":{"line":54,"column":1}},"2":{"start":{"line":13,"column":21},"end":{"line":21,"column":6}},"3":{"start":{"line":22,"column":4},"end":{"line":22,"column":25}},"4":{"start":{"line":26,"column":21},"end":{"line":26,"column":53}},"5":{"start":{"line":27,"column":4},"end":{"line":27,"column":30}},"6":{"start":{"line":31,"column":21},"end":{"line":31,"column":50}},"7":{"start":{"line":32,"column":4},"end":{"line":32,"column":30}},"8":{"start":{"line":36,"column":21},"end":{"line":36,"column":60}},"9":{"start":{"line":37,"column":4},"end":{"line":37,"column":30}},"10":{"start":{"line":41,"column":4},"end":{"line":41,"column":40}},"11":{"start":{"line":45,"column":21},"end":{"line":47,"column":6}},"12":{"start":{"line":48,"column":4},"end":{"line":48,"column":30}},"13":{"start":{"line":52,"column":4},"end":{"line":52,"column":65}}},"fnMap":{"0":{"name":"(anonymous_0)","decl":{"start":{"line":6,"column":2},"end":{"line":6,"column":3}},"loc":{"start":{"line":12,"column":19},"end":{"line":23,"column":3}},"line":12},"1":{"name":"(anonymous_1)","decl":{"start":{"line":25,"column":2},"end":{"line":25,"column":3}},"loc":{"start":{"line":25,"column":51},"end":{"line":28,"column":3}},"line":25},"2":{"name":"(anonymous_2)","decl":{"start":{"line":30,"column":2},"end":{"line":30,"column":3}},"loc":{"start":{"line":30,"column":41},"end":{"line":33,"column":3}},"line":30},"3":{"name":"(anonymous_3)","decl":{"start":{"line":35,"column":2},"end":{"line":35,"column":3}},"loc":{"start":{"line":35,"column":62},"end":{"line":38,"column":3}},"line":35},"4":{"name":"(anonymous_4)","decl":{"start":{"line":40,"column":2},"end":{"line":40,"column":3}},"loc":{"start":{"line":40,"column":51},"end":{"line":42,"column":3}},"line":40},"5":{"name":"(anonymous_5)","decl":{"start":{"line":44,"column":2},"end":{"line":44,"column":3}},"loc":{"start":{"line":44,"column":95},"end":{"line":49,"column":3}},"line":44},"6":{"name":"(anonymous_6)","decl":{"start":{"line":51,"column":2},"end":{"line":51,"column":3}},"loc":{"start":{"line":51,"column":93},"end":{"line":53,"column":3}},"line":51}},"branchMap":{},"s":{"0":0,"1":0,"2":0,"3":0,"4":0,"5":0,"6":0,"7":0,"8":0,"9":0,"10":0,"11":0,"12":0,"13":0},"f":{"0":0,"1":0,"2":0,"3":0,"4":0,"5":0,"6":0},"b":{}}
,"/Users/ashishpratapsingh/Documents/source/enterprise-test-case-management/frontend/src/services/userService.ts": {"path":"/Users/ashishpratapsingh/Documents/source/enterprise-test-case-management/frontend/src/services/userService.ts","statementMap":{"0":{"start":{"line":3,"column":15},"end":{"line":3,"column":23}},"1":{"start":{"line":13,"column":27},"end":{"line":85,"column":1}},"2":{"start":{"line":20,"column":21},"end":{"line":28,"column":6}},"3":{"start":{"line":29,"column":4},"end":{"line":29,"column":25}},"4":{"start":{"line":33,"column":21},"end":{"line":33,"column":53}},"5":{"start":{"line":34,"column":4},"end":{"line":34,"column":30}},"6":{"start":{"line":38,"column":21},"end":{"line":38,"column":50}},"7":{"start":{"line":39,"column":4},"end":{"line":39,"column":30}},"8":{"start":{"line":49,"column":21},"end":{"line":49,"column":52}},"9":{"start":{"line":50,"column":4},"end":{"line":50,"column":30}},"10":{"start":{"line":57,"column":21},"end":{"line":57,"column":62}},"11":{"start":{"line":58,"column":4},"end":{"line":58,"column":30}},"12":{"start":{"line":62,"column":4},"end":{"line":62,"column":40}},"13":{"start":{"line":66,"column":21},"end":{"line":66,"column":63}},"14":{"start":{"line":67,"column":4},"end":{"line":67,"column":30}},"15":{"start":{"line":71,"column":21},"end":{"line":71,"column":65}},"16":{"start":{"line":72,"column":4},"end":{"line":72,"column":30}},"17":{"start":{"line":76,"column":4},"end":{"line":76,"column":84}},"18":{"start":{"line":80,"column":4},"end":{"line":83,"column":7}}},"fnMap":{"0":{"name":"(anonymous_0)","decl":{"start":{"line":19,"column":2},"end":{"line":19,"column":3}},"loc":{"start":{"line":19,"column":54},"end":{"line":30,"column":3}},"line":19},"1":{"name":"(anonymous_1)","decl":{"start":{"line":32,"column":2},"end":{"line":32,"column":3}},"loc":{"start":{"line":32,"column":42},"end":{"line":35,"column":3}},"line":32},"2":{"name":"(anonymous_2)","decl":{"start":{"line":37,"column":2},"end":{"line":37,"column":3}},"loc":{"start":{"line":37,"column":30},"end":{"line":40,"column":3}},"line":37},"3":{"name":"(anonymous_3)","decl":{"start":{"line":42,"column":2},"end":{"line":42,"column":3}},"loc":{"start":{"line":48,"column":19},"end":{"line":51,"column":3}},"line":48},"4":{"name":"(anonymous_4)","decl":{"start":{"line":53,"column":2},"end":{"line":53,"column":3}},"loc":{"start":{"line":56,"column":18},"end":{"line":59,"column":3}},"line":56},"5":{"name":"(anonymous_5)","decl":{"start":{"line":61,"column":2},"end":{"line":61,"column":3}},"loc":{"start":{"line":61,"column":42},"end":{"line":63,"column":3}},"line":61},"6":{"name":"(anonymous_6)","decl":{"start":{"line":65,"column":2},"end":{"line":65,"column":3}},"loc":{"start":{"line":65,"column":43},"end":{"line":68,"column":3}},"line":65},"7":{"name":"(anonymous_7)","decl":{"start":{"line":70,"column":2},"end":{"line":70,"column":3}},"loc":{"start":{"line":70,"column":45},"end":{"line":73,"column":3}},"line":70},"8":{"name":"(anonymous_8)","decl":{"start":{"line":75,"column":2},"end":{"line":75,"column":3}},"loc":{"start":{"line":75,"column":70},"end":{"line":77,"column":3}},"line":75},"9":{"name":"(anonymous_9)","decl":{"start":{"line":79,"column":2},"end":{"line":79,"column":3}},"loc":{"start":{"line":79,"column":86},"end":{"line":84,"column":3}},"line":79}},"branchMap":{},"s":{"0":0,"1":0,"2":0,"3":0,"4":0,"5":0,"6":0,"7":0,"8":0,"9":0,"10":0,"11":0,"12":0,"13":0,"14":0,"15":0,"16":0,"17":0,"18":0},"f":{"0":0,"1":0,"2":0,"3":0,"4":0,"5":0,"6":0,"7":0,"8":0,"9":0},"b":{}}
,"/Users/ashishpratapsingh/Documents/source/enterprise-test-case-management/frontend/src/services/userStoryService.ts": {"path":"/Users/ashishpratapsingh/Documents/source/enterprise-test-case-management/frontend/src/services/userStoryService.ts","statementMap":{"0":{"start":{"line":3,"column":15},"end":{"line":3,"column":30}},"1":{"start":{"line":5,"column":32},"end":{"line":47,"column":1}},"2":{"start":{"line":15,"column":21},"end":{"line":25,"column":6}},"3":{"start":{"line":26,"column":4},"end":{"line":26,"column":25}},"4":{"start":{"line":30,"column":21},"end":{"line":30,"column":53}},"5":{"start":{"line":31,"column":4},"end":{"line":31,"column":30}},"6":{"start":{"line":35,"column":21},"end":{"line":35,"column":50}},"7":{"start":{"line":36,"column":4},"end":{"line":36,"column":30}},"8":{"start":{"line":40,"column":21},"end":{"line":40,"column":60}},"9":{"start":{"line":41,"column":4},"end":{"line":41,"column":30}},"10":{"start":{"line":45,"column":4},"end":{"line":45,"column":40}}},"fnMap":{"0":{"name":"(anonymous_0)","decl":{"start":{"line":6,"column":2},"end":{"line":6,"column":3}},"loc":{"start":{"line":14,"column":19},"end":{"line":27,"column":3}},"line":14},"1":{"name":"(anonymous_1)","decl":{"start":{"line":29,"column":2},"end":{"line":29,"column":3}},"loc":{"start":{"line":29,"column":51},"end":{"line":32,"column":3}},"line":29},"2":{"name":"(anonymous_2)","decl":{"start":{"line":34,"column":2},"end":{"line":34,"column":3}},"loc":{"start":{"line":34,"column":41},"end":{"line":37,"column":3}},"line":34},"3":{"name":"(anonymous_3)","decl":{"start":{"line":39,"column":2},"end":{"line":39,"column":3}},"loc":{"start":{"line":39,"column":62},"end":{"line":42,"column":3}},"line":39},"4":{"name":"(anonymous_4)","decl":{"start":{"line":44,"column":2},"end":{"line":44,"column":3}},"loc":{"start":{"line":44,"column":51},"end":{"line":46,"column":3}},"line":44}},"branchMap":{},"s":{"0":0,"1":0,"2":0,"3":0,"4":0,"5":0,"6":0,"7":0,"8":0,"9":0,"10":0},"f":{"0":0,"1":0,"2":0,"3":0,"4":0},"b":{}}
,"/Users/ashishpratapsingh/Documents/source/enterprise-test-case-management/frontend/src/types/index.ts": {"path":"/Users/ashishpratapsingh/Documents/source/enterprise-test-case-management/frontend/src/types/index.ts","statementMap":{},"fnMap":{},"branchMap":{},"s":{},"f":{},"b":{}}
,"/Users/ashishpratapsingh/Documents/source/enterprise-test-case-management/frontend/src/utils/roleGuard.ts": {"path":"/Users/ashishpratapsingh/Documents/source/enterprise-test-case-management/frontend/src/utils/roleGuard.ts","statementMap":{"0":{"start":{"line":9,"column":49},"end":{"line":16,"column":1}},"1":{"start":{"line":19,"column":2},"end":{"line":19,"column":42}},"2":{"start":{"line":24,"column":2},"end":{"line":24,"column":70}},"3":{"start":{"line":29,"column":2},"end":{"line":29,"column":55}},"4":{"start":{"line":34,"column":2},"end":{"line":34,"column":70}},"5":{"start":{"line":39,"column":2},"end":{"line":39,"column":30}},"6":{"start":{"line":44,"column":2},"end":{"line":44,"column":55}},"7":{"start":{"line":49,"column":2},"end":{"line":49,"column":55}},"8":{"start":{"line":53,"column":2},"end":{"line":53,"column":79}},"9":{"start":{"line":58,"column":2},"end":{"line":58,"column":61}}},"fnMap":{"0":{"name":"hasPermission","decl":{"start":{"line":18,"column":16},"end":{"line":18,"column":29}},"loc":{"start":{"line":18,"column":86},"end":{"line":20,"column":1}},"line":18},"1":{"name":"canEdit","decl":{"start":{"line":23,"column":16},"end":{"line":23,"column":23}},"loc":{"start":{"line":23,"column":53},"end":{"line":25,"column":1}},"line":23},"2":{"name":"canApprove","decl":{"start":{"line":28,"column":16},"end":{"line":28,"column":26}},"loc":{"start":{"line":28,"column":56},"end":{"line":30,"column":1}},"line":28},"3":{"name":"canExecute","decl":{"start":{"line":33,"column":16},"end":{"line":33,"column":26}},"loc":{"start":{"line":33,"column":56},"end":{"line":35,"column":1}},"line":33},"4":{"name":"canManageUsers","decl":{"start":{"line":38,"column":16},"end":{"line":38,"column":30}},"loc":{"start":{"line":38,"column":60},"end":{"line":40,"column":1}},"line":38},"5":{"name":"canViewAudit","decl":{"start":{"line":43,"column":16},"end":{"line":43,"column":28}},"loc":{"start":{"line":43,"column":58},"end":{"line":45,"column":1}},"line":43},"6":{"name":"canDelete","decl":{"start":{"line":48,"column":16},"end":{"line":48,"column":25}},"loc":{"start":{"line":48,"column":55},"end":{"line":50,"column":1}},"line":48},"7":{"name":"isRoleAtLeast","decl":{"start":{"line":52,"column":16},"end":{"line":52,"column":29}},"loc":{"start":{"line":52,"column":82},"end":{"line":54,"column":1}},"line":52},"8":{"name":"roleSlug","decl":{"start":{"line":57,"column":16},"end":{"line":57,"column":24}},"loc":{"start":{"line":57,"column":49},"end":{"line":59,"column":1}},"line":57}},"branchMap":{"0":{"loc":{"start":{"line":53,"column":10},"end":{"line":53,"column":39}},"type":"binary-expr","locations":[{"start":{"line":53,"column":10},"end":{"line":53,"column":34}},{"start":{"line":53,"column":38},"end":{"line":53,"column":39}}],"line":53},"1":{"loc":{"start":{"line":53,"column":45},"end":{"line":53,"column":77}},"type":"binary-expr","locations":[{"start":{"line":53,"column":45},"end":{"line":53,"column":72}},{"start":{"line":53,"column":76},"end":{"line":53,"column":77}}],"line":53}},"s":{"0":1,"1":25,"2":6,"3":5,"4":5,"5":3,"6":4,"7":3,"8":4,"9":4},"f":{"0":25,"1":6,"2":5,"3":5,"4":3,"5":4,"6":3,"7":4,"8":4},"b":{"0":[4,0],"1":[4,0]},"_coverageSchema":"1a1c01bbd47fc00a2c39e90264f33305004495a9","hash":"a1888b8941f95dfcd1419d20b16d33853931a450"}
,"/Users/ashishpratapsingh/Documents/source/enterprise-test-case-management/frontend/src/utils/statusColors.ts": {"path":"/Users/ashishpratapsingh/Documents/source/enterprise-test-case-management/frontend/src/utils/statusColors.ts","statementMap":{"0":{"start":{"line":1,"column":29},"end":{"line":9,"column":1}},"1":{"start":{"line":2,"column":2},"end":{"line":8,"column":3}},"2":{"start":{"line":3,"column":21},"end":{"line":3,"column":38}},"3":{"start":{"line":4,"column":17},"end":{"line":4,"column":34}},"4":{"start":{"line":5,"column":19},"end":{"line":5,"column":36}},"5":{"start":{"line":6,"column":16},"end":{"line":6,"column":33}},"6":{"start":{"line":7,"column":13},"end":{"line":7,"column":30}}},"fnMap":{"0":{"name":"(anonymous_0)","decl":{"start":{"line":1,"column":29},"end":{"line":1,"column":30}},"loc":{"start":{"line":1,"column":54},"end":{"line":9,"column":1}},"line":1}},"branchMap":{"0":{"loc":{"start":{"line":2,"column":2},"end":{"line":8,"column":3}},"type":"switch","locations":[{"start":{"line":3,"column":4},"end":{"line":3,"column":38}},{"start":{"line":4,"column":4},"end":{"line":4,"column":34}},{"start":{"line":5,"column":4},"end":{"line":5,"column":36}},{"start":{"line":6,"column":4},"end":{"line":6,"column":33}},{"start":{"line":7,"column":4},"end":{"line":7,"column":30}}],"line":2},"1":{"loc":{"start":{"line":2,"column":11},"end":{"line":2,"column":20}},"type":"binary-expr","locations":[{"start":{"line":2,"column":11},"end":{"line":2,"column":14}},{"start":{"line":2,"column":18},"end":{"line":2,"column":20}}],"line":2}},"s":{"0":1,"1":9,"2":2,"3":2,"4":1,"5":1,"6":3},"f":{"0":9},"b":{"0":[2,2,1,1,3],"1":[9,2]},"_coverageSchema":"1a1c01bbd47fc00a2c39e90264f33305004495a9","hash":"22d2bb11f77f352c55e5dd6c81cbea2911c28db5"}
}
