TN:
SF:src/App.tsx
FN:19,(anonymous_0)
FNF:1
FNH:0
FNDA:0,(anonymous_0)
DA:19,0
DA:20,0
LF:2
LH:0
BRF:0
BRH:0
end_of_record
TN:
SF:src/index.tsx
FN:190,(anonymous_0)
FNF:1
FNH:0
FNDA:0,(anonymous_0)
DA:10,0
DA:190,0
DA:191,0
DA:192,0
DA:195,0
DA:197,0
LF:6
LH:0
BRF:0
BRH:0
end_of_record
TN:
SF:src/components/common/ConfirmDialog.tsx
FN:22,(anonymous_0)
FNF:1
FNH:0
FNDA:0,(anonymous_0)
DA:22,0
DA:32,0
LF:2
LH:0
BRDA:26,0,0,0
BRDA:27,1,0,0
BRDA:28,2,0,0
BRF:3
BRH:0
end_of_record
TN:
SF:src/components/common/DataTable.tsx
FN:75,mapColumns
FN:76,(anonymous_1)
FN:92,(anonymous_2)
FN:128,(anonymous_3)
FN:144,(anonymous_4)
FN:155,(anonymous_5)
FN:166,(anonymous_6)
FN:167,(anonymous_7)
FN:168,(anonymous_8)
FN:171,(anonymous_9)
FN:178,(anonymous_10)
FN:184,(anonymous_11)
FN:264,(anonymous_12)
FN:267,(anonymous_13)
FN:279,(anonymous_14)
FN:286,(anonymous_15)
FN:293,(anonymous_16)
FN:300,(anonymous_17)
FNF:18
FNH:0
FNDA:0,mapColumns
FNDA:0,(anonymous_1)
FNDA:0,(anonymous_2)
FNDA:0,(anonymous_3)
FNDA:0,(anonymous_4)
FNDA:0,(anonymous_5)
FNDA:0,(anonymous_6)
FNDA:0,(anonymous_7)
FNDA:0,(anonymous_8)
FNDA:0,(anonymous_9)
FNDA:0,(anonymous_10)
FNDA:0,(anonymous_11)
FNDA:0,(anonymous_12)
FNDA:0,(anonymous_13)
FNDA:0,(anonymous_14)
FNDA:0,(anonymous_15)
FNDA:0,(anonymous_16)
FNDA:0,(anonymous_17)
DA:25,0
DA:76,0
DA:77,0
DA:84,0
DA:85,0
DA:86,0
DA:87,0
DA:88,0
DA:90,0
DA:91,0
DA:92,0
DA:93,0
DA:97,0
DA:101,0
DA:105,0
DA:109,0
DA:128,0
DA:142,0
DA:144,0
DA:146,0
DA:148,0
DA:149,0
DA:150,0
DA:151,0
DA:152,0
DA:154,0
DA:156,0
DA:157,0
DA:158,0
DA:159,0
DA:161,0
DA:166,0
DA:167,0
DA:168,0
DA:171,0
DA:172,0
DA:173,0
DA:174,0
DA:175,0
DA:178,0
DA:179,0
DA:180,0
DA:184,0
DA:185,0
DA:186,0
DA:190,0
DA:264,0
DA:268,0
DA:279,0
DA:286,0
DA:293,0
DA:300,0
LF:52
LH:0
BRDA:84,0,0,0
BRDA:84,0,1,0
BRDA:85,1,0,0
BRDA:85,1,1,0
BRDA:86,2,0,0
BRDA:86,2,1,0
BRDA:87,3,0,0
BRDA:87,3,1,0
BRDA:88,4,0,0
BRDA:88,4,1,0
BRDA:90,5,0,0
BRDA:90,5,1,0
BRDA:132,6,0,0
BRDA:133,7,0,0
BRDA:136,8,0,0
BRDA:137,9,0,0
BRDA:139,10,0,0
BRDA:146,11,0,0
BRDA:146,11,1,0
BRDA:148,12,0,0
BRDA:148,12,1,0
BRDA:151,13,0,0
BRDA:151,13,1,0
BRDA:156,14,0,0
BRDA:156,14,1,0
BRDA:158,15,0,0
BRDA:158,15,1,0
BRDA:158,16,0,0
BRDA:158,16,1,0
BRDA:158,16,2,0
BRDA:158,16,3,0
BRDA:161,17,0,0
BRDA:161,17,1,0
BRDA:167,18,0,0
BRDA:167,18,1,0
BRDA:168,19,0,0
BRDA:168,19,1,0
BRDA:168,19,2,0
BRDA:174,20,0,0
BRDA:174,20,1,0
BRDA:179,21,0,0
BRDA:179,21,1,0
BRDA:179,22,0,0
BRDA:179,22,1,0
BRDA:179,22,2,0
BRDA:185,23,0,0
BRDA:185,23,1,0
BRDA:205,24,0,0
BRDA:205,24,1,0
BRDA:236,25,0,0
BRDA:236,25,1,0
BRDA:274,26,0,0
BRDA:274,26,1,0
BRF:53
BRH:0
end_of_record
TN:
SF:src/components/common/Layout.tsx
FN:51,(anonymous_0)
FN:81,(anonymous_1)
FN:87,(anonymous_2)
FN:100,(anonymous_3)
FN:103,(anonymous_4)
FN:116,(anonymous_5)
FN:134,(anonymous_6)
FN:151,(anonymous_7)
FN:194,(anonymous_8)
FN:195,(anonymous_9)
FN:199,(anonymous_10)
FN:248,(anonymous_11)
FNF:12
FNH:0
FNDA:0,(anonymous_0)
FNDA:0,(anonymous_1)
FNDA:0,(anonymous_2)
FNDA:0,(anonymous_3)
FNDA:0,(anonymous_4)
FNDA:0,(anonymous_5)
FNDA:0,(anonymous_6)
FNDA:0,(anonymous_7)
FNDA:0,(anonymous_8)
FNDA:0,(anonymous_9)
FNDA:0,(anonymous_10)
FNDA:0,(anonymous_11)
DA:42,0
DA:51,0
DA:52,0
DA:53,0
DA:54,0
DA:55,0
DA:56,0
DA:58,0
DA:81,0
DA:82,0
DA:83,0
DA:84,0
DA:87,0
DA:88,0
DA:89,0
DA:92,0
DA:100,0
DA:104,0
DA:116,0
DA:134,0
DA:151,0
DA:194,0
DA:196,0
DA:199,0
DA:249,0
LF:25
LH:0
BRDA:71,0,0,0
BRDA:71,0,1,0
BRDA:77,1,0,0
BRDA:77,1,1,0
BRDA:88,2,0,0
BRDA:88,2,1,0
BRDA:101,3,0,0
BRDA:101,3,1,0
BRDA:102,4,0,0
BRDA:102,4,1,0
BRDA:119,5,0,0
BRDA:119,5,1,0
BRDA:128,6,0,0
BRDA:128,6,1,0
BRDA:131,7,0,0
BRDA:131,7,1,0
BRDA:144,8,0,0
BRDA:144,8,1,0
BRDA:144,8,2,0
BRDA:163,9,0,0
BRDA:163,9,1,0
BRDA:163,10,0,0
BRDA:163,10,1,0
BRDA:223,11,0,0
BRDA:223,11,1,0
BRDA:246,12,0,0
BRDA:246,12,1,0
BRDA:247,13,0,0
BRDA:247,13,1,0
BRF:29
BRH:0
end_of_record
TN:
SF:src/components/common/LoadingSpinner.tsx
FN:10,(anonymous_0)
FNF:1
FNH:0
FNDA:0,(anonymous_0)
DA:10,0
DA:15,0
LF:2
LH:0
BRDA:11,0,0,0
BRDA:12,1,0,0
BRDA:13,2,0,0
BRDA:21,3,0,0
BRDA:21,3,1,0
BRDA:25,4,0,0
BRDA:25,4,1,0
BRF:7
BRH:0
end_of_record
TN:
SF:src/components/common/ProtectedRoute.tsx
FN:12,(anonymous_0)
FNF:1
FNH:0
FNDA:0,(anonymous_0)
DA:12,0
DA:13,0
DA:14,0
DA:16,0
DA:17,0
DA:20,0
DA:21,0
DA:24,0
DA:25,0
DA:28,0
LF:10
LH:0
BRDA:16,0,0,0
BRDA:16,0,1,0
BRDA:20,1,0,0
BRDA:20,1,1,0
BRDA:24,2,0,0
BRDA:24,2,1,0
BRDA:24,3,0,0
BRDA:24,3,1,0
BRDA:24,3,2,0
BRF:9
BRH:0
end_of_record
TN:
SF:src/components/executions/StepDefectDialog.tsx
FN:52,(anonymous_0)
FN:68,(anonymous_1)
FN:73,(anonymous_2)
FN:100,(anonymous_3)
FN:115,(anonymous_4)
FN:122,(anonymous_5)
FN:126,(anonymous_6)
FN:134,(anonymous_7)
FN:139,(anonymous_8)
FN:149,(anonymous_9)
FN:152,(anonymous_10)
FN:155,(anonymous_11)
FN:158,(anonymous_12)
FN:167,(anonymous_13)
FN:208,(anonymous_14)
FN:226,(anonymous_15)
FN:234,(anonymous_16)
FN:244,(anonymous_17)
FN:247,(anonymous_18)
FN:253,(anonymous_19)
FN:256,(anonymous_20)
FN:264,(anonymous_21)
FN:268,(anonymous_22)
FN:279,(anonymous_23)
FN:291,(anonymous_24)
FN:293,(anonymous_25)
FN:295,(anonymous_26)
FN:298,(anonymous_27)
FN:312,(anonymous_28)
FNF:29
FNH:0
FNDA:0,(anonymous_0)
FNDA:0,(anonymous_1)
FNDA:0,(anonymous_2)
FNDA:0,(anonymous_3)
FNDA:0,(anonymous_4)
FNDA:0,(anonymous_5)
FNDA:0,(anonymous_6)
FNDA:0,(anonymous_7)
FNDA:0,(anonymous_8)
FNDA:0,(anonymous_9)
FNDA:0,(anonymous_10)
FNDA:0,(anonymous_11)
FNDA:0,(anonymous_12)
FNDA:0,(anonymous_13)
FNDA:0,(anonymous_14)
FNDA:0,(anonymous_15)
FNDA:0,(anonymous_16)
FNDA:0,(anonymous_17)
FNDA:0,(anonymous_18)
FNDA:0,(anonymous_19)
FNDA:0,(anonymous_20)
FNDA:0,(anonymous_21)
FNDA:0,(anonymous_22)
FNDA:0,(anonymous_23)
FNDA:0,(anonymous_24)
FNDA:0,(anonymous_25)
FNDA:0,(anonymous_26)
FNDA:0,(anonymous_27)
FNDA:0,(anonymous_28)
DA:29,0
DA:30,0
DA:52,0
DA:62,0
DA:63,0
DA:64,0
DA:65,0
DA:68,0
DA:69,0
DA:70,0
DA:73,0
DA:74,0
DA:75,0
DA:76,0
DA:77,0
DA:78,0
DA:79,0
DA:80,0
DA:81,0
DA:84,0
DA:85,0
DA:86,0
DA:87,0
DA:88,0
DA:89,0
DA:92,0
DA:95,0
DA:96,0
DA:97,0
DA:98,0
DA:100,0
DA:101,0
DA:102,0
DA:103,0
DA:104,0
DA:105,0
DA:106,0
DA:107,0
DA:108,0
DA:109,0
DA:110,0
DA:111,0
DA:115,0
DA:116,0
DA:117,0
DA:120,0
DA:123,0
DA:124,0
DA:125,0
DA:126,0
DA:132,0
DA:135,0
DA:139,0
DA:140,0
DA:141,0
DA:142,0
DA:143,0
DA:150,0
DA:153,0
DA:156,0
DA:158,0
DA:159,0
DA:163,0
DA:167,0
DA:168,0
DA:169,0
DA:170,0
DA:171,0
DA:172,0
DA:179,0
DA:180,0
DA:181,0
DA:182,0
DA:184,0
DA:187,0
DA:189,0
DA:190,0
DA:192,0
DA:196,0
DA:200,0
DA:208,0
DA:226,0
DA:234,0
DA:244,0
DA:247,0
DA:253,0
DA:256,0
DA:264,0
DA:269,0
DA:279,0
DA:291,0
DA:293,0
DA:296,0
DA:299,0
DA:313,0
LF:95
LH:0
BRDA:69,0,0,0
BRDA:69,0,1,0
BRDA:69,0,2,0
BRDA:75,1,0,0
BRDA:75,1,1,0
BRDA:77,2,0,0
BRDA:77,2,1,0
BRDA:78,3,0,0
BRDA:78,3,1,0
BRDA:79,4,0,0
BRDA:79,4,1,0
BRDA:80,5,0,0
BRDA:80,5,1,0
BRDA:101,6,0,0
BRDA:101,6,1,0
BRDA:116,7,0,0
BRDA:116,7,1,0
BRDA:117,8,0,0
BRDA:117,8,1,0
BRDA:118,9,0,0
BRDA:118,9,1,0
BRDA:125,10,0,0
BRDA:125,10,1,0
BRDA:126,11,0,0
BRDA:126,11,1,0
BRDA:132,12,0,0
BRDA:132,12,1,0
BRDA:140,13,0,0
BRDA:140,13,1,0
BRDA:140,14,0,0
BRDA:140,14,1,0
BRDA:146,15,0,0
BRDA:146,15,1,0
BRDA:147,16,0,0
BRDA:147,16,1,0
BRDA:150,17,0,0
BRDA:150,17,1,0
BRDA:150,18,0,0
BRDA:150,18,1,0
BRDA:153,19,0,0
BRDA:153,19,1,0
BRDA:156,20,0,0
BRDA:156,20,1,0
BRDA:163,21,0,0
BRDA:163,21,1,0
BRDA:164,22,0,0
BRDA:164,22,1,0
BRDA:168,23,0,0
BRDA:168,23,1,0
BRDA:171,24,0,0
BRDA:171,24,1,0
BRDA:179,25,0,0
BRDA:179,25,1,0
BRDA:180,26,0,0
BRDA:180,26,1,0
BRDA:187,27,0,0
BRDA:187,27,1,0
BRDA:192,28,0,0
BRDA:192,28,1,0
BRDA:216,29,0,0
BRDA:216,29,1,0
BRDA:218,30,0,0
BRDA:218,30,1,0
BRDA:270,31,0,0
BRDA:270,31,1,0
BRDA:286,32,0,0
BRDA:286,32,1,0
BRDA:296,33,0,0
BRDA:296,33,1,0
BRDA:296,34,0,0
BRDA:296,34,1,0
BRDA:296,35,0,0
BRDA:296,35,1,0
BRDA:321,36,0,0
BRDA:321,36,1,0
BRDA:329,37,0,0
BRDA:329,37,1,0
BRDA:342,38,0,0
BRDA:342,38,1,0
BRDA:343,39,0,0
BRDA:343,39,1,0
BRDA:345,40,0,0
BRDA:345,40,1,0
BRDA:345,41,0,0
BRDA:345,41,1,0
BRF:85
BRH:0
end_of_record
TN:
SF:src/contexts/ProjectContext.tsx
FN:25,(anonymous_0)
FN:28,(anonymous_1)
FN:30,(anonymous_2)
FN:34,(anonymous_3)
FN:50,(anonymous_4)
FNF:5
FNH:0
FNDA:0,(anonymous_0)
FNDA:0,(anonymous_1)
FNDA:0,(anonymous_2)
FNDA:0,(anonymous_3)
FNDA:0,(anonymous_4)
DA:22,0
DA:28,0
DA:30,0
DA:31,0
DA:32,0
DA:34,0
DA:35,0
DA:36,0
DA:37,0
DA:38,0
DA:39,0
DA:41,0
DA:46,0
DA:50,0
DA:51,0
DA:54,0
LF:16
LH:0
BRDA:38,0,0,0
BRDA:38,0,1,0
BRDA:39,1,0,0
BRDA:39,1,1,0
BRF:4
BRH:0
end_of_record
TN:
SF:src/hooks/useAuth.ts
FN:19,(anonymous_0)
FN:20,(anonymous_1)
FN:21,(anonymous_2)
FN:22,(anonymous_3)
FN:25,useAuthProvider
FN:29,(anonymous_5)
FN:31,(anonymous_6)
FN:42,(anonymous_7)
FN:43,(anonymous_8)
FN:46,(anonymous_9)
FN:49,(anonymous_10)
FN:54,(anonymous_11)
FN:60,(anonymous_12)
FN:67,(anonymous_13)
FN:79,useAuth
FNF:15
FNH:0
FNDA:0,(anonymous_0)
FNDA:0,(anonymous_1)
FNDA:0,(anonymous_2)
FNDA:0,(anonymous_3)
FNDA:0,useAuthProvider
FNDA:0,(anonymous_5)
FNDA:0,(anonymous_6)
FNDA:0,(anonymous_7)
FNDA:0,(anonymous_8)
FNDA:0,(anonymous_9)
FNDA:0,(anonymous_10)
FNDA:0,(anonymous_11)
FNDA:0,(anonymous_12)
FNDA:0,(anonymous_13)
FNDA:0,useAuth
DA:15,0
DA:21,0
DA:26,0
DA:27,0
DA:29,0
DA:31,0
DA:35,0
DA:36,0
DA:37,0
DA:39,0
DA:40,0
DA:42,0
DA:46,0
DA:49,0
DA:50,0
DA:51,0
DA:54,0
DA:55,0
DA:56,0
DA:59,0
DA:61,0
DA:62,0
DA:67,0
DA:68,0
DA:69,0
DA:70,0
DA:72,0
DA:76,0
DA:80,0
DA:81,0
DA:82,0
DA:84,0
LF:32
LH:0
BRDA:29,0,0,0
BRDA:29,0,1,0
BRDA:35,1,0,0
BRDA:35,1,1,0
BRDA:61,2,0,0
BRDA:61,2,1,0
BRDA:81,3,0,0
BRDA:81,3,1,0
BRF:8
BRH:0
end_of_record
TN:
SF:src/hooks/useAutoRefresh.ts
FN:9,useAutoRefresh
FN:16,(anonymous_1)
FN:22,(anonymous_2)
FN:23,(anonymous_3)
FN:24,(anonymous_4)
FNF:5
FNH:5
FNDA:6,useAutoRefresh
FNDA:5,(anonymous_1)
FNDA:5,(anonymous_2)
FNDA:6,(anonymous_3)
FNDA:5,(anonymous_4)
DA:14,6
DA:16,6
DA:17,5
DA:20,6
DA:22,6
DA:23,6
DA:24,5
LF:7
LH:7
BRDA:11,0,0,0
BRDA:12,1,0,0
BRF:2
BRH:0
end_of_record
TN:
SF:src/hooks/useDefectAttachments.ts
FN:20,useDefectAttachments
FN:27,(anonymous_1)
FN:29,(anonymous_2)
FN:32,(anonymous_3)
FN:33,(anonymous_4)
FN:33,(anonymous_5)
FN:36,(anonymous_6)
FN:48,(anonymous_7)
FN:54,(anonymous_8)
FN:63,(anonymous_9)
FN:73,(anonymous_10)
FN:73,(anonymous_11)
FN:76,(anonymous_12)
FN:79,(anonymous_13)
FN:85,(anonymous_14)
FNF:15
FNH:15
FNDA:21,useDefectAttachments
FNDA:3,(anonymous_1)
FNDA:3,(anonymous_2)
FNDA:1,(anonymous_3)
FNDA:1,(anonymous_4)
FNDA:2,(anonymous_5)
FNDA:1,(anonymous_6)
FNDA:1,(anonymous_7)
FNDA:1,(anonymous_8)
FNDA:1,(anonymous_9)
FNDA:1,(anonymous_10)
FNDA:2,(anonymous_11)
FNDA:2,(anonymous_12)
FNDA:1,(anonymous_13)
FNDA:1,(anonymous_14)
DA:21,21
DA:22,21
DA:23,21
DA:24,21
DA:25,21
DA:27,21
DA:28,3
DA:29,3
DA:32,21
DA:33,2
DA:36,21
DA:37,1
DA:38,1
DA:39,2
DA:40,2
DA:42,0
DA:45,1
DA:48,21
DA:49,1
DA:50,1
DA:51,1
DA:52,1
DA:53,1
DA:54,1
DA:55,1
DA:57,0
DA:60,1
DA:63,21
DA:64,1
DA:65,1
DA:66,1
DA:67,1
DA:69,0
DA:70,0
DA:73,2
DA:76,21
DA:77,2
DA:78,2
DA:79,1
DA:81,1
DA:85,21
DA:86,1
DA:87,1
DA:90,21
LF:44
LH:40
BRDA:28,0,0,0
BRDA:28,0,1,3
BRDA:28,1,0,3
BRDA:28,1,1,3
BRDA:37,2,0,0
BRDA:37,2,1,1
BRDA:49,3,0,0
BRDA:49,3,1,1
BRDA:49,4,0,1
BRDA:49,4,1,1
BRDA:64,5,0,1
BRDA:64,5,1,0
BRF:12
BRH:8
end_of_record
TN:
SF:src/pages/AuditPage.tsx
FN:74,(anonymous_0)
FN:76,initialsOf
FN:81,(anonymous_2)
FN:85,(anonymous_3)
FN:86,(anonymous_4)
FN:88,(anonymous_5)
FN:89,(anonymous_6)
FN:95,deepEqual
FN:103,(anonymous_8)
FN:108,(anonymous_9)
FN:119,computeDiff
FN:150,formatValue
FN:160,(anonymous_12)
FN:282,summarize
FN:284,(anonymous_14)
FN:292,(anonymous_15)
FN:315,(anonymous_16)
FN:316,(anonymous_17)
FN:319,(anonymous_18)
FN:320,(anonymous_19)
FN:324,(anonymous_20)
FN:325,(anonymous_21)
FN:325,(anonymous_22)
FN:328,(anonymous_23)
FN:350,(anonymous_24)
FN:351,(anonymous_25)
FN:353,(anonymous_26)
FN:364,(anonymous_27)
FN:365,(anonymous_28)
FN:366,(anonymous_29)
FN:378,(anonymous_30)
FN:393,(anonymous_31)
FN:429,(anonymous_32)
FN:445,(anonymous_33)
FN:468,(anonymous_34)
FN:483,(anonymous_35)
FN:488,(anonymous_36)
FN:516,(anonymous_37)
FN:520,(anonymous_38)
FN:522,(anonymous_39)
FN:523,(anonymous_40)
FN:553,(anonymous_41)
FN:559,(anonymous_42)
FN:561,(anonymous_43)
FN:566,(anonymous_44)
FN:568,(anonymous_45)
FN:573,(anonymous_46)
FN:575,(anonymous_47)
FN:586,(anonymous_48)
FN:594,(anonymous_49)
FN:612,(anonymous_50)
FN:614,(anonymous_51)
FN:621,(anonymous_52)
FN:632,(anonymous_53)
FN:650,(anonymous_54)
FN:657,(anonymous_55)
FN:688,(anonymous_56)
FN:702,(anonymous_57)
FN:703,(anonymous_58)
FN:760,(anonymous_59)
FN:781,(anonymous_60)
FNF:61
FNH:0
FNDA:0,(anonymous_0)
FNDA:0,initialsOf
FNDA:0,(anonymous_2)
FNDA:0,(anonymous_3)
FNDA:0,(anonymous_4)
FNDA:0,(anonymous_5)
FNDA:0,(anonymous_6)
FNDA:0,deepEqual
FNDA:0,(anonymous_8)
FNDA:0,(anonymous_9)
FNDA:0,computeDiff
FNDA:0,formatValue
FNDA:0,(anonymous_12)
FNDA:0,summarize
FNDA:0,(anonymous_14)
FNDA:0,(anonymous_15)
FNDA:0,(anonymous_16)
FNDA:0,(anonymous_17)
FNDA:0,(anonymous_18)
FNDA:0,(anonymous_19)
FNDA:0,(anonymous_20)
FNDA:0,(anonymous_21)
FNDA:0,(anonymous_22)
FNDA:0,(anonymous_23)
FNDA:0,(anonymous_24)
FNDA:0,(anonymous_25)
FNDA:0,(anonymous_26)
FNDA:0,(anonymous_27)
FNDA:0,(anonymous_28)
FNDA:0,(anonymous_29)
FNDA:0,(anonymous_30)
FNDA:0,(anonymous_31)
FNDA:0,(anonymous_32)
FNDA:0,(anonymous_33)
FNDA:0,(anonymous_34)
FNDA:0,(anonymous_35)
FNDA:0,(anonymous_36)
FNDA:0,(anonymous_37)
FNDA:0,(anonymous_38)
FNDA:0,(anonymous_39)
FNDA:0,(anonymous_40)
FNDA:0,(anonymous_41)
FNDA:0,(anonymous_42)
FNDA:0,(anonymous_43)
FNDA:0,(anonymous_44)
FNDA:0,(anonymous_45)
FNDA:0,(anonymous_46)
FNDA:0,(anonymous_47)
FNDA:0,(anonymous_48)
FNDA:0,(anonymous_49)
FNDA:0,(anonymous_50)
FNDA:0,(anonymous_51)
FNDA:0,(anonymous_52)
FNDA:0,(anonymous_53)
FNDA:0,(anonymous_54)
FNDA:0,(anonymous_55)
FNDA:0,(anonymous_56)
FNDA:0,(anonymous_57)
FNDA:0,(anonymous_58)
FNDA:0,(anonymous_59)
FNDA:0,(anonymous_60)
DA:42,0
DA:49,0
DA:55,0
DA:62,0
DA:74,0
DA:77,0
DA:81,0
DA:85,0
DA:86,0
DA:88,0
DA:89,0
DA:92,0
DA:96,0
DA:97,0
DA:98,0
DA:99,0
DA:100,0
DA:101,0
DA:102,0
DA:103,0
DA:105,0
DA:106,0
DA:107,0
DA:108,0
DA:123,0
DA:124,0
DA:128,0
DA:129,0
DA:130,0
DA:131,0
DA:132,0
DA:133,0
DA:135,0
DA:136,0
DA:137,0
DA:139,0
DA:141,0
DA:142,0
DA:143,0
DA:144,0
DA:147,0
DA:151,0
DA:152,0
DA:153,0
DA:154,0
DA:155,0
DA:156,0
DA:160,0
DA:161,0
DA:162,0
DA:163,0
DA:165,0
DA:166,0
DA:169,0
DA:171,0
DA:283,0
DA:284,0
DA:292,0
DA:293,0
DA:296,0
DA:297,0
DA:298,0
DA:299,0
DA:300,0
DA:301,0
DA:304,0
DA:305,0
DA:306,0
DA:307,0
DA:308,0
DA:309,0
DA:312,0
DA:315,0
DA:316,0
DA:317,0
DA:318,0
DA:319,0
DA:320,0
DA:324,0
DA:325,0
DA:328,0
DA:329,0
DA:330,0
DA:331,0
DA:341,0
DA:342,0
DA:344,0
DA:346,0
DA:350,0
DA:351,0
DA:353,0
DA:354,0
DA:355,0
DA:356,0
DA:357,0
DA:358,0
DA:359,0
DA:361,0
DA:364,0
DA:365,0
DA:366,0
DA:367,0
DA:368,0
DA:373,0
DA:379,0
DA:380,0
DA:385,0
DA:394,0
DA:395,0
DA:396,0
DA:398,0
DA:430,0
DA:431,0
DA:446,0
DA:447,0
DA:469,0
DA:484,0
DA:488,0
DA:497,0
DA:517,0
DA:521,0
DA:522,0
DA:523,0
DA:553,0
DA:559,0
DA:561,0
DA:566,0
DA:568,0
DA:573,0
DA:576,0
DA:586,0
DA:594,0
DA:612,0
DA:614,0
DA:621,0
DA:633,0
DA:634,0
DA:650,0
DA:658,0
DA:659,0
DA:689,0
DA:690,0
DA:692,0
DA:693,0
DA:700,0
DA:701,0
DA:702,0
DA:703,0
DA:705,0
DA:760,0
DA:782,0
LF:151
LH:0
BRDA:74,0,0,0
BRDA:74,0,1,0
BRDA:77,1,0,0
BRDA:77,1,1,0
BRDA:96,2,0,0
BRDA:96,2,1,0
BRDA:97,3,0,0
BRDA:97,3,1,0
BRDA:97,4,0,0
BRDA:97,4,1,0
BRDA:98,5,0,0
BRDA:98,5,1,0
BRDA:99,6,0,0
BRDA:99,6,1,0
BRDA:100,7,0,0
BRDA:100,7,1,0
BRDA:101,8,0,0
BRDA:101,8,1,0
BRDA:102,9,0,0
BRDA:102,9,1,0
BRDA:107,10,0,0
BRDA:107,10,1,0
BRDA:125,11,0,0
BRDA:125,11,1,0
BRDA:126,12,0,0
BRDA:126,12,1,0
BRDA:129,13,0,0
BRDA:129,13,1,0
BRDA:130,14,0,0
BRDA:130,14,1,0
BRDA:131,15,0,0
BRDA:131,15,1,0
BRDA:132,16,0,0
BRDA:132,16,1,0
BRDA:133,17,0,0
BRDA:133,17,1,0
BRDA:135,18,0,0
BRDA:135,18,1,0
BRDA:135,19,0,0
BRDA:135,19,1,0
BRDA:136,20,0,0
BRDA:136,20,1,0
BRDA:141,21,0,0
BRDA:141,21,1,0
BRDA:143,22,0,0
BRDA:143,22,1,0
BRDA:151,23,0,0
BRDA:151,23,1,0
BRDA:152,24,0,0
BRDA:152,24,1,0
BRDA:153,25,0,0
BRDA:153,25,1,0
BRDA:153,26,0,0
BRDA:153,26,1,0
BRDA:154,27,0,0
BRDA:154,27,1,0
BRDA:154,28,0,0
BRDA:154,28,1,0
BRDA:155,29,0,0
BRDA:155,29,1,0
BRDA:155,30,0,0
BRDA:155,30,1,0
BRDA:165,31,0,0
BRDA:165,31,1,0
BRDA:165,32,0,0
BRDA:165,32,1,0
BRDA:165,33,0,0
BRDA:165,33,1,0
BRDA:166,34,0,0
BRDA:166,34,1,0
BRDA:167,35,0,0
BRDA:167,35,1,0
BRDA:169,36,0,0
BRDA:169,36,1,0
BRDA:169,37,0,0
BRDA:169,37,1,0
BRDA:204,38,0,0
BRDA:204,38,1,0
BRDA:239,39,0,0
BRDA:239,39,1,0
BRDA:255,40,0,0
BRDA:255,40,1,0
BRDA:318,41,0,0
BRDA:318,41,1,0
BRDA:318,42,0,0
BRDA:318,42,1,0
BRDA:334,43,0,0
BRDA:334,43,1,0
BRDA:335,44,0,0
BRDA:335,44,1,0
BRDA:336,45,0,0
BRDA:336,45,1,0
BRDA:337,46,0,0
BRDA:337,46,1,0
BRDA:338,47,0,0
BRDA:338,47,1,0
BRDA:339,48,0,0
BRDA:339,48,1,0
BRDA:361,49,0,0
BRDA:361,49,1,0
BRDA:361,49,2,0
BRDA:361,49,3,0
BRDA:361,49,4,0
BRDA:361,49,5,0
BRDA:395,50,0,0
BRDA:395,50,1,0
BRDA:411,51,0,0
BRDA:411,51,1,0
BRDA:411,51,2,0
BRDA:415,52,0,0
BRDA:415,52,1,0
BRDA:418,53,0,0
BRDA:418,53,1,0
BRDA:458,54,0,0
BRDA:458,54,1,0
BRDA:474,55,0,0
BRDA:474,55,1,0
BRDA:521,56,0,0
BRDA:521,56,1,0
BRDA:522,57,0,0
BRDA:522,57,1,0
BRDA:528,58,0,0
BRDA:528,58,1,0
BRDA:529,59,0,0
BRDA:529,59,1,0
BRDA:576,60,0,0
BRDA:576,60,1,0
BRDA:596,61,0,0
BRDA:596,61,1,0
BRDA:624,62,0,0
BRDA:624,62,1,0
BRDA:647,63,0,0
BRDA:647,63,1,0
BRDA:666,64,0,0
BRDA:666,64,1,0
BRDA:667,65,0,0
BRDA:667,65,1,0
BRDA:668,66,0,0
BRDA:668,66,1,0
BRDA:674,67,0,0
BRDA:674,67,1,0
BRDA:677,68,0,0
BRDA:677,68,1,0
BRDA:692,69,0,0
BRDA:692,69,1,0
BRDA:692,70,0,0
BRDA:692,70,1,0
BRDA:712,71,0,0
BRDA:712,71,1,0
BRDA:725,72,0,0
BRDA:725,72,1,0
BRDA:738,73,0,0
BRDA:738,73,1,0
BRDA:754,74,0,0
BRDA:754,74,1,0
BRDA:765,75,0,0
BRDA:765,75,1,0
BRDA:776,76,0,0
BRDA:776,76,1,0
BRDA:787,77,0,0
BRDA:787,77,1,0
BRDA:812,78,0,0
BRDA:812,78,1,0
BRDA:828,79,0,0
BRDA:828,79,1,0
BRF:165
BRH:0
end_of_record
TN:
SF:src/pages/DashboardPage.tsx
FN:43,(anonymous_0)
FN:61,(anonymous_1)
FN:64,(anonymous_2)
FN:76,(anonymous_3)
FN:105,(anonymous_4)
FN:137,(anonymous_5)
FN:141,(anonymous_6)
FN:141,(anonymous_7)
FN:157,(anonymous_8)
FN:173,(anonymous_9)
FN:182,(anonymous_10)
FN:273,(anonymous_11)
FN:298,(anonymous_12)
FN:309,(anonymous_13)
FN:386,(anonymous_14)
FNF:15
FNH:0
FNDA:0,(anonymous_0)
FNDA:0,(anonymous_1)
FNDA:0,(anonymous_2)
FNDA:0,(anonymous_3)
FNDA:0,(anonymous_4)
FNDA:0,(anonymous_5)
FNDA:0,(anonymous_6)
FNDA:0,(anonymous_7)
FNDA:0,(anonymous_8)
FNDA:0,(anonymous_9)
FNDA:0,(anonymous_10)
FNDA:0,(anonymous_11)
FNDA:0,(anonymous_12)
FNDA:0,(anonymous_13)
FNDA:0,(anonymous_14)
DA:36,0
DA:43,0
DA:44,0
DA:61,0
DA:62,0
DA:64,0
DA:65,0
DA:67,0
DA:68,0
DA:69,0
DA:70,0
DA:71,0
DA:72,0
DA:73,0
DA:74,0
DA:76,0
DA:77,0
DA:78,0
DA:80,0
DA:81,0
DA:82,0
DA:83,0
DA:84,0
DA:85,0
DA:88,0
DA:89,0
DA:90,0
DA:91,0
DA:92,0
DA:94,0
DA:95,0
DA:98,0
DA:99,0
DA:101,0
DA:104,0
DA:105,0
DA:107,0
DA:114,0
DA:115,0
DA:116,0
DA:117,0
DA:118,0
DA:119,0
DA:120,0
DA:127,0
DA:128,0
DA:136,0
DA:137,0
DA:140,0
DA:141,0
DA:144,0
DA:145,0
DA:146,0
DA:147,0
DA:148,0
DA:149,0
DA:150,0
DA:151,0
DA:155,0
DA:157,0
DA:164,0
DA:165,0
DA:166,0
DA:167,0
DA:168,0
DA:169,0
DA:170,0
DA:172,0
DA:173,0
DA:179,0
DA:182,0
DA:183,0
DA:186,0
DA:188,0
DA:192,0
DA:194,0
DA:274,0
DA:298,0
DA:310,0
DA:317,0
DA:387,0
DA:393,0
LF:82
LH:0
BRDA:82,0,0,0
BRDA:82,0,1,0
BRDA:83,1,0,0
BRDA:83,1,1,0
BRDA:84,2,0,0
BRDA:84,2,1,0
BRDA:92,3,0,0
BRDA:92,3,1,0
BRDA:95,4,0,0
BRDA:95,4,1,0
BRDA:98,5,0,0
BRDA:98,5,1,0
BRDA:98,6,0,0
BRDA:98,6,1,0
BRDA:118,7,0,0
BRDA:118,7,1,0
BRDA:119,8,0,0
BRDA:119,8,1,0
BRDA:120,9,0,0
BRDA:120,9,1,0
BRDA:137,10,0,0
BRDA:137,10,1,0
BRDA:137,10,2,0
BRDA:137,10,3,0
BRDA:146,11,0,0
BRDA:146,11,1,0
BRDA:147,12,0,0
BRDA:147,12,1,0
BRDA:147,13,0,0
BRDA:147,13,1,0
BRDA:148,14,0,0
BRDA:148,14,1,0
BRDA:148,15,0,0
BRDA:148,15,1,0
BRDA:149,16,0,0
BRDA:149,16,1,0
BRDA:150,17,0,0
BRDA:150,17,1,0
BRDA:169,18,0,0
BRDA:169,18,1,0
BRDA:170,19,0,0
BRDA:170,19,1,0
BRDA:192,20,0,0
BRDA:192,20,1,0
BRDA:262,21,0,0
BRDA:262,21,1,0
BRDA:298,22,0,0
BRDA:298,22,1,0
BRDA:317,23,0,0
BRDA:317,23,1,0
BRDA:341,24,0,0
BRDA:341,24,1,0
BRDA:379,25,0,0
BRDA:379,25,1,0
BRDA:393,26,0,0
BRDA:393,26,1,0
BRF:56
BRH:0
end_of_record
TN:
SF:src/pages/DefectsPage.tsx
FN:64,(anonymous_0)
FN:74,(anonymous_1)
FN:84,(anonymous_2)
FN:105,(anonymous_3)
FN:141,(anonymous_4)
FN:142,(anonymous_5)
FN:145,(anonymous_6)
FN:147,(anonymous_7)
FN:148,(anonymous_8)
FN:151,(anonymous_9)
FN:153,(anonymous_10)
FN:159,(anonymous_11)
FN:163,(anonymous_12)
FN:167,(anonymous_13)
FN:174,(anonymous_14)
FN:183,(anonymous_15)
FN:196,(anonymous_16)
FN:213,(anonymous_17)
FN:217,(anonymous_18)
FN:218,(anonymous_19)
FN:241,(anonymous_20)
FN:248,(anonymous_21)
FN:254,(anonymous_22)
FN:276,(anonymous_23)
FN:280,(anonymous_24)
FN:304,(anonymous_25)
FN:317,(anonymous_26)
FN:324,(anonymous_27)
FN:333,(anonymous_28)
FN:346,(anonymous_29)
FN:367,(anonymous_30)
FN:395,(anonymous_31)
FN:399,(anonymous_32)
FN:406,(anonymous_33)
FN:416,(anonymous_34)
FN:426,(anonymous_35)
FN:426,(anonymous_36)
FN:427,(anonymous_37)
FN:442,(anonymous_38)
FN:473,(anonymous_39)
FN:489,(anonymous_40)
FN:500,(anonymous_41)
FN:511,(anonymous_42)
FN:524,(anonymous_43)
FN:534,(anonymous_44)
FN:538,(anonymous_45)
FN:541,(anonymous_46)
FN:552,(anonymous_47)
FN:585,(anonymous_48)
FN:591,(anonymous_49)
FN:593,(anonymous_50)
FN:600,(anonymous_51)
FN:602,(anonymous_52)
FN:607,(anonymous_53)
FN:609,(anonymous_54)
FN:614,(anonymous_55)
FN:616,(anonymous_56)
FN:621,(anonymous_57)
FN:623,(anonymous_58)
FN:643,(anonymous_59)
FN:644,(anonymous_60)
FN:648,(anonymous_61)
FN:661,(anonymous_62)
FN:661,(anonymous_63)
FN:668,(anonymous_64)
FN:679,(anonymous_65)
FN:692,(anonymous_66)
FN:694,(anonymous_67)
FN:700,(anonymous_68)
FN:712,(anonymous_69)
FN:714,(anonymous_70)
FN:720,(anonymous_71)
FN:720,(anonymous_72)
FN:731,(anonymous_73)
FN:733,(anonymous_74)
FN:739,(anonymous_75)
FN:739,(anonymous_76)
FN:750,(anonymous_77)
FN:750,(anonymous_78)
FN:753,(anonymous_79)
FN:762,(anonymous_80)
FN:762,(anonymous_81)
FN:765,(anonymous_82)
FN:775,(anonymous_83)
FN:775,(anonymous_84)
FN:778,(anonymous_85)
FN:788,(anonymous_86)
FN:788,(anonymous_87)
FN:791,(anonymous_88)
FN:807,(anonymous_89)
FN:807,(anonymous_90)
FN:818,(anonymous_91)
FN:818,(anonymous_92)
FN:835,(anonymous_93)
FN:848,(anonymous_94)
FN:859,(anonymous_95)
FN:866,(anonymous_96)
FN:867,(anonymous_97)
FN:883,(anonymous_98)
FN:890,(anonymous_99)
FN:923,(anonymous_100)
FN:923,(anonymous_101)
FN:932,(anonymous_102)
FN:959,(anonymous_103)
FN:966,(anonymous_104)
FN:1032,(anonymous_105)
FN:1042,(anonymous_106)
FN:1056,(anonymous_107)
FN:1066,(anonymous_108)
FN:1078,(anonymous_109)
FN:1082,(anonymous_110)
FN:1086,(anonymous_111)
FN:1099,(anonymous_112)
FN:1099,(anonymous_113)
FN:1108,(anonymous_114)
FN:1169,(anonymous_115)
FN:1205,(anonymous_116)
FN:1220,(anonymous_117)
FN:1224,(anonymous_118)
FN:1236,(anonymous_119)
FNF:120
FNH:0
FNDA:0,(anonymous_0)
FNDA:0,(anonymous_1)
FNDA:0,(anonymous_2)
FNDA:0,(anonymous_3)
FNDA:0,(anonymous_4)
FNDA:0,(anonymous_5)
FNDA:0,(anonymous_6)
FNDA:0,(anonymous_7)
FNDA:0,(anonymous_8)
FNDA:0,(anonymous_9)
FNDA:0,(anonymous_10)
FNDA:0,(anonymous_11)
FNDA:0,(anonymous_12)
FNDA:0,(anonymous_13)
FNDA:0,(anonymous_14)
FNDA:0,(anonymous_15)
FNDA:0,(anonymous_16)
FNDA:0,(anonymous_17)
FNDA:0,(anonymous_18)
FNDA:0,(anonymous_19)
FNDA:0,(anonymous_20)
FNDA:0,(anonymous_21)
FNDA:0,(anonymous_22)
FNDA:0,(anonymous_23)
FNDA:0,(anonymous_24)
FNDA:0,(anonymous_25)
FNDA:0,(anonymous_26)
FNDA:0,(anonymous_27)
FNDA:0,(anonymous_28)
FNDA:0,(anonymous_29)
FNDA:0,(anonymous_30)
FNDA:0,(anonymous_31)
FNDA:0,(anonymous_32)
FNDA:0,(anonymous_33)
FNDA:0,(anonymous_34)
FNDA:0,(anonymous_35)
FNDA:0,(anonymous_36)
FNDA:0,(anonymous_37)
FNDA:0,(anonymous_38)
FNDA:0,(anonymous_39)
FNDA:0,(anonymous_40)
FNDA:0,(anonymous_41)
FNDA:0,(anonymous_42)
FNDA:0,(anonymous_43)
FNDA:0,(anonymous_44)
FNDA:0,(anonymous_45)
FNDA:0,(anonymous_46)
FNDA:0,(anonymous_47)
FNDA:0,(anonymous_48)
FNDA:0,(anonymous_49)
FNDA:0,(anonymous_50)
FNDA:0,(anonymous_51)
FNDA:0,(anonymous_52)
FNDA:0,(anonymous_53)
FNDA:0,(anonymous_54)
FNDA:0,(anonymous_55)
FNDA:0,(anonymous_56)
FNDA:0,(anonymous_57)
FNDA:0,(anonymous_58)
FNDA:0,(anonymous_59)
FNDA:0,(anonymous_60)
FNDA:0,(anonymous_61)
FNDA:0,(anonymous_62)
FNDA:0,(anonymous_63)
FNDA:0,(anonymous_64)
FNDA:0,(anonymous_65)
FNDA:0,(anonymous_66)
FNDA:0,(anonymous_67)
FNDA:0,(anonymous_68)
FNDA:0,(anonymous_69)
FNDA:0,(anonymous_70)
FNDA:0,(anonymous_71)
FNDA:0,(anonymous_72)
FNDA:0,(anonymous_73)
FNDA:0,(anonymous_74)
FNDA:0,(anonymous_75)
FNDA:0,(anonymous_76)
FNDA:0,(anonymous_77)
FNDA:0,(anonymous_78)
FNDA:0,(anonymous_79)
FNDA:0,(anonymous_80)
FNDA:0,(anonymous_81)
FNDA:0,(anonymous_82)
FNDA:0,(anonymous_83)
FNDA:0,(anonymous_84)
FNDA:0,(anonymous_85)
FNDA:0,(anonymous_86)
FNDA:0,(anonymous_87)
FNDA:0,(anonymous_88)
FNDA:0,(anonymous_89)
FNDA:0,(anonymous_90)
FNDA:0,(anonymous_91)
FNDA:0,(anonymous_92)
FNDA:0,(anonymous_93)
FNDA:0,(anonymous_94)
FNDA:0,(anonymous_95)
FNDA:0,(anonymous_96)
FNDA:0,(anonymous_97)
FNDA:0,(anonymous_98)
FNDA:0,(anonymous_99)
FNDA:0,(anonymous_100)
FNDA:0,(anonymous_101)
FNDA:0,(anonymous_102)
FNDA:0,(anonymous_103)
FNDA:0,(anonymous_104)
FNDA:0,(anonymous_105)
FNDA:0,(anonymous_106)
FNDA:0,(anonymous_107)
FNDA:0,(anonymous_108)
FNDA:0,(anonymous_109)
FNDA:0,(anonymous_110)
FNDA:0,(anonymous_111)
FNDA:0,(anonymous_112)
FNDA:0,(anonymous_113)
FNDA:0,(anonymous_114)
FNDA:0,(anonymous_115)
FNDA:0,(anonymous_116)
FNDA:0,(anonymous_117)
FNDA:0,(anonymous_118)
FNDA:0,(anonymous_119)
DA:59,0
DA:60,0
DA:61,0
DA:64,0
DA:65,0
DA:71,0
DA:74,0
DA:75,0
DA:81,0
DA:84,0
DA:85,0
DA:95,0
DA:98,0
DA:105,0
DA:106,0
DA:107,0
DA:108,0
DA:109,0
DA:112,0
DA:113,0
DA:114,0
DA:115,0
DA:118,0
DA:119,0
DA:120,0
DA:121,0
DA:122,0
DA:123,0
DA:126,0
DA:127,0
DA:130,0
DA:131,0
DA:134,0
DA:135,0
DA:138,0
DA:139,0
DA:141,0
DA:142,0
DA:143,0
DA:144,0
DA:145,0
DA:148,0
DA:149,0
DA:150,0
DA:151,0
DA:157,0
DA:159,0
DA:160,0
DA:163,0
DA:164,0
DA:165,0
DA:166,0
DA:167,0
DA:173,0
DA:175,0
DA:180,0
DA:181,0
DA:183,0
DA:184,0
DA:185,0
DA:186,0
DA:188,0
DA:189,0
DA:190,0
DA:191,0
DA:192,0
DA:193,0
DA:194,0
DA:195,0
DA:196,0
DA:209,0
DA:213,0
DA:214,0
DA:217,0
DA:218,0
DA:219,0
DA:221,0
DA:239,0
DA:241,0
DA:242,0
DA:243,0
DA:244,0
DA:245,0
DA:248,0
DA:249,0
DA:250,0
DA:254,0
DA:255,0
DA:256,0
DA:257,0
DA:267,0
DA:268,0
DA:270,0
DA:272,0
DA:276,0
DA:277,0
DA:280,0
DA:281,0
DA:282,0
DA:283,0
DA:284,0
DA:285,0
DA:286,0
DA:288,0
DA:289,0
DA:291,0
DA:292,0
DA:295,0
DA:296,0
DA:297,0
DA:298,0
DA:300,0
DA:304,0
DA:305,0
DA:306,0
DA:307,0
DA:308,0
DA:309,0
DA:310,0
DA:311,0
DA:313,0
DA:317,0
DA:318,0
DA:319,0
DA:320,0
DA:321,0
DA:323,0
DA:324,0
DA:327,0
DA:331,0
DA:333,0
DA:334,0
DA:335,0
DA:336,0
DA:337,0
DA:338,0
DA:339,0
DA:341,0
DA:346,0
DA:347,0
DA:348,0
DA:359,0
DA:360,0
DA:361,0
DA:362,0
DA:363,0
DA:364,0
DA:367,0
DA:368,0
DA:369,0
DA:383,0
DA:384,0
DA:385,0
DA:386,0
DA:387,0
DA:388,0
DA:393,0
DA:394,0
DA:395,0
DA:396,0
DA:397,0
DA:398,0
DA:399,0
DA:400,0
DA:401,0
DA:402,0
DA:404,0
DA:406,0
DA:407,0
DA:408,0
DA:409,0
DA:415,0
DA:416,0
DA:417,0
DA:418,0
DA:419,0
DA:420,0
DA:421,0
DA:422,0
DA:426,0
DA:427,0
DA:428,0
DA:429,0
DA:433,0
DA:443,0
DA:444,0
DA:445,0
DA:446,0
DA:474,0
DA:475,0
DA:490,0
DA:491,0
DA:501,0
DA:502,0
DA:512,0
DA:513,0
DA:525,0
DA:526,0
DA:535,0
DA:538,0
DA:541,0
DA:552,0
DA:553,0
DA:563,0
DA:585,0
DA:591,0
DA:594,0
DA:600,0
DA:602,0
DA:607,0
DA:609,0
DA:614,0
DA:616,0
DA:621,0
DA:624,0
DA:643,0
DA:644,0
DA:648,0
DA:661,0
DA:669,0
DA:680,0
DA:693,0
DA:694,0
DA:695,0
DA:696,0
DA:700,0
DA:713,0
DA:714,0
DA:715,0
DA:720,0
DA:721,0
DA:732,0
DA:733,0
DA:734,0
DA:739,0
DA:740,0
DA:750,0
DA:753,0
DA:762,0
DA:765,0
DA:775,0
DA:778,0
DA:788,0
DA:792,0
DA:807,0
DA:818,0
DA:836,0
DA:837,0
DA:839,0
DA:841,0
DA:848,0
DA:860,0
DA:866,0
DA:868,0
DA:884,0
DA:890,0
DA:923,0
DA:932,0
DA:960,0
DA:961,0
DA:966,0
DA:1032,0
DA:1043,0
DA:1056,0
DA:1066,0
DA:1079,0
DA:1080,0
DA:1083,0
DA:1084,0
DA:1087,0
DA:1088,0
DA:1099,0
DA:1100,0
DA:1101,0
DA:1108,0
DA:1170,0
DA:1171,0
DA:1172,0
DA:1205,0
DA:1220,0
DA:1224,0
DA:1236,0
LF:282
LH:0
BRDA:71,0,0,0
BRDA:71,0,1,0
BRDA:81,1,0,0
BRDA:81,1,1,0
BRDA:95,2,0,0
BRDA:95,2,1,0
BRDA:108,3,0,0
BRDA:108,3,1,0
BRDA:144,4,0,0
BRDA:144,4,1,0
BRDA:145,5,0,0
BRDA:145,5,1,0
BRDA:150,6,0,0
BRDA:150,6,1,0
BRDA:151,7,0,0
BRDA:151,7,1,0
BRDA:160,8,0,0
BRDA:160,8,1,0
BRDA:161,9,0,0
BRDA:161,9,1,0
BRDA:166,10,0,0
BRDA:166,10,1,0
BRDA:167,11,0,0
BRDA:167,11,1,0
BRDA:173,12,0,0
BRDA:173,12,1,0
BRDA:184,13,0,0
BRDA:184,13,1,0
BRDA:190,14,0,0
BRDA:190,14,1,0
BRDA:191,15,0,0
BRDA:191,15,1,0
BRDA:194,16,0,0
BRDA:194,16,1,0
BRDA:196,17,0,0
BRDA:196,17,1,0
BRDA:198,18,0,0
BRDA:198,18,1,0
BRDA:203,19,0,0
BRDA:203,19,1,0
BRDA:204,20,0,0
BRDA:204,20,1,0
BRDA:214,21,0,0
BRDA:214,21,1,0
BRDA:214,21,2,0
BRDA:214,22,0,0
BRDA:214,22,1,0
BRDA:219,23,0,0
BRDA:219,23,1,0
BRDA:221,24,0,0
BRDA:221,24,1,0
BRDA:242,25,0,0
BRDA:242,25,1,0
BRDA:243,26,0,0
BRDA:243,26,1,0
BRDA:244,27,0,0
BRDA:244,27,1,0
BRDA:249,28,0,0
BRDA:249,28,1,0
BRDA:260,29,0,0
BRDA:260,29,1,0
BRDA:261,30,0,0
BRDA:261,30,1,0
BRDA:262,31,0,0
BRDA:262,31,1,0
BRDA:263,32,0,0
BRDA:263,32,1,0
BRDA:264,33,0,0
BRDA:264,33,1,0
BRDA:265,34,0,0
BRDA:265,34,1,0
BRDA:281,35,0,0
BRDA:281,35,1,0
BRDA:283,36,0,0
BRDA:283,36,1,0
BRDA:291,37,0,0
BRDA:291,37,1,0
BRDA:291,38,0,0
BRDA:291,38,1,0
BRDA:300,39,0,0
BRDA:300,39,1,0
BRDA:305,40,0,0
BRDA:305,40,1,0
BRDA:323,41,0,0
BRDA:323,41,1,0
BRDA:324,42,0,0
BRDA:324,42,1,0
BRDA:327,43,0,0
BRDA:327,43,1,0
BRDA:336,44,0,0
BRDA:336,44,1,0
BRDA:347,45,0,0
BRDA:347,45,1,0
BRDA:362,46,0,0
BRDA:362,46,1,0
BRDA:368,47,0,0
BRDA:368,47,1,0
BRDA:371,48,0,0
BRDA:371,48,1,0
BRDA:372,49,0,0
BRDA:372,49,1,0
BRDA:373,50,0,0
BRDA:373,50,1,0
BRDA:374,51,0,0
BRDA:374,51,1,0
BRDA:375,52,0,0
BRDA:375,52,1,0
BRDA:377,53,0,0
BRDA:377,53,1,0
BRDA:378,54,0,0
BRDA:378,54,1,0
BRDA:379,55,0,0
BRDA:379,55,1,0
BRDA:380,56,0,0
BRDA:380,56,1,0
BRDA:381,57,0,0
BRDA:381,57,1,0
BRDA:384,58,0,0
BRDA:384,58,1,0
BRDA:386,59,0,0
BRDA:386,59,1,0
BRDA:397,60,0,0
BRDA:397,60,1,0
BRDA:397,61,0,0
BRDA:397,61,1,0
BRDA:402,62,0,0
BRDA:402,62,1,0
BRDA:415,63,0,0
BRDA:415,63,1,0
BRDA:415,63,2,0
BRDA:415,63,3,0
BRDA:415,63,4,0
BRDA:415,63,5,0
BRDA:429,64,0,0
BRDA:429,64,1,0
BRDA:444,65,0,0
BRDA:444,65,1,0
BRDA:448,66,0,0
BRDA:448,66,1,0
BRDA:451,67,0,0
BRDA:451,67,1,0
BRDA:474,68,0,0
BRDA:474,68,1,0
BRDA:492,69,0,0
BRDA:492,69,1,0
BRDA:503,70,0,0
BRDA:503,70,1,0
BRDA:514,71,0,0
BRDA:514,71,1,0
BRDA:525,72,0,0
BRDA:525,72,1,0
BRDA:536,73,0,0
BRDA:536,73,1,0
BRDA:558,74,0,0
BRDA:558,74,1,0
BRDA:571,75,0,0
BRDA:571,75,1,0
BRDA:594,76,0,0
BRDA:594,76,1,0
BRDA:624,77,0,0
BRDA:624,77,1,0
BRDA:628,78,0,0
BRDA:628,78,1,0
BRDA:651,79,0,0
BRDA:651,79,1,0
BRDA:660,80,0,0
BRDA:660,80,1,0
BRDA:661,81,0,0
BRDA:661,81,1,0
BRDA:663,82,0,0
BRDA:663,82,1,0
BRDA:663,82,2,0
BRDA:663,82,3,0
BRDA:663,82,4,0
BRDA:664,83,0,0
BRDA:664,83,1,0
BRDA:669,84,0,0
BRDA:669,84,1,0
BRDA:669,85,0,0
BRDA:669,85,1,0
BRDA:674,86,0,0
BRDA:674,86,1,0
BRDA:674,87,0,0
BRDA:674,87,1,0
BRDA:674,88,0,0
BRDA:674,88,1,0
BRDA:676,89,0,0
BRDA:676,89,1,0
BRDA:676,90,0,0
BRDA:676,90,1,0
BRDA:676,90,2,0
BRDA:680,91,0,0
BRDA:680,91,1,0
BRDA:680,92,0,0
BRDA:680,92,1,0
BRDA:688,93,0,0
BRDA:688,93,1,0
BRDA:691,94,0,0
BRDA:691,94,1,0
BRDA:694,95,0,0
BRDA:694,95,1,0
BRDA:700,96,0,0
BRDA:700,96,1,0
BRDA:702,97,0,0
BRDA:702,97,1,0
BRDA:702,97,2,0
BRDA:711,98,0,0
BRDA:711,98,1,0
BRDA:714,99,0,0
BRDA:714,99,1,0
BRDA:715,100,0,0
BRDA:715,100,1,0
BRDA:715,101,0,0
BRDA:715,101,1,0
BRDA:730,102,0,0
BRDA:730,102,1,0
BRDA:733,103,0,0
BRDA:733,103,1,0
BRDA:734,104,0,0
BRDA:734,104,1,0
BRDA:734,105,0,0
BRDA:734,105,1,0
BRDA:734,106,0,0
BRDA:734,106,1,0
BRDA:749,107,0,0
BRDA:749,107,1,0
BRDA:750,108,0,0
BRDA:750,108,1,0
BRDA:761,109,0,0
BRDA:761,109,1,0
BRDA:762,110,0,0
BRDA:762,110,1,0
BRDA:769,111,0,0
BRDA:769,111,1,0
BRDA:774,112,0,0
BRDA:774,112,1,0
BRDA:775,113,0,0
BRDA:775,113,1,0
BRDA:784,114,0,0
BRDA:784,114,1,0
BRDA:787,115,0,0
BRDA:787,115,1,0
BRDA:788,116,0,0
BRDA:788,116,1,0
BRDA:793,117,0,0
BRDA:793,117,1,0
BRDA:797,118,0,0
BRDA:797,118,1,0
BRDA:797,118,2,0
BRDA:802,119,0,0
BRDA:802,119,1,0
BRDA:806,120,0,0
BRDA:806,120,1,0
BRDA:807,121,0,0
BRDA:807,121,1,0
BRDA:817,122,0,0
BRDA:817,122,1,0
BRDA:818,123,0,0
BRDA:818,123,1,0
BRDA:836,124,0,0
BRDA:836,124,1,0
BRDA:852,125,0,0
BRDA:852,125,1,0
BRDA:857,126,0,0
BRDA:857,126,1,0
BRDA:858,127,0,0
BRDA:858,127,1,0
BRDA:861,128,0,0
BRDA:861,128,1,0
BRDA:868,129,0,0
BRDA:868,129,1,0
BRDA:881,130,0,0
BRDA:881,130,1,0
BRDA:903,131,0,0
BRDA:903,131,1,0
BRDA:903,131,2,0
BRDA:911,132,0,0
BRDA:911,132,1,0
BRDA:916,133,0,0
BRDA:916,133,1,0
BRDA:919,134,0,0
BRDA:919,134,1,0
BRDA:923,135,0,0
BRDA:923,135,1,0
BRDA:944,136,0,0
BRDA:944,136,1,0
BRDA:971,137,0,0
BRDA:971,137,1,0
BRDA:973,138,0,0
BRDA:973,138,1,0
BRDA:992,139,0,0
BRDA:992,139,1,0
BRDA:1003,140,0,0
BRDA:1003,140,1,0
BRDA:1005,141,0,0
BRDA:1005,141,1,0
BRDA:1008,142,0,0
BRDA:1008,142,1,0
BRDA:1010,143,0,0
BRDA:1010,143,1,0
BRDA:1022,144,0,0
BRDA:1022,144,1,0
BRDA:1022,144,2,0
BRDA:1037,145,0,0
BRDA:1037,145,1,0
BRDA:1037,145,2,0
BRDA:1037,145,3,0
BRDA:1037,145,4,0
BRDA:1037,145,5,0
BRDA:1038,146,0,0
BRDA:1038,146,1,0
BRDA:1043,147,0,0
BRDA:1043,147,1,0
BRDA:1043,148,0,0
BRDA:1043,148,1,0
BRDA:1048,149,0,0
BRDA:1048,149,1,0
BRDA:1070,150,0,0
BRDA:1070,150,1,0
BRDA:1093,151,0,0
BRDA:1093,151,1,0
BRDA:1132,152,0,0
BRDA:1132,152,1,0
BRDA:1132,153,0,0
BRDA:1132,153,1,0
BRDA:1153,154,0,0
BRDA:1153,154,1,0
BRDA:1159,155,0,0
BRDA:1159,155,1,0
BRDA:1162,156,0,0
BRDA:1162,156,1,0
BRDA:1170,157,0,0
BRDA:1170,157,1,0
BRDA:1173,158,0,0
BRDA:1173,158,1,0
BRDA:1174,159,0,0
BRDA:1174,159,1,0
BRDA:1219,160,0,0
BRDA:1219,160,1,0
BRDA:1219,160,2,0
BRF:340
BRH:0
end_of_record
TN:
SF:src/pages/ExecutionPage.tsx
FN:56,(anonymous_0)
FN:75,(anonymous_1)
FN:94,(anonymous_2)
FN:120,(anonymous_3)
FN:140,(anonymous_4)
FN:144,(anonymous_5)
FN:150,(anonymous_6)
FN:152,(anonymous_7)
FN:173,(anonymous_8)
FN:177,(anonymous_9)
FN:188,(anonymous_10)
FN:200,(anonymous_11)
FN:205,(anonymous_12)
FN:206,(anonymous_13)
FN:212,(anonymous_14)
FN:213,(anonymous_15)
FN:219,(anonymous_16)
FN:228,(anonymous_17)
FN:245,(anonymous_18)
FN:246,(anonymous_19)
FN:250,(anonymous_20)
FN:255,(anonymous_21)
FN:256,(anonymous_22)
FN:259,(anonymous_23)
FN:266,(anonymous_24)
FN:274,(anonymous_25)
FN:282,(anonymous_26)
FN:284,(anonymous_27)
FN:285,(anonymous_28)
FN:286,(anonymous_29)
FN:287,(anonymous_30)
FN:308,(anonymous_31)
FN:319,(anonymous_32)
FN:341,(anonymous_33)
FN:342,(anonymous_34)
FN:343,(anonymous_35)
FN:344,(anonymous_36)
FN:348,(anonymous_37)
FN:359,(anonymous_38)
FN:419,(anonymous_39)
FN:454,(anonymous_40)
FN:461,(anonymous_41)
FN:488,(anonymous_42)
FN:565,(anonymous_43)
FN:572,(anonymous_44)
FN:599,(anonymous_45)
FN:600,(anonymous_46)
FN:602,(anonymous_47)
FN:623,(anonymous_48)
FN:644,(anonymous_49)
FN:668,(anonymous_50)
FN:675,(anonymous_51)
FN:742,(anonymous_52)
FN:756,(anonymous_53)
FN:772,(anonymous_54)
FN:780,(anonymous_55)
FN:786,(anonymous_56)
FN:787,(anonymous_57)
FN:814,(anonymous_58)
FN:815,(anonymous_59)
FN:821,(anonymous_60)
FN:831,(anonymous_61)
FN:838,(anonymous_62)
FN:842,(anonymous_63)
FN:868,(anonymous_64)
FN:880,(anonymous_65)
FN:888,(anonymous_66)
FN:928,(anonymous_67)
FN:929,(anonymous_68)
FN:938,(anonymous_69)
FN:939,(anonymous_70)
FNF:71
FNH:0
FNDA:0,(anonymous_0)
FNDA:0,(anonymous_1)
FNDA:0,(anonymous_2)
FNDA:0,(anonymous_3)
FNDA:0,(anonymous_4)
FNDA:0,(anonymous_5)
FNDA:0,(anonymous_6)
FNDA:0,(anonymous_7)
FNDA:0,(anonymous_8)
FNDA:0,(anonymous_9)
FNDA:0,(anonymous_10)
FNDA:0,(anonymous_11)
FNDA:0,(anonymous_12)
FNDA:0,(anonymous_13)
FNDA:0,(anonymous_14)
FNDA:0,(anonymous_15)
FNDA:0,(anonymous_16)
FNDA:0,(anonymous_17)
FNDA:0,(anonymous_18)
FNDA:0,(anonymous_19)
FNDA:0,(anonymous_20)
FNDA:0,(anonymous_21)
FNDA:0,(anonymous_22)
FNDA:0,(anonymous_23)
FNDA:0,(anonymous_24)
FNDA:0,(anonymous_25)
FNDA:0,(anonymous_26)
FNDA:0,(anonymous_27)
FNDA:0,(anonymous_28)
FNDA:0,(anonymous_29)
FNDA:0,(anonymous_30)
FNDA:0,(anonymous_31)
FNDA:0,(anonymous_32)
FNDA:0,(anonymous_33)
FNDA:0,(anonymous_34)
FNDA:0,(anonymous_35)
FNDA:0,(anonymous_36)
FNDA:0,(anonymous_37)
FNDA:0,(anonymous_38)
FNDA:0,(anonymous_39)
FNDA:0,(anonymous_40)
FNDA:0,(anonymous_41)
FNDA:0,(anonymous_42)
FNDA:0,(anonymous_43)
FNDA:0,(anonymous_44)
FNDA:0,(anonymous_45)
FNDA:0,(anonymous_46)
FNDA:0,(anonymous_47)
FNDA:0,(anonymous_48)
FNDA:0,(anonymous_49)
FNDA:0,(anonymous_50)
FNDA:0,(anonymous_51)
FNDA:0,(anonymous_52)
FNDA:0,(anonymous_53)
FNDA:0,(anonymous_54)
FNDA:0,(anonymous_55)
FNDA:0,(anonymous_56)
FNDA:0,(anonymous_57)
FNDA:0,(anonymous_58)
FNDA:0,(anonymous_59)
FNDA:0,(anonymous_60)
FNDA:0,(anonymous_61)
FNDA:0,(anonymous_62)
FNDA:0,(anonymous_63)
FNDA:0,(anonymous_64)
FNDA:0,(anonymous_65)
FNDA:0,(anonymous_66)
FNDA:0,(anonymous_67)
FNDA:0,(anonymous_68)
FNDA:0,(anonymous_69)
FNDA:0,(anonymous_70)
DA:56,0
DA:57,0
DA:58,0
DA:59,0
DA:60,0
DA:61,0
DA:62,0
DA:63,0
DA:64,0
DA:67,0
DA:75,0
DA:94,0
DA:95,0
DA:96,0
DA:97,0
DA:99,0
DA:100,0
DA:101,0
DA:102,0
DA:103,0
DA:106,0
DA:107,0
DA:108,0
DA:111,0
DA:112,0
DA:117,0
DA:120,0
DA:121,0
DA:122,0
DA:123,0
DA:124,0
DA:128,0
DA:129,0
DA:130,0
DA:131,0
DA:134,0
DA:136,0
DA:140,0
DA:141,0
DA:144,0
DA:145,0
DA:146,0
DA:147,0
DA:148,0
DA:150,0
DA:151,0
DA:152,0
DA:153,0
DA:159,0
DA:162,0
DA:163,0
DA:164,0
DA:166,0
DA:167,0
DA:169,0
DA:173,0
DA:174,0
DA:175,0
DA:176,0
DA:177,0
DA:178,0
DA:179,0
DA:180,0
DA:182,0
DA:184,0
DA:188,0
DA:189,0
DA:190,0
DA:191,0
DA:192,0
DA:193,0
DA:194,0
DA:196,0
DA:200,0
DA:201,0
DA:202,0
DA:205,0
DA:206,0
DA:212,0
DA:213,0
DA:219,0
DA:220,0
DA:221,0
DA:222,0
DA:224,0
DA:225,0
DA:226,0
DA:227,0
DA:228,0
DA:238,0
DA:240,0
DA:245,0
DA:246,0
DA:250,0
DA:255,0
DA:256,0
DA:259,0
DA:260,0
DA:261,0
DA:263,0
DA:264,0
DA:265,0
DA:266,0
DA:267,0
DA:268,0
DA:269,0
DA:274,0
DA:282,0
DA:283,0
DA:284,0
DA:285,0
DA:286,0
DA:287,0
DA:289,0
DA:295,0
DA:298,0
DA:299,0
DA:300,0
DA:302,0
DA:304,0
DA:308,0
DA:309,0
DA:310,0
DA:311,0
DA:312,0
DA:313,0
DA:317,0
DA:319,0
DA:320,0
DA:321,0
DA:322,0
DA:323,0
DA:324,0
DA:326,0
DA:328,0
DA:332,0
DA:333,0
DA:335,0
DA:336,0
DA:337,0
DA:340,0
DA:341,0
DA:342,0
DA:343,0
DA:344,0
DA:345,0
DA:346,0
DA:348,0
DA:349,0
DA:350,0
DA:351,0
DA:352,0
DA:355,0
DA:359,0
DA:420,0
DA:455,0
DA:456,0
DA:457,0
DA:461,0
DA:488,0
DA:565,0
DA:572,0
DA:600,0
DA:601,0
DA:602,0
DA:603,0
DA:604,0
DA:606,0
DA:624,0
DA:625,0
DA:626,0
DA:627,0
DA:629,0
DA:644,0
DA:669,0
DA:670,0
DA:671,0
DA:676,0
DA:677,0
DA:742,0
DA:756,0
DA:772,0
DA:781,0
DA:786,0
DA:787,0
DA:814,0
DA:815,0
DA:821,0
DA:832,0
DA:839,0
DA:840,0
DA:842,0
DA:868,0
DA:880,0
DA:888,0
DA:928,0
DA:929,0
DA:939,0
DA:940,0
DA:942,0
LF:200
LH:0
BRDA:57,0,0,0
BRDA:57,0,1,0
BRDA:59,1,0,0
BRDA:59,1,1,0
BRDA:60,2,0,0
BRDA:60,2,1,0
BRDA:60,3,0,0
BRDA:60,3,1,0
BRDA:61,4,0,0
BRDA:61,4,1,0
BRDA:61,5,0,0
BRDA:61,5,1,0
BRDA:62,6,0,0
BRDA:62,6,1,0
BRDA:63,7,0,0
BRDA:63,7,1,0
BRDA:75,8,0,0
BRDA:75,8,1,0
BRDA:121,9,0,0
BRDA:121,9,1,0
BRDA:130,10,0,0
BRDA:130,10,1,0
BRDA:147,11,0,0
BRDA:147,11,1,0
BRDA:148,12,0,0
BRDA:148,12,1,0
BRDA:151,13,0,0
BRDA:151,13,1,0
BRDA:154,14,0,0
BRDA:154,14,1,0
BRDA:155,15,0,0
BRDA:155,15,1,0
BRDA:156,16,0,0
BRDA:156,16,1,0
BRDA:157,17,0,0
BRDA:157,17,1,0
BRDA:164,18,0,0
BRDA:164,18,1,0
BRDA:166,19,0,0
BRDA:166,19,1,0
BRDA:177,20,0,0
BRDA:177,20,1,0
BRDA:178,21,0,0
BRDA:178,21,1,0
BRDA:179,22,0,0
BRDA:179,22,1,0
BRDA:190,23,0,0
BRDA:190,23,1,0
BRDA:208,24,0,0
BRDA:208,24,1,0
BRDA:220,25,0,0
BRDA:220,25,1,0
BRDA:220,26,0,0
BRDA:220,26,1,0
BRDA:222,27,0,0
BRDA:222,27,1,0
BRDA:233,28,0,0
BRDA:233,28,1,0
BRDA:261,29,0,0
BRDA:261,29,1,0
BRDA:265,30,0,0
BRDA:265,30,1,0
BRDA:267,31,0,0
BRDA:267,31,1,0
BRDA:268,32,0,0
BRDA:268,32,1,0
BRDA:271,33,0,0
BRDA:271,33,1,0
BRDA:272,34,0,0
BRDA:272,34,1,0
BRDA:273,35,0,0
BRDA:273,35,1,0
BRDA:274,36,0,0
BRDA:274,36,1,0
BRDA:284,37,0,0
BRDA:284,37,1,0
BRDA:285,38,0,0
BRDA:285,38,1,0
BRDA:286,39,0,0
BRDA:286,39,1,0
BRDA:287,40,0,0
BRDA:287,40,1,0
BRDA:310,41,0,0
BRDA:310,41,1,0
BRDA:326,42,0,0
BRDA:326,42,1,0
BRDA:332,43,0,0
BRDA:332,43,1,0
BRDA:333,44,0,0
BRDA:333,44,1,0
BRDA:337,45,0,0
BRDA:337,45,1,0
BRDA:346,46,0,0
BRDA:346,46,1,0
BRDA:349,47,0,0
BRDA:349,47,1,0
BRDA:350,48,0,0
BRDA:350,48,1,0
BRDA:351,49,0,0
BRDA:351,49,1,0
BRDA:366,50,0,0
BRDA:366,50,1,0
BRDA:372,51,0,0
BRDA:372,51,1,0
BRDA:373,52,0,0
BRDA:373,52,1,0
BRDA:382,53,0,0
BRDA:382,53,1,0
BRDA:403,54,0,0
BRDA:403,54,1,0
BRDA:456,55,0,0
BRDA:456,55,1,0
BRDA:456,55,2,0
BRDA:480,56,0,0
BRDA:480,56,1,0
BRDA:482,57,0,0
BRDA:482,57,1,0
BRDA:488,58,0,0
BRDA:488,58,1,0
BRDA:504,59,0,0
BRDA:504,59,1,0
BRDA:504,60,0,0
BRDA:504,60,1,0
BRDA:518,61,0,0
BRDA:518,61,1,0
BRDA:525,62,0,0
BRDA:525,62,1,0
BRDA:531,63,0,0
BRDA:531,63,1,0
BRDA:532,64,0,0
BRDA:532,64,1,0
BRDA:538,65,0,0
BRDA:538,65,1,0
BRDA:539,66,0,0
BRDA:539,66,1,0
BRDA:540,67,0,0
BRDA:540,67,1,0
BRDA:541,68,0,0
BRDA:541,68,1,0
BRDA:581,69,0,0
BRDA:581,69,1,0
BRDA:594,70,0,0
BRDA:594,70,1,0
BRDA:603,71,0,0
BRDA:603,71,1,0
BRDA:620,72,0,0
BRDA:620,72,1,0
BRDA:624,73,0,0
BRDA:624,73,1,0
BRDA:625,74,0,0
BRDA:625,74,1,0
BRDA:635,75,0,0
BRDA:635,75,1,0
BRDA:650,76,0,0
BRDA:650,76,1,0
BRDA:650,77,0,0
BRDA:650,77,1,0
BRDA:682,78,0,0
BRDA:682,78,1,0
BRDA:683,79,0,0
BRDA:683,79,1,0
BRDA:694,80,0,0
BRDA:694,80,1,0
BRDA:720,81,0,0
BRDA:720,81,1,0
BRDA:778,82,0,0
BRDA:778,82,1,0
BRDA:778,83,0,0
BRDA:778,83,1,0
BRDA:780,84,0,0
BRDA:780,84,1,0
BRDA:829,85,0,0
BRDA:829,85,1,0
BRDA:839,86,0,0
BRDA:839,86,1,0
BRDA:900,87,0,0
BRDA:900,87,1,0
BRDA:902,88,0,0
BRDA:902,88,1,0
BRDA:925,89,0,0
BRDA:925,89,1,0
BRDA:940,90,0,0
BRDA:940,90,1,0
BRF:183
BRH:0
end_of_record
TN:
SF:src/pages/LoginPage.tsx
FN:19,(anonymous_0)
FN:31,(anonymous_1)
FN:91,(anonymous_2)
FN:102,(anonymous_3)
FN:108,(anonymous_4)
FNF:5
FNH:0
FNDA:0,(anonymous_0)
FNDA:0,(anonymous_1)
FNDA:0,(anonymous_2)
FNDA:0,(anonymous_3)
FNDA:0,(anonymous_4)
DA:19,0
DA:20,0
DA:21,0
DA:22,0
DA:23,0
DA:24,0
DA:26,0
DA:27,0
DA:28,0
DA:29,0
DA:31,0
DA:32,0
DA:33,0
DA:34,0
DA:36,0
DA:37,0
DA:38,0
DA:40,0
DA:42,0
DA:46,0
DA:91,0
DA:102,0
DA:108,0
LF:23
LH:0
BRDA:29,0,0,0
BRDA:29,0,1,0
BRDA:40,1,0,0
BRDA:40,1,1,0
BRDA:78,2,0,0
BRDA:78,2,1,0
BRDA:98,3,0,0
BRDA:98,3,1,0
BRDA:109,4,0,0
BRDA:109,4,1,0
BRDA:133,5,0,0
BRDA:133,5,1,0
BRF:12
BRH:0
end_of_record
TN:
SF:src/pages/ProjectsPage.tsx
FN:34,(anonymous_0)
FN:58,(anonymous_1)
FN:88,(anonymous_2)
FN:94,(anonymous_3)
FN:106,(anonymous_4)
FN:143,(anonymous_5)
FN:162,(anonymous_6)
FN:171,(anonymous_7)
FN:189,(anonymous_8)
FN:209,(anonymous_9)
FN:226,(anonymous_10)
FN:238,(anonymous_11)
FN:248,(anonymous_12)
FN:252,(anonymous_13)
FN:268,(anonymous_14)
FN:284,(anonymous_15)
FN:295,(anonymous_16)
FN:331,(anonymous_17)
FN:349,(anonymous_18)
FN:357,(anonymous_19)
FN:369,(anonymous_20)
FN:381,(anonymous_21)
FN:399,(anonymous_22)
FN:403,(anonymous_23)
FN:412,(anonymous_24)
FN:413,(anonymous_25)
FN:425,(anonymous_26)
FN:426,(anonymous_27)
FN:435,(anonymous_28)
FN:443,(anonymous_29)
FN:452,(anonymous_30)
FN:453,(anonymous_31)
FN:474,(anonymous_32)
FN:475,(anonymous_33)
FN:484,(anonymous_34)
FN:485,(anonymous_35)
FN:496,(anonymous_36)
FN:504,(anonymous_37)
FN:520,(anonymous_38)
FNF:39
FNH:0
FNDA:0,(anonymous_0)
FNDA:0,(anonymous_1)
FNDA:0,(anonymous_2)
FNDA:0,(anonymous_3)
FNDA:0,(anonymous_4)
FNDA:0,(anonymous_5)
FNDA:0,(anonymous_6)
FNDA:0,(anonymous_7)
FNDA:0,(anonymous_8)
FNDA:0,(anonymous_9)
FNDA:0,(anonymous_10)
FNDA:0,(anonymous_11)
FNDA:0,(anonymous_12)
FNDA:0,(anonymous_13)
FNDA:0,(anonymous_14)
FNDA:0,(anonymous_15)
FNDA:0,(anonymous_16)
FNDA:0,(anonymous_17)
FNDA:0,(anonymous_18)
FNDA:0,(anonymous_19)
FNDA:0,(anonymous_20)
FNDA:0,(anonymous_21)
FNDA:0,(anonymous_22)
FNDA:0,(anonymous_23)
FNDA:0,(anonymous_24)
FNDA:0,(anonymous_25)
FNDA:0,(anonymous_26)
FNDA:0,(anonymous_27)
FNDA:0,(anonymous_28)
FNDA:0,(anonymous_29)
FNDA:0,(anonymous_30)
FNDA:0,(anonymous_31)
FNDA:0,(anonymous_32)
FNDA:0,(anonymous_33)
FNDA:0,(anonymous_34)
FNDA:0,(anonymous_35)
FNDA:0,(anonymous_36)
FNDA:0,(anonymous_37)
FNDA:0,(anonymous_38)
DA:34,0
DA:35,0
DA:36,0
DA:37,0
DA:38,0
DA:43,0
DA:44,0
DA:45,0
DA:47,0
DA:48,0
DA:49,0
DA:50,0
DA:52,0
DA:53,0
DA:54,0
DA:55,0
DA:56,0
DA:58,0
DA:59,0
DA:60,0
DA:61,0
DA:69,0
DA:70,0
DA:72,0
DA:73,0
DA:74,0
DA:75,0
DA:76,0
DA:78,0
DA:79,0
DA:82,0
DA:84,0
DA:88,0
DA:89,0
DA:92,0
DA:94,0
DA:95,0
DA:96,0
DA:97,0
DA:98,0
DA:100,0
DA:101,0
DA:102,0
DA:104,0
DA:105,0
DA:106,0
DA:108,0
DA:109,0
DA:110,0
DA:113,0
DA:114,0
DA:115,0
DA:117,0
DA:118,0
DA:125,0
DA:126,0
DA:127,0
DA:129,0
DA:130,0
DA:132,0
DA:133,0
DA:134,0
DA:135,0
DA:137,0
DA:143,0
DA:144,0
DA:145,0
DA:146,0
DA:147,0
DA:148,0
DA:149,0
DA:150,0
DA:151,0
DA:153,0
DA:157,0
DA:162,0
DA:172,0
DA:190,0
DA:210,0
DA:227,0
DA:228,0
DA:229,0
DA:230,0
DA:231,0
DA:239,0
DA:249,0
DA:253,0
DA:254,0
DA:259,0
DA:269,0
DA:270,0
DA:271,0
DA:284,0
DA:285,0
DA:286,0
DA:293,0
DA:294,0
DA:295,0
DA:304,0
DA:305,0
DA:306,0
DA:307,0
DA:309,0
DA:313,0
DA:332,0
DA:333,0
DA:349,0
DA:357,0
DA:369,0
DA:382,0
DA:383,0
DA:384,0
DA:399,0
DA:403,0
DA:413,0
DA:426,0
DA:427,0
DA:435,0
DA:443,0
DA:453,0
DA:454,0
DA:475,0
DA:476,0
DA:485,0
DA:486,0
DA:496,0
DA:504,0
DA:521,0
DA:522,0
LF:129
LH:0
BRDA:55,0,0,0
BRDA:55,0,1,0
BRDA:56,1,0,0
BRDA:56,1,1,0
BRDA:64,2,0,0
BRDA:64,2,1,0
BRDA:65,3,0,0
BRDA:65,3,1,0
BRDA:66,4,0,0
BRDA:66,4,1,0
BRDA:70,5,0,0
BRDA:70,5,1,0
BRDA:72,6,0,0
BRDA:72,6,1,0
BRDA:73,7,0,0
BRDA:73,7,1,0
BRDA:74,8,0,0
BRDA:74,8,1,0
BRDA:76,9,0,0
BRDA:76,9,1,0
BRDA:95,10,0,0
BRDA:95,10,1,0
BRDA:96,11,0,0
BRDA:96,11,1,0
BRDA:100,12,0,0
BRDA:100,12,1,0
BRDA:104,13,0,0
BRDA:104,13,1,0
BRDA:108,14,0,0
BRDA:108,14,1,0
BRDA:113,15,0,0
BRDA:113,15,1,0
BRDA:121,16,0,0
BRDA:121,16,1,0
BRDA:122,17,0,0
BRDA:122,17,1,0
BRDA:123,18,0,0
BRDA:123,18,1,0
BRDA:125,19,0,0
BRDA:125,19,1,0
BRDA:137,20,0,0
BRDA:137,20,1,0
BRDA:144,21,0,0
BRDA:144,21,1,0
BRDA:162,22,0,0
BRDA:162,22,1,0
BRDA:173,23,0,0
BRDA:173,23,1,0
BRDA:181,24,0,0
BRDA:181,24,1,0
BRDA:190,25,0,0
BRDA:190,25,1,0
BRDA:196,26,0,0
BRDA:196,26,1,0
BRDA:197,27,0,0
BRDA:197,27,1,0
BRDA:198,28,0,0
BRDA:198,28,1,0
BRDA:211,29,0,0
BRDA:211,29,1,0
BRDA:215,30,0,0
BRDA:215,30,1,0
BRDA:216,31,0,0
BRDA:216,31,1,0
BRDA:217,32,0,0
BRDA:217,32,1,0
BRDA:227,33,0,0
BRDA:227,33,1,0
BRDA:228,34,0,0
BRDA:228,34,1,0
BRDA:229,35,0,0
BRDA:229,35,1,0
BRDA:229,36,0,0
BRDA:229,36,1,0
BRDA:230,37,0,0
BRDA:230,37,1,0
BRDA:231,38,0,0
BRDA:231,38,1,0
BRDA:239,39,0,0
BRDA:239,39,1,0
BRDA:241,40,0,0
BRDA:241,40,1,0
BRDA:256,41,0,0
BRDA:256,41,1,0
BRDA:256,41,2,0
BRDA:257,42,0,0
BRDA:257,42,1,0
BRDA:264,43,0,0
BRDA:264,43,1,0
BRDA:289,44,0,0
BRDA:289,44,1,0
BRDA:290,45,0,0
BRDA:290,45,1,0
BRDA:291,46,0,0
BRDA:291,46,1,0
BRDA:294,47,0,0
BRDA:294,47,1,0
BRDA:294,48,0,0
BRDA:294,48,1,0
BRDA:296,49,0,0
BRDA:296,49,1,0
BRDA:297,50,0,0
BRDA:297,50,1,0
BRDA:298,51,0,0
BRDA:298,51,1,0
BRDA:299,52,0,0
BRDA:299,52,1,0
BRDA:300,53,0,0
BRDA:300,53,1,0
BRDA:301,54,0,0
BRDA:301,54,1,0
BRDA:301,54,2,0
BRDA:302,55,0,0
BRDA:302,55,1,0
BRDA:327,56,0,0
BRDA:327,56,1,0
BRDA:377,57,0,0
BRDA:377,57,1,0
BRDA:377,57,2,0
BRDA:377,57,3,0
BRDA:404,58,0,0
BRDA:404,58,1,0
BRDA:411,59,0,0
BRDA:411,59,1,0
BRDA:413,60,0,0
BRDA:413,60,1,0
BRDA:415,61,0,0
BRDA:415,61,1,0
BRDA:416,62,0,0
BRDA:416,62,1,0
BRDA:416,63,0,0
BRDA:416,63,1,0
BRDA:423,64,0,0
BRDA:423,64,1,0
BRDA:427,65,0,0
BRDA:427,65,1,0
BRDA:431,66,0,0
BRDA:431,66,1,0
BRDA:431,66,2,0
BRDA:431,66,3,0
BRDA:439,67,0,0
BRDA:439,67,1,0
BRDA:441,68,0,0
BRDA:441,68,1,0
BRDA:443,69,0,0
BRDA:443,69,1,0
BRDA:448,70,0,0
BRDA:448,70,1,0
BRDA:451,71,0,0
BRDA:451,71,1,0
BRDA:454,72,0,0
BRDA:454,72,1,0
BRDA:463,73,0,0
BRDA:463,73,1,0
BRDA:463,73,2,0
BRDA:473,74,0,0
BRDA:473,74,1,0
BRDA:476,75,0,0
BRDA:476,75,1,0
BRDA:483,76,0,0
BRDA:483,76,1,0
BRDA:486,77,0,0
BRDA:486,77,1,0
BRDA:501,78,0,0
BRDA:501,78,1,0
BRDA:501,78,2,0
BRDA:501,78,3,0
BRDA:501,78,4,0
BRDA:507,79,0,0
BRDA:507,79,1,0
BRF:170
BRH:0
end_of_record
TN:
SF:src/pages/ReportsPage.tsx
FN:57,(anonymous_0)
FN:68,(anonymous_1)
FN:72,(anonymous_2)
FN:75,(anonymous_3)
FN:82,(anonymous_4)
FN:83,(anonymous_5)
FN:87,(anonymous_6)
FN:88,(anonymous_7)
FN:94,(anonymous_8)
FN:94,(anonymous_9)
FN:97,(anonymous_10)
FN:97,(anonymous_11)
FN:99,(anonymous_12)
FN:124,(anonymous_13)
FN:125,(anonymous_14)
FN:136,(anonymous_15)
FN:137,(anonymous_16)
FN:153,(anonymous_17)
FN:160,(anonymous_18)
FN:179,(anonymous_19)
FN:186,(anonymous_20)
FN:211,(anonymous_21)
FN:215,(anonymous_22)
FN:227,(anonymous_23)
FN:239,(anonymous_24)
FN:266,(anonymous_25)
FN:341,(anonymous_26)
FN:352,(anonymous_27)
FN:369,(anonymous_28)
FN:371,(anonymous_29)
FNF:30
FNH:0
FNDA:0,(anonymous_0)
FNDA:0,(anonymous_1)
FNDA:0,(anonymous_2)
FNDA:0,(anonymous_3)
FNDA:0,(anonymous_4)
FNDA:0,(anonymous_5)
FNDA:0,(anonymous_6)
FNDA:0,(anonymous_7)
FNDA:0,(anonymous_8)
FNDA:0,(anonymous_9)
FNDA:0,(anonymous_10)
FNDA:0,(anonymous_11)
FNDA:0,(anonymous_12)
FNDA:0,(anonymous_13)
FNDA:0,(anonymous_14)
FNDA:0,(anonymous_15)
FNDA:0,(anonymous_16)
FNDA:0,(anonymous_17)
FNDA:0,(anonymous_18)
FNDA:0,(anonymous_19)
FNDA:0,(anonymous_20)
FNDA:0,(anonymous_21)
FNDA:0,(anonymous_22)
FNDA:0,(anonymous_23)
FNDA:0,(anonymous_24)
FNDA:0,(anonymous_25)
FNDA:0,(anonymous_26)
FNDA:0,(anonymous_27)
FNDA:0,(anonymous_28)
FNDA:0,(anonymous_29)
DA:50,0
DA:57,0
DA:58,0
DA:59,0
DA:61,0
DA:62,0
DA:63,0
DA:64,0
DA:65,0
DA:68,0
DA:69,0
DA:70,0
DA:73,0
DA:74,0
DA:75,0
DA:82,0
DA:83,0
DA:87,0
DA:88,0
DA:89,0
DA:93,0
DA:94,0
DA:97,0
DA:99,0
DA:100,0
DA:101,0
DA:102,0
DA:103,0
DA:105,0
DA:107,0
DA:111,0
DA:115,0
DA:124,0
DA:125,0
DA:136,0
DA:137,0
DA:153,0
DA:160,0
DA:179,0
DA:185,0
DA:186,0
DA:187,0
DA:188,0
DA:191,0
DA:211,0
DA:216,0
DA:227,0
DA:240,0
DA:267,0
DA:342,0
DA:343,0
DA:344,0
DA:352,0
DA:369,0
DA:371,0
LF:55
LH:0
BRDA:71,0,0,0
BRDA:71,0,1,0
BRDA:74,1,0,0
BRDA:74,1,1,0
BRDA:74,2,0,0
BRDA:74,2,1,0
BRDA:88,3,0,0
BRDA:88,3,1,0
BRDA:88,4,0,0
BRDA:88,4,1,0
BRDA:105,5,0,0
BRDA:105,5,1,0
BRDA:111,6,0,0
BRDA:111,6,1,0
BRDA:112,7,0,0
BRDA:112,7,1,0
BRDA:124,8,0,0
BRDA:124,8,1,0
BRDA:125,9,0,0
BRDA:125,9,1,0
BRDA:136,10,0,0
BRDA:136,10,1,0
BRDA:137,11,0,0
BRDA:137,11,1,0
BRDA:146,12,0,0
BRDA:146,12,1,0
BRDA:169,13,0,0
BRDA:169,13,1,0
BRDA:179,14,0,0
BRDA:179,14,1,0
BRDA:185,15,0,0
BRDA:185,15,1,0
BRDA:232,16,0,0
BRDA:232,16,1,0
BRDA:234,17,0,0
BRDA:234,17,1,0
BRDA:235,18,0,0
BRDA:235,18,1,0
BRDA:253,19,0,0
BRDA:253,19,1,0
BRDA:260,20,0,0
BRDA:260,20,1,0
BRDA:305,21,0,0
BRDA:305,21,1,0
BRDA:314,22,0,0
BRDA:314,22,1,0
BRDA:315,23,0,0
BRDA:315,23,1,0
BRDA:318,24,0,0
BRDA:318,24,1,0
BRDA:319,25,0,0
BRDA:319,25,1,0
BRDA:323,26,0,0
BRDA:323,26,1,0
BRDA:324,27,0,0
BRDA:324,27,1,0
BRDA:349,28,0,0
BRDA:349,28,1,0
BRDA:349,29,0,0
BRDA:349,29,1,0
BRDA:351,30,0,0
BRDA:351,30,1,0
BRDA:353,31,0,0
BRDA:353,31,1,0
BRDA:364,32,0,0
BRDA:364,32,1,0
BRDA:369,33,0,0
BRDA:369,33,1,0
BRF:68
BRH:0
end_of_record
TN:
SF:src/pages/RequirementsPage.tsx
FN:42,(anonymous_0)
FN:61,(anonymous_1)
FN:157,(anonymous_2)
FN:161,(anonymous_3)
FN:165,(anonymous_4)
FN:172,(anonymous_5)
FN:178,(anonymous_6)
FN:179,(anonymous_7)
FN:182,(anonymous_8)
FN:184,(anonymous_9)
FN:188,(anonymous_10)
FN:214,(anonymous_11)
FN:221,(anonymous_12)
FN:234,(anonymous_13)
FN:248,(anonymous_14)
FN:259,(anonymous_15)
FN:311,(anonymous_16)
FN:325,(anonymous_17)
FN:352,(anonymous_18)
FN:358,(anonymous_19)
FN:373,(anonymous_20)
FN:377,(anonymous_21)
FN:389,(anonymous_22)
FN:412,(anonymous_23)
FN:451,(anonymous_24)
FN:464,(anonymous_25)
FN:485,(anonymous_26)
FN:497,(anonymous_27)
FN:518,(anonymous_28)
FN:531,(anonymous_29)
FN:559,(anonymous_30)
FN:570,(anonymous_31)
FN:603,(anonymous_32)
FN:607,(anonymous_33)
FN:610,(anonymous_34)
FN:632,(anonymous_35)
FN:645,(anonymous_36)
FN:658,(anonymous_37)
FN:678,(anonymous_38)
FN:684,(anonymous_39)
FN:701,(anonymous_40)
FN:705,(anonymous_41)
FN:715,(anonymous_42)
FN:743,(anonymous_43)
FN:754,(anonymous_44)
FN:785,(anonymous_45)
FN:809,(anonymous_46)
FN:812,(anonymous_47)
FN:828,(anonymous_48)
FN:829,(anonymous_49)
FN:835,(anonymous_50)
FN:851,(anonymous_51)
FN:855,(anonymous_52)
FN:864,(anonymous_53)
FN:874,(anonymous_54)
FN:899,(anonymous_55)
FN:931,(anonymous_56)
FN:937,(anonymous_57)
FN:939,(anonymous_58)
FN:946,(anonymous_59)
FN:956,(anonymous_60)
FN:959,(anonymous_61)
FN:968,(anonymous_62)
FN:997,(anonymous_63)
FN:1010,(anonymous_64)
FN:1016,(anonymous_65)
FN:1018,(anonymous_66)
FN:1025,(anonymous_67)
FN:1027,(anonymous_68)
FN:1027,(anonymous_69)
FN:1034,(anonymous_70)
FN:1044,(anonymous_71)
FN:1059,(anonymous_72)
FN:1087,(anonymous_73)
FN:1094,(anonymous_74)
FN:1108,(anonymous_75)
FN:1109,(anonymous_76)
FN:1114,(anonymous_77)
FN:1114,(anonymous_78)
FN:1131,(anonymous_79)
FN:1132,(anonymous_80)
FN:1140,(anonymous_81)
FN:1151,(anonymous_82)
FN:1166,(anonymous_83)
FN:1167,(anonymous_84)
FN:1179,(anonymous_85)
FN:1180,(anonymous_86)
FN:1195,(anonymous_87)
FN:1196,(anonymous_88)
FN:1213,(anonymous_89)
FN:1214,(anonymous_90)
FN:1230,(anonymous_91)
FN:1231,(anonymous_92)
FN:1236,(anonymous_93)
FN:1247,(anonymous_94)
FN:1258,(anonymous_95)
FN:1273,(anonymous_96)
FN:1287,(anonymous_97)
FN:1288,(anonymous_98)
FN:1293,(anonymous_99)
FN:1293,(anonymous_100)
FN:1309,(anonymous_101)
FN:1310,(anonymous_102)
FN:1316,(anonymous_103)
FN:1317,(anonymous_104)
FN:1334,(anonymous_105)
FN:1335,(anonymous_106)
FN:1344,(anonymous_107)
FN:1357,(anonymous_108)
FN:1374,(anonymous_109)
FN:1375,(anonymous_110)
FN:1386,(anonymous_111)
FN:1387,(anonymous_112)
FN:1396,(anonymous_113)
FN:1397,(anonymous_114)
FN:1413,(anonymous_115)
FN:1414,(anonymous_116)
FN:1431,(anonymous_117)
FN:1432,(anonymous_118)
FN:1436,(anonymous_119)
FN:1449,(anonymous_120)
FN:1450,(anonymous_121)
FN:1455,(anonymous_122)
FN:1466,(anonymous_123)
FN:1477,(anonymous_124)
FN:1501,(anonymous_125)
FNF:126
FNH:0
FNDA:0,(anonymous_0)
FNDA:0,(anonymous_1)
FNDA:0,(anonymous_2)
FNDA:0,(anonymous_3)
FNDA:0,(anonymous_4)
FNDA:0,(anonymous_5)
FNDA:0,(anonymous_6)
FNDA:0,(anonymous_7)
FNDA:0,(anonymous_8)
FNDA:0,(anonymous_9)
FNDA:0,(anonymous_10)
FNDA:0,(anonymous_11)
FNDA:0,(anonymous_12)
FNDA:0,(anonymous_13)
FNDA:0,(anonymous_14)
FNDA:0,(anonymous_15)
FNDA:0,(anonymous_16)
FNDA:0,(anonymous_17)
FNDA:0,(anonymous_18)
FNDA:0,(anonymous_19)
FNDA:0,(anonymous_20)
FNDA:0,(anonymous_21)
FNDA:0,(anonymous_22)
FNDA:0,(anonymous_23)
FNDA:0,(anonymous_24)
FNDA:0,(anonymous_25)
FNDA:0,(anonymous_26)
FNDA:0,(anonymous_27)
FNDA:0,(anonymous_28)
FNDA:0,(anonymous_29)
FNDA:0,(anonymous_30)
FNDA:0,(anonymous_31)
FNDA:0,(anonymous_32)
FNDA:0,(anonymous_33)
FNDA:0,(anonymous_34)
FNDA:0,(anonymous_35)
FNDA:0,(anonymous_36)
FNDA:0,(anonymous_37)
FNDA:0,(anonymous_38)
FNDA:0,(anonymous_39)
FNDA:0,(anonymous_40)
FNDA:0,(anonymous_41)
FNDA:0,(anonymous_42)
FNDA:0,(anonymous_43)
FNDA:0,(anonymous_44)
FNDA:0,(anonymous_45)
FNDA:0,(anonymous_46)
FNDA:0,(anonymous_47)
FNDA:0,(anonymous_48)
FNDA:0,(anonymous_49)
FNDA:0,(anonymous_50)
FNDA:0,(anonymous_51)
FNDA:0,(anonymous_52)
FNDA:0,(anonymous_53)
FNDA:0,(anonymous_54)
FNDA:0,(anonymous_55)
FNDA:0,(anonymous_56)
FNDA:0,(anonymous_57)
FNDA:0,(anonymous_58)
FNDA:0,(anonymous_59)
FNDA:0,(anonymous_60)
FNDA:0,(anonymous_61)
FNDA:0,(anonymous_62)
FNDA:0,(anonymous_63)
FNDA:0,(anonymous_64)
FNDA:0,(anonymous_65)
FNDA:0,(anonymous_66)
FNDA:0,(anonymous_67)
FNDA:0,(anonymous_68)
FNDA:0,(anonymous_69)
FNDA:0,(anonymous_70)
FNDA:0,(anonymous_71)
FNDA:0,(anonymous_72)
FNDA:0,(anonymous_73)
FNDA:0,(anonymous_74)
FNDA:0,(anonymous_75)
FNDA:0,(anonymous_76)
FNDA:0,(anonymous_77)
FNDA:0,(anonymous_78)
FNDA:0,(anonymous_79)
FNDA:0,(anonymous_80)
FNDA:0,(anonymous_81)
FNDA:0,(anonymous_82)
FNDA:0,(anonymous_83)
FNDA:0,(anonymous_84)
FNDA:0,(anonymous_85)
FNDA:0,(anonymous_86)
FNDA:0,(anonymous_87)
FNDA:0,(anonymous_88)
FNDA:0,(anonymous_89)
FNDA:0,(anonymous_90)
FNDA:0,(anonymous_91)
FNDA:0,(anonymous_92)
FNDA:0,(anonymous_93)
FNDA:0,(anonymous_94)
FNDA:0,(anonymous_95)
FNDA:0,(anonymous_96)
FNDA:0,(anonymous_97)
FNDA:0,(anonymous_98)
FNDA:0,(anonymous_99)
FNDA:0,(anonymous_100)
FNDA:0,(anonymous_101)
FNDA:0,(anonymous_102)
FNDA:0,(anonymous_103)
FNDA:0,(anonymous_104)
FNDA:0,(anonymous_105)
FNDA:0,(anonymous_106)
FNDA:0,(anonymous_107)
FNDA:0,(anonymous_108)
FNDA:0,(anonymous_109)
FNDA:0,(anonymous_110)
FNDA:0,(anonymous_111)
FNDA:0,(anonymous_112)
FNDA:0,(anonymous_113)
FNDA:0,(anonymous_114)
FNDA:0,(anonymous_115)
FNDA:0,(anonymous_116)
FNDA:0,(anonymous_117)
FNDA:0,(anonymous_118)
FNDA:0,(anonymous_119)
FNDA:0,(anonymous_120)
FNDA:0,(anonymous_121)
FNDA:0,(anonymous_122)
FNDA:0,(anonymous_123)
FNDA:0,(anonymous_124)
FNDA:0,(anonymous_125)
DA:42,0
DA:43,0
DA:48,0
DA:61,0
DA:62,0
DA:63,0
DA:64,0
DA:65,0
DA:66,0
DA:69,0
DA:72,0
DA:75,0
DA:76,0
DA:77,0
DA:78,0
DA:84,0
DA:85,0
DA:86,0
DA:87,0
DA:90,0
DA:91,0
DA:111,0
DA:112,0
DA:113,0
DA:114,0
DA:120,0
DA:121,0
DA:122,0
DA:123,0
DA:124,0
DA:127,0
DA:128,0
DA:152,0
DA:153,0
DA:154,0
DA:157,0
DA:158,0
DA:161,0
DA:162,0
DA:163,0
DA:164,0
DA:165,0
DA:171,0
DA:173,0
DA:178,0
DA:179,0
DA:180,0
DA:181,0
DA:182,0
DA:188,0
DA:189,0
DA:190,0
DA:191,0
DA:199,0
DA:200,0
DA:201,0
DA:202,0
DA:204,0
DA:205,0
DA:208,0
DA:210,0
DA:214,0
DA:215,0
DA:218,0
DA:221,0
DA:222,0
DA:231,0
DA:234,0
DA:235,0
DA:245,0
DA:248,0
DA:249,0
DA:250,0
DA:251,0
DA:253,0
DA:254,0
DA:255,0
DA:257,0
DA:258,0
DA:260,0
DA:263,0
DA:264,0
DA:265,0
DA:268,0
DA:269,0
DA:270,0
DA:272,0
DA:273,0
DA:274,0
DA:276,0
DA:277,0
DA:278,0
DA:280,0
DA:281,0
DA:282,0
DA:284,0
DA:285,0
DA:295,0
DA:296,0
DA:297,0
DA:299,0
DA:300,0
DA:302,0
DA:303,0
DA:305,0
DA:311,0
DA:312,0
DA:313,0
DA:314,0
DA:315,0
DA:316,0
DA:317,0
DA:318,0
DA:320,0
DA:325,0
DA:326,0
DA:327,0
DA:328,0
DA:337,0
DA:338,0
DA:339,0
DA:340,0
DA:342,0
DA:343,0
DA:346,0
DA:348,0
DA:352,0
DA:353,0
DA:356,0
DA:358,0
DA:359,0
DA:370,0
DA:373,0
DA:374,0
DA:377,0
DA:386,0
DA:389,0
DA:390,0
DA:391,0
DA:392,0
DA:394,0
DA:395,0
DA:396,0
DA:398,0
DA:399,0
DA:400,0
DA:402,0
DA:403,0
DA:404,0
DA:406,0
DA:407,0
DA:408,0
DA:410,0
DA:411,0
DA:413,0
DA:417,0
DA:418,0
DA:419,0
DA:422,0
DA:423,0
DA:435,0
DA:436,0
DA:437,0
DA:439,0
DA:440,0
DA:442,0
DA:443,0
DA:445,0
DA:451,0
DA:452,0
DA:453,0
DA:454,0
DA:455,0
DA:456,0
DA:457,0
DA:458,0
DA:460,0
DA:464,0
DA:465,0
DA:466,0
DA:477,0
DA:478,0
DA:479,0
DA:481,0
DA:485,0
DA:486,0
DA:487,0
DA:495,0
DA:496,0
DA:497,0
DA:509,0
DA:510,0
DA:511,0
DA:512,0
DA:514,0
DA:518,0
DA:519,0
DA:520,0
DA:529,0
DA:530,0
DA:531,0
DA:544,0
DA:545,0
DA:546,0
DA:547,0
DA:549,0
DA:554,0
DA:560,0
DA:571,0
DA:572,0
DA:604,0
DA:605,0
DA:607,0
DA:608,0
DA:611,0
DA:633,0
DA:634,0
DA:635,0
DA:637,0
DA:646,0
DA:647,0
DA:648,0
DA:650,0
DA:659,0
DA:660,0
DA:661,0
DA:662,0
DA:678,0
DA:685,0
DA:686,0
DA:687,0
DA:689,0
DA:702,0
DA:706,0
DA:707,0
DA:716,0
DA:717,0
DA:718,0
DA:719,0
DA:731,0
DA:738,0
DA:744,0
DA:755,0
DA:756,0
DA:786,0
DA:787,0
DA:788,0
DA:789,0
DA:810,0
DA:811,0
DA:812,0
DA:813,0
DA:828,0
DA:829,0
DA:836,0
DA:837,0
DA:838,0
DA:840,0
DA:852,0
DA:856,0
DA:857,0
DA:865,0
DA:866,0
DA:875,0
DA:876,0
DA:877,0
DA:878,0
DA:890,0
DA:899,0
DA:931,0
DA:937,0
DA:940,0
DA:946,0
DA:956,0
DA:960,0
DA:969,0
DA:970,0
DA:971,0
DA:972,0
DA:997,0
DA:1010,0
DA:1016,0
DA:1019,0
DA:1025,0
DA:1027,0
DA:1028,0
DA:1034,0
DA:1044,0
DA:1060,0
DA:1061,0
DA:1062,0
DA:1063,0
DA:1064,0
DA:1087,0
DA:1094,0
DA:1109,0
DA:1114,0
DA:1115,0
DA:1132,0
DA:1141,0
DA:1152,0
DA:1167,0
DA:1180,0
DA:1196,0
DA:1214,0
DA:1231,0
DA:1237,0
DA:1247,0
DA:1259,0
DA:1273,0
DA:1288,0
DA:1293,0
DA:1294,0
DA:1310,0
DA:1316,0
DA:1318,0
DA:1335,0
DA:1345,0
DA:1358,0
DA:1375,0
DA:1387,0
DA:1397,0
DA:1414,0
DA:1432,0
DA:1437,0
DA:1450,0
DA:1456,0
DA:1466,0
DA:1478,0
DA:1502,0
DA:1503,0
LF:331
LH:0
BRDA:44,0,0,0
BRDA:44,0,1,0
BRDA:65,1,0,0
BRDA:65,1,1,0
BRDA:158,2,0,0
BRDA:158,2,1,0
BRDA:159,3,0,0
BRDA:159,3,1,0
BRDA:164,4,0,0
BRDA:164,4,1,0
BRDA:165,5,0,0
BRDA:165,5,1,0
BRDA:171,6,0,0
BRDA:171,6,1,0
BRDA:181,7,0,0
BRDA:181,7,1,0
BRDA:182,8,0,0
BRDA:182,8,1,0
BRDA:194,9,0,0
BRDA:194,9,1,0
BRDA:195,10,0,0
BRDA:195,10,1,0
BRDA:196,11,0,0
BRDA:196,11,1,0
BRDA:197,12,0,0
BRDA:197,12,1,0
BRDA:200,13,0,0
BRDA:200,13,1,0
BRDA:201,14,0,0
BRDA:201,14,1,0
BRDA:202,15,0,0
BRDA:202,15,1,0
BRDA:237,16,0,0
BRDA:237,16,1,0
BRDA:238,17,0,0
BRDA:238,17,1,0
BRDA:239,18,0,0
BRDA:239,18,1,0
BRDA:240,19,0,0
BRDA:240,19,1,0
BRDA:241,20,0,0
BRDA:241,20,1,0
BRDA:242,21,0,0
BRDA:242,21,1,0
BRDA:243,22,0,0
BRDA:243,22,1,0
BRDA:249,23,0,0
BRDA:249,23,1,0
BRDA:253,24,0,0
BRDA:253,24,1,0
BRDA:257,25,0,0
BRDA:257,25,1,0
BRDA:260,26,0,0
BRDA:260,26,1,0
BRDA:263,27,0,0
BRDA:263,27,1,0
BRDA:268,28,0,0
BRDA:268,28,1,0
BRDA:272,29,0,0
BRDA:272,29,1,0
BRDA:276,30,0,0
BRDA:276,30,1,0
BRDA:280,31,0,0
BRDA:280,31,1,0
BRDA:280,32,0,0
BRDA:280,32,1,0
BRDA:280,32,2,0
BRDA:286,33,0,0
BRDA:286,33,1,0
BRDA:288,34,0,0
BRDA:288,34,1,0
BRDA:289,35,0,0
BRDA:289,35,1,0
BRDA:290,36,0,0
BRDA:290,36,1,0
BRDA:292,37,0,0
BRDA:292,37,1,0
BRDA:295,38,0,0
BRDA:295,38,1,0
BRDA:305,39,0,0
BRDA:305,39,1,0
BRDA:312,40,0,0
BRDA:312,40,1,0
BRDA:331,41,0,0
BRDA:331,41,1,0
BRDA:332,42,0,0
BRDA:332,42,1,0
BRDA:333,43,0,0
BRDA:333,43,1,0
BRDA:334,44,0,0
BRDA:334,44,1,0
BRDA:335,45,0,0
BRDA:335,45,1,0
BRDA:338,46,0,0
BRDA:338,46,1,0
BRDA:339,47,0,0
BRDA:339,47,1,0
BRDA:340,48,0,0
BRDA:340,48,1,0
BRDA:376,49,0,0
BRDA:376,49,1,0
BRDA:377,50,0,0
BRDA:377,50,1,0
BRDA:377,51,0,0
BRDA:377,51,1,0
BRDA:377,52,0,0
BRDA:377,52,1,0
BRDA:378,53,0,0
BRDA:378,53,1,0
BRDA:379,54,0,0
BRDA:379,54,1,0
BRDA:380,55,0,0
BRDA:380,55,1,0
BRDA:381,56,0,0
BRDA:381,56,1,0
BRDA:382,57,0,0
BRDA:382,57,1,0
BRDA:383,58,0,0
BRDA:383,58,1,0
BRDA:384,59,0,0
BRDA:384,59,1,0
BRDA:390,60,0,0
BRDA:390,60,1,0
BRDA:394,61,0,0
BRDA:394,61,1,0
BRDA:398,62,0,0
BRDA:398,62,1,0
BRDA:402,63,0,0
BRDA:402,63,1,0
BRDA:406,64,0,0
BRDA:406,64,1,0
BRDA:410,65,0,0
BRDA:410,65,1,0
BRDA:413,66,0,0
BRDA:413,66,1,0
BRDA:413,66,2,0
BRDA:417,67,0,0
BRDA:417,67,1,0
BRDA:424,68,0,0
BRDA:424,68,1,0
BRDA:425,69,0,0
BRDA:425,69,1,0
BRDA:427,70,0,0
BRDA:427,70,1,0
BRDA:428,71,0,0
BRDA:428,71,1,0
BRDA:431,72,0,0
BRDA:431,72,1,0
BRDA:432,73,0,0
BRDA:432,73,1,0
BRDA:435,74,0,0
BRDA:435,74,1,0
BRDA:445,75,0,0
BRDA:445,75,1,0
BRDA:452,76,0,0
BRDA:452,76,1,0
BRDA:467,77,0,0
BRDA:467,77,1,0
BRDA:468,78,0,0
BRDA:468,78,1,0
BRDA:470,79,0,0
BRDA:470,79,1,0
BRDA:471,80,0,0
BRDA:471,80,1,0
BRDA:472,81,0,0
BRDA:472,81,1,0
BRDA:474,82,0,0
BRDA:474,82,1,0
BRDA:490,83,0,0
BRDA:490,83,1,0
BRDA:491,84,0,0
BRDA:491,84,1,0
BRDA:492,85,0,0
BRDA:492,85,1,0
BRDA:493,86,0,0
BRDA:493,86,1,0
BRDA:496,87,0,0
BRDA:496,87,1,0
BRDA:496,88,0,0
BRDA:496,88,1,0
BRDA:498,89,0,0
BRDA:498,89,1,0
BRDA:499,90,0,0
BRDA:499,90,1,0
BRDA:500,91,0,0
BRDA:500,91,1,0
BRDA:501,92,0,0
BRDA:501,92,1,0
BRDA:502,93,0,0
BRDA:502,93,1,0
BRDA:503,94,0,0
BRDA:503,94,1,0
BRDA:504,95,0,0
BRDA:504,95,1,0
BRDA:505,96,0,0
BRDA:505,96,1,0
BRDA:506,97,0,0
BRDA:506,97,1,0
BRDA:507,98,0,0
BRDA:507,98,1,0
BRDA:523,99,0,0
BRDA:523,99,1,0
BRDA:524,100,0,0
BRDA:524,100,1,0
BRDA:525,101,0,0
BRDA:525,101,1,0
BRDA:526,102,0,0
BRDA:526,102,1,0
BRDA:527,103,0,0
BRDA:527,103,1,0
BRDA:530,104,0,0
BRDA:530,104,1,0
BRDA:530,105,0,0
BRDA:530,105,1,0
BRDA:532,106,0,0
BRDA:532,106,1,0
BRDA:533,107,0,0
BRDA:533,107,1,0
BRDA:534,108,0,0
BRDA:534,108,1,0
BRDA:535,109,0,0
BRDA:535,109,1,0
BRDA:536,110,0,0
BRDA:536,110,1,0
BRDA:537,111,0,0
BRDA:537,111,1,0
BRDA:538,112,0,0
BRDA:538,112,1,0
BRDA:539,113,0,0
BRDA:539,113,1,0
BRDA:540,114,0,0
BRDA:540,114,1,0
BRDA:541,115,0,0
BRDA:541,115,1,0
BRDA:542,116,0,0
BRDA:542,116,1,0
BRDA:561,117,0,0
BRDA:561,117,1,0
BRDA:574,118,0,0
BRDA:574,118,1,0
BRDA:575,119,0,0
BRDA:575,119,1,0
BRDA:577,120,0,0
BRDA:577,120,1,0
BRDA:604,121,0,0
BRDA:604,121,1,0
BRDA:633,122,0,0
BRDA:633,122,1,0
BRDA:646,123,0,0
BRDA:646,123,1,0
BRDA:659,124,0,0
BRDA:659,124,1,0
BRDA:661,125,0,0
BRDA:661,125,1,0
BRDA:661,126,0,0
BRDA:661,126,1,0
BRDA:678,127,0,0
BRDA:678,127,1,0
BRDA:685,128,0,0
BRDA:685,128,1,0
BRDA:693,129,0,0
BRDA:693,129,1,0
BRDA:745,130,0,0
BRDA:745,130,1,0
BRDA:758,131,0,0
BRDA:758,131,1,0
BRDA:759,132,0,0
BRDA:759,132,1,0
BRDA:761,133,0,0
BRDA:761,133,1,0
BRDA:786,134,0,0
BRDA:786,134,1,0
BRDA:788,135,0,0
BRDA:788,135,1,0
BRDA:788,136,0,0
BRDA:788,136,1,0
BRDA:810,137,0,0
BRDA:810,137,1,0
BRDA:811,138,0,0
BRDA:811,138,1,0
BRDA:812,139,0,0
BRDA:812,139,1,0
BRDA:828,140,0,0
BRDA:828,140,1,0
BRDA:829,141,0,0
BRDA:829,141,1,0
BRDA:836,142,0,0
BRDA:836,142,1,0
BRDA:844,143,0,0
BRDA:844,143,1,0
BRDA:940,144,0,0
BRDA:940,144,1,0
BRDA:960,145,0,0
BRDA:960,145,1,0
BRDA:964,146,0,0
BRDA:964,146,1,0
BRDA:964,146,2,0
BRDA:964,146,3,0
BRDA:964,146,4,0
BRDA:983,147,0,0
BRDA:983,147,1,0
BRDA:1019,148,0,0
BRDA:1019,148,1,0
BRDA:1027,149,0,0
BRDA:1027,149,1,0
BRDA:1054,150,0,0
BRDA:1054,150,1,0
BRDA:1054,150,2,0
BRDA:1054,150,3,0
BRDA:1054,150,4,0
BRDA:1054,150,5,0
BRDA:1073,151,0,0
BRDA:1073,151,1,0
BRDA:1099,152,0,0
BRDA:1099,152,1,0
BRDA:1104,153,0,0
BRDA:1104,153,1,0
BRDA:1120,154,0,0
BRDA:1120,154,1,0
BRDA:1120,154,2,0
BRDA:1135,155,0,0
BRDA:1135,155,1,0
BRDA:1135,155,2,0
BRDA:1135,155,3,0
BRDA:1135,155,4,0
BRDA:1141,156,0,0
BRDA:1141,156,1,0
BRDA:1146,157,0,0
BRDA:1146,157,1,0
BRDA:1146,158,0,0
BRDA:1146,158,1,0
BRDA:1148,159,0,0
BRDA:1148,159,1,0
BRDA:1148,160,0,0
BRDA:1148,160,1,0
BRDA:1148,160,2,0
BRDA:1152,161,0,0
BRDA:1152,161,1,0
BRDA:1182,162,0,0
BRDA:1182,162,1,0
BRDA:1183,163,0,0
BRDA:1183,163,1,0
BRDA:1183,164,0,0
BRDA:1183,164,1,0
BRDA:1193,165,0,0
BRDA:1193,165,1,0
BRDA:1198,166,0,0
BRDA:1198,166,1,0
BRDA:1198,166,2,0
BRDA:1198,166,3,0
BRDA:1198,166,4,0
BRDA:1200,167,0,0
BRDA:1200,167,1,0
BRDA:1200,168,0,0
BRDA:1200,168,1,0
BRDA:1202,169,0,0
BRDA:1202,169,1,0
BRDA:1202,170,0,0
BRDA:1202,170,1,0
BRDA:1202,170,2,0
BRDA:1209,171,0,0
BRDA:1209,171,1,0
BRDA:1238,172,0,0
BRDA:1238,172,1,0
BRDA:1252,173,0,0
BRDA:1252,173,1,0
BRDA:1252,173,2,0
BRDA:1252,173,3,0
BRDA:1252,173,4,0
BRDA:1252,173,5,0
BRDA:1252,173,6,0
BRDA:1252,173,7,0
BRDA:1259,174,0,0
BRDA:1259,174,1,0
BRDA:1262,175,0,0
BRDA:1262,175,1,0
BRDA:1262,175,2,0
BRDA:1265,176,0,0
BRDA:1265,176,1,0
BRDA:1278,177,0,0
BRDA:1278,177,1,0
BRDA:1283,178,0,0
BRDA:1283,178,1,0
BRDA:1299,179,0,0
BRDA:1299,179,1,0
BRDA:1299,179,2,0
BRDA:1305,180,0,0
BRDA:1305,180,1,0
BRDA:1323,181,0,0
BRDA:1323,181,1,0
BRDA:1323,181,2,0
BRDA:1338,182,0,0
BRDA:1338,182,1,0
BRDA:1338,182,2,0
BRDA:1338,182,3,0
BRDA:1338,182,4,0
BRDA:1338,182,5,0
BRDA:1345,183,0,0
BRDA:1345,183,1,0
BRDA:1345,183,2,0
BRDA:1351,184,0,0
BRDA:1351,184,1,0
BRDA:1351,185,0,0
BRDA:1351,185,1,0
BRDA:1353,186,0,0
BRDA:1353,186,1,0
BRDA:1353,187,0,0
BRDA:1353,187,1,0
BRDA:1353,187,2,0
BRDA:1353,187,3,0
BRDA:1358,188,0,0
BRDA:1358,188,1,0
BRDA:1358,188,2,0
BRDA:1392,189,0,0
BRDA:1392,189,1,0
BRDA:1409,190,0,0
BRDA:1409,190,1,0
BRDA:1457,191,0,0
BRDA:1457,191,1,0
BRDA:1471,192,0,0
BRDA:1471,192,1,0
BRDA:1471,192,2,0
BRDA:1471,192,3,0
BRDA:1471,192,4,0
BRDA:1471,192,5,0
BRDA:1471,192,6,0
BRDA:1478,193,0,0
BRDA:1478,193,1,0
BRDA:1478,193,2,0
BRDA:1484,194,0,0
BRDA:1484,194,1,0
BRDA:1492,195,0,0
BRDA:1492,195,1,0
BRDA:1494,196,0,0
BRDA:1494,196,1,0
BRDA:1500,197,0,0
BRDA:1500,197,1,0
BRF:437
BRH:0
end_of_record
TN:
SF:src/pages/TestCaseDetailPage.tsx
FN:34,(anonymous_0)
FN:45,(anonymous_1)
FN:49,(anonymous_2)
FN:53,(anonymous_3)
FN:54,(anonymous_4)
FN:57,(anonymous_5)
FN:68,(anonymous_6)
FN:81,(anonymous_7)
FN:91,(anonymous_8)
FN:159,(anonymous_9)
FN:184,(anonymous_10)
FN:202,(anonymous_11)
FN:225,(anonymous_12)
FNF:13
FNH:0
FNDA:0,(anonymous_0)
FNDA:0,(anonymous_1)
FNDA:0,(anonymous_2)
FNDA:0,(anonymous_3)
FNDA:0,(anonymous_4)
FNDA:0,(anonymous_5)
FNDA:0,(anonymous_6)
FNDA:0,(anonymous_7)
FNDA:0,(anonymous_8)
FNDA:0,(anonymous_9)
FNDA:0,(anonymous_10)
FNDA:0,(anonymous_11)
FNDA:0,(anonymous_12)
DA:34,0
DA:35,0
DA:36,0
DA:37,0
DA:38,0
DA:40,0
DA:41,0
DA:42,0
DA:43,0
DA:45,0
DA:46,0
DA:47,0
DA:48,0
DA:50,0
DA:51,0
DA:53,0
DA:54,0
DA:57,0
DA:58,0
DA:59,0
DA:60,0
DA:61,0
DA:62,0
DA:64,0
DA:68,0
DA:69,0
DA:70,0
DA:71,0
DA:72,0
DA:73,0
DA:75,0
DA:79,0
DA:81,0
DA:82,0
DA:85,0
DA:88,0
DA:91,0
DA:160,0
DA:184,0
DA:203,0
DA:226,0
LF:41
LH:0
BRDA:46,0,0,0
BRDA:46,0,1,0
BRDA:58,1,0,0
BRDA:58,1,1,0
BRDA:69,2,0,0
BRDA:69,2,1,0
BRDA:79,3,0,0
BRDA:79,3,1,0
BRDA:79,4,0,0
BRDA:79,4,1,0
BRDA:85,5,0,0
BRDA:85,5,1,0
BRDA:100,6,0,0
BRDA:100,6,1,0
BRDA:100,6,2,0
BRDA:100,6,3,0
BRDA:113,7,0,0
BRDA:113,7,1,0
BRDA:129,8,0,0
BRDA:129,8,1,0
BRDA:133,9,0,0
BRDA:133,9,1,0
BRDA:137,10,0,0
BRDA:137,10,1,0
BRDA:142,11,0,0
BRDA:142,11,1,0
BRDA:148,12,0,0
BRDA:148,12,1,0
BRDA:148,13,0,0
BRDA:148,13,1,0
BRDA:150,14,0,0
BRDA:150,14,1,0
BRDA:150,15,0,0
BRDA:150,15,1,0
BRDA:150,15,2,0
BRDA:152,16,0,0
BRDA:152,16,1,0
BRDA:155,17,0,0
BRDA:155,17,1,0
BRDA:155,17,2,0
BRDA:166,18,0,0
BRDA:166,18,1,0
BRDA:173,19,0,0
BRDA:173,19,1,0
BRDA:189,20,0,0
BRDA:189,20,1,0
BRDA:201,21,0,0
BRDA:201,21,1,0
BRDA:201,22,0,0
BRDA:201,22,1,0
BRDA:203,23,0,0
BRDA:203,23,1,0
BRDA:207,24,0,0
BRDA:207,24,1,0
BRDA:220,25,0,0
BRDA:220,25,1,0
BRDA:223,26,0,0
BRDA:223,26,1,0
BRDA:231,27,0,0
BRDA:231,27,1,0
BRDA:232,28,0,0
BRDA:232,28,1,0
BRDA:235,29,0,0
BRDA:235,29,1,0
BRF:64
BRH:0
end_of_record
TN:
SF:src/pages/TestCasesPage.tsx
FN:52,(anonymous_0)
FN:84,(anonymous_1)
FN:88,(anonymous_2)
FN:92,(anonymous_3)
FN:99,(anonymous_4)
FN:104,(anonymous_5)
FN:105,(anonymous_6)
FN:108,(anonymous_7)
FN:110,(anonymous_8)
FN:111,(anonymous_9)
FN:114,(anonymous_10)
FN:116,(anonymous_11)
FN:145,(anonymous_12)
FN:174,(anonymous_13)
FN:180,(anonymous_14)
FN:181,(anonymous_15)
FN:197,(anonymous_16)
FN:198,(anonymous_17)
FN:205,(anonymous_18)
FN:206,(anonymous_19)
FN:207,(anonymous_20)
FN:208,(anonymous_21)
FN:212,(anonymous_22)
FN:241,(anonymous_23)
FN:247,(anonymous_24)
FN:270,(anonymous_25)
FN:294,(anonymous_26)
FN:307,(anonymous_27)
FN:317,(anonymous_28)
FN:327,(anonymous_29)
FN:363,(anonymous_30)
FN:402,(anonymous_31)
FN:412,(anonymous_32)
FN:435,(anonymous_33)
FN:468,(anonymous_34)
FN:489,(anonymous_35)
FN:491,(anonymous_36)
FN:510,(anonymous_37)
FN:519,(anonymous_38)
FN:531,(anonymous_39)
FN:533,(anonymous_40)
FN:547,(anonymous_41)
FN:549,(anonymous_42)
FN:551,(anonymous_43)
FN:553,(anonymous_44)
FN:556,(anonymous_45)
FN:558,(anonymous_46)
FN:565,(anonymous_47)
FN:579,(anonymous_48)
FN:583,(anonymous_49)
FN:587,(anonymous_50)
FN:609,(anonymous_51)
FN:620,(anonymous_52)
FN:649,(anonymous_53)
FN:655,(anonymous_54)
FN:657,(anonymous_55)
FN:664,(anonymous_56)
FN:666,(anonymous_57)
FN:666,(anonymous_58)
FN:673,(anonymous_59)
FN:675,(anonymous_60)
FN:691,(anonymous_61)
FN:693,(anonymous_62)
FN:694,(anonymous_63)
FN:700,(anonymous_64)
FN:702,(anonymous_65)
FN:703,(anonymous_66)
FN:709,(anonymous_67)
FN:719,(anonymous_68)
FN:741,(anonymous_69)
FN:742,(anonymous_70)
FN:746,(anonymous_71)
FN:760,(anonymous_72)
FN:760,(anonymous_73)
FN:764,(anonymous_74)
FN:764,(anonymous_75)
FN:778,(anonymous_76)
FN:778,(anonymous_77)
FN:782,(anonymous_78)
FN:782,(anonymous_79)
FN:796,(anonymous_80)
FN:796,(anonymous_81)
FN:800,(anonymous_82)
FN:800,(anonymous_83)
FN:815,(anonymous_84)
FN:815,(anonymous_85)
FN:822,(anonymous_86)
FN:833,(anonymous_87)
FN:847,(anonymous_88)
FN:847,(anonymous_89)
FN:850,(anonymous_90)
FN:851,(anonymous_91)
FN:861,(anonymous_92)
FN:861,(anonymous_93)
FN:864,(anonymous_94)
FN:865,(anonymous_95)
FN:875,(anonymous_96)
FN:875,(anonymous_97)
FN:878,(anonymous_98)
FN:899,(anonymous_99)
FN:899,(anonymous_100)
FN:908,(anonymous_101)
FN:909,(anonymous_102)
FN:914,(anonymous_103)
FN:927,(anonymous_104)
FN:927,(anonymous_105)
FN:941,(anonymous_106)
FN:941,(anonymous_107)
FN:951,(anonymous_108)
FN:951,(anonymous_109)
FN:964,(anonymous_110)
FN:975,(anonymous_111)
FN:985,(anonymous_112)
FN:994,(anonymous_113)
FN:996,(anonymous_114)
FN:1005,(anonymous_115)
FN:1017,(anonymous_116)
FN:1019,(anonymous_117)
FN:1037,(anonymous_118)
FN:1041,(anonymous_119)
FN:1050,(anonymous_120)
FN:1054,(anonymous_121)
FN:1054,(anonymous_122)
FN:1068,(anonymous_123)
FN:1072,(anonymous_124)
FN:1072,(anonymous_125)
FN:1086,(anonymous_126)
FN:1090,(anonymous_127)
FN:1090,(anonymous_128)
FN:1119,(anonymous_129)
FN:1126,(anonymous_130)
FN:1144,(anonymous_131)
FNF:132
FNH:0
FNDA:0,(anonymous_0)
FNDA:0,(anonymous_1)
FNDA:0,(anonymous_2)
FNDA:0,(anonymous_3)
FNDA:0,(anonymous_4)
FNDA:0,(anonymous_5)
FNDA:0,(anonymous_6)
FNDA:0,(anonymous_7)
FNDA:0,(anonymous_8)
FNDA:0,(anonymous_9)
FNDA:0,(anonymous_10)
FNDA:0,(anonymous_11)
FNDA:0,(anonymous_12)
FNDA:0,(anonymous_13)
FNDA:0,(anonymous_14)
FNDA:0,(anonymous_15)
FNDA:0,(anonymous_16)
FNDA:0,(anonymous_17)
FNDA:0,(anonymous_18)
FNDA:0,(anonymous_19)
FNDA:0,(anonymous_20)
FNDA:0,(anonymous_21)
FNDA:0,(anonymous_22)
FNDA:0,(anonymous_23)
FNDA:0,(anonymous_24)
FNDA:0,(anonymous_25)
FNDA:0,(anonymous_26)
FNDA:0,(anonymous_27)
FNDA:0,(anonymous_28)
FNDA:0,(anonymous_29)
FNDA:0,(anonymous_30)
FNDA:0,(anonymous_31)
FNDA:0,(anonymous_32)
FNDA:0,(anonymous_33)
FNDA:0,(anonymous_34)
FNDA:0,(anonymous_35)
FNDA:0,(anonymous_36)
FNDA:0,(anonymous_37)
FNDA:0,(anonymous_38)
FNDA:0,(anonymous_39)
FNDA:0,(anonymous_40)
FNDA:0,(anonymous_41)
FNDA:0,(anonymous_42)
FNDA:0,(anonymous_43)
FNDA:0,(anonymous_44)
FNDA:0,(anonymous_45)
FNDA:0,(anonymous_46)
FNDA:0,(anonymous_47)
FNDA:0,(anonymous_48)
FNDA:0,(anonymous_49)
FNDA:0,(anonymous_50)
FNDA:0,(anonymous_51)
FNDA:0,(anonymous_52)
FNDA:0,(anonymous_53)
FNDA:0,(anonymous_54)
FNDA:0,(anonymous_55)
FNDA:0,(anonymous_56)
FNDA:0,(anonymous_57)
FNDA:0,(anonymous_58)
FNDA:0,(anonymous_59)
FNDA:0,(anonymous_60)
FNDA:0,(anonymous_61)
FNDA:0,(anonymous_62)
FNDA:0,(anonymous_63)
FNDA:0,(anonymous_64)
FNDA:0,(anonymous_65)
FNDA:0,(anonymous_66)
FNDA:0,(anonymous_67)
FNDA:0,(anonymous_68)
FNDA:0,(anonymous_69)
FNDA:0,(anonymous_70)
FNDA:0,(anonymous_71)
FNDA:0,(anonymous_72)
FNDA:0,(anonymous_73)
FNDA:0,(anonymous_74)
FNDA:0,(anonymous_75)
FNDA:0,(anonymous_76)
FNDA:0,(anonymous_77)
FNDA:0,(anonymous_78)
FNDA:0,(anonymous_79)
FNDA:0,(anonymous_80)
FNDA:0,(anonymous_81)
FNDA:0,(anonymous_82)
FNDA:0,(anonymous_83)
FNDA:0,(anonymous_84)
FNDA:0,(anonymous_85)
FNDA:0,(anonymous_86)
FNDA:0,(anonymous_87)
FNDA:0,(anonymous_88)
FNDA:0,(anonymous_89)
FNDA:0,(anonymous_90)
FNDA:0,(anonymous_91)
FNDA:0,(anonymous_92)
FNDA:0,(anonymous_93)
FNDA:0,(anonymous_94)
FNDA:0,(anonymous_95)
FNDA:0,(anonymous_96)
FNDA:0,(anonymous_97)
FNDA:0,(anonymous_98)
FNDA:0,(anonymous_99)
FNDA:0,(anonymous_100)
FNDA:0,(anonymous_101)
FNDA:0,(anonymous_102)
FNDA:0,(anonymous_103)
FNDA:0,(anonymous_104)
FNDA:0,(anonymous_105)
FNDA:0,(anonymous_106)
FNDA:0,(anonymous_107)
FNDA:0,(anonymous_108)
FNDA:0,(anonymous_109)
FNDA:0,(anonymous_110)
FNDA:0,(anonymous_111)
FNDA:0,(anonymous_112)
FNDA:0,(anonymous_113)
FNDA:0,(anonymous_114)
FNDA:0,(anonymous_115)
FNDA:0,(anonymous_116)
FNDA:0,(anonymous_117)
FNDA:0,(anonymous_118)
FNDA:0,(anonymous_119)
FNDA:0,(anonymous_120)
FNDA:0,(anonymous_121)
FNDA:0,(anonymous_122)
FNDA:0,(anonymous_123)
FNDA:0,(anonymous_124)
FNDA:0,(anonymous_125)
FNDA:0,(anonymous_126)
FNDA:0,(anonymous_127)
FNDA:0,(anonymous_128)
FNDA:0,(anonymous_129)
FNDA:0,(anonymous_130)
FNDA:0,(anonymous_131)
DA:47,0
DA:48,0
DA:49,0
DA:50,0
DA:52,0
DA:53,0
DA:54,0
DA:55,0
DA:56,0
DA:57,0
DA:59,0
DA:60,0
DA:61,0
DA:62,0
DA:63,0
DA:69,0
DA:70,0
DA:71,0
DA:72,0
DA:73,0
DA:74,0
DA:75,0
DA:78,0
DA:81,0
DA:82,0
DA:84,0
DA:85,0
DA:88,0
DA:89,0
DA:90,0
DA:91,0
DA:92,0
DA:98,0
DA:100,0
DA:104,0
DA:105,0
DA:106,0
DA:107,0
DA:108,0
DA:111,0
DA:112,0
DA:113,0
DA:114,0
DA:120,0
DA:121,0
DA:122,0
DA:133,0
DA:134,0
DA:135,0
DA:138,0
DA:139,0
DA:140,0
DA:141,0
DA:142,0
DA:143,0
DA:145,0
DA:146,0
DA:147,0
DA:148,0
DA:159,0
DA:160,0
DA:161,0
DA:162,0
DA:164,0
DA:165,0
DA:168,0
DA:170,0
DA:174,0
DA:175,0
DA:178,0
DA:180,0
DA:181,0
DA:197,0
DA:198,0
DA:199,0
DA:200,0
DA:201,0
DA:205,0
DA:206,0
DA:207,0
DA:208,0
DA:212,0
DA:213,0
DA:214,0
DA:215,0
DA:217,0
DA:218,0
DA:219,0
DA:221,0
DA:222,0
DA:223,0
DA:225,0
DA:226,0
DA:227,0
DA:229,0
DA:230,0
DA:231,0
DA:233,0
DA:234,0
DA:235,0
DA:237,0
DA:238,0
DA:239,0
DA:241,0
DA:242,0
DA:243,0
DA:245,0
DA:246,0
DA:248,0
DA:251,0
DA:252,0
DA:253,0
DA:256,0
DA:257,0
DA:270,0
DA:278,0
DA:279,0
DA:280,0
DA:282,0
DA:283,0
DA:285,0
DA:286,0
DA:288,0
DA:294,0
DA:295,0
DA:296,0
DA:297,0
DA:298,0
DA:299,0
DA:300,0
DA:301,0
DA:303,0
DA:307,0
DA:308,0
DA:309,0
DA:310,0
DA:311,0
DA:313,0
DA:317,0
DA:318,0
DA:319,0
DA:320,0
DA:321,0
DA:323,0
DA:327,0
DA:328,0
DA:329,0
DA:353,0
DA:354,0
DA:358,0
DA:359,0
DA:360,0
DA:363,0
DA:364,0
DA:365,0
DA:366,0
DA:368,0
DA:369,0
DA:370,0
DA:372,0
DA:373,0
DA:374,0
DA:376,0
DA:377,0
DA:378,0
DA:380,0
DA:381,0
DA:382,0
DA:383,0
DA:384,0
DA:385,0
DA:387,0
DA:389,0
DA:390,0
DA:391,0
DA:392,0
DA:393,0
DA:394,0
DA:396,0
DA:398,0
DA:402,0
DA:403,0
DA:409,0
DA:412,0
DA:413,0
DA:424,0
DA:427,0
DA:436,0
DA:437,0
DA:469,0
DA:470,0
DA:471,0
DA:490,0
DA:491,0
DA:492,0
DA:510,0
DA:520,0
DA:521,0
DA:532,0
DA:534,0
DA:535,0
DA:536,0
DA:537,0
DA:548,0
DA:549,0
DA:552,0
DA:553,0
DA:554,0
DA:557,0
DA:558,0
DA:559,0
DA:565,0
DA:575,0
DA:579,0
DA:583,0
DA:587,0
DA:597,0
DA:609,0
DA:621,0
DA:622,0
DA:634,0
DA:649,0
DA:655,0
DA:658,0
DA:664,0
DA:666,0
DA:667,0
DA:673,0
DA:676,0
DA:685,0
DA:691,0
DA:694,0
DA:700,0
DA:703,0
DA:709,0
DA:720,0
DA:721,0
DA:722,0
DA:723,0
DA:724,0
DA:725,0
DA:726,0
DA:741,0
DA:742,0
DA:746,0
DA:760,0
DA:764,0
DA:765,0
DA:778,0
DA:782,0
DA:783,0
DA:796,0
DA:800,0
DA:801,0
DA:815,0
DA:823,0
DA:834,0
DA:847,0
DA:851,0
DA:861,0
DA:865,0
DA:875,0
DA:879,0
DA:888,0
DA:899,0
DA:909,0
DA:915,0
DA:927,0
DA:941,0
DA:951,0
DA:965,0
DA:975,0
DA:985,0
DA:994,0
DA:996,0
DA:1005,0
DA:1017,0
DA:1020,0
DA:1037,0
DA:1041,0
DA:1050,0
DA:1054,0
DA:1055,0
DA:1068,0
DA:1072,0
DA:1073,0
DA:1086,0
DA:1090,0
DA:1091,0
DA:1119,0
DA:1127,0
DA:1128,0
DA:1129,0
DA:1144,0
LF:294
LH:0
BRDA:56,0,0,0
BRDA:56,0,1,0
BRDA:57,1,0,0
BRDA:57,1,1,0
BRDA:85,2,0,0
BRDA:85,2,1,0
BRDA:86,3,0,0
BRDA:86,3,1,0
BRDA:91,4,0,0
BRDA:91,4,1,0
BRDA:92,5,0,0
BRDA:92,5,1,0
BRDA:98,6,0,0
BRDA:98,6,1,0
BRDA:107,7,0,0
BRDA:107,7,1,0
BRDA:108,8,0,0
BRDA:108,8,1,0
BRDA:113,9,0,0
BRDA:113,9,1,0
BRDA:114,10,0,0
BRDA:114,10,1,0
BRDA:151,11,0,0
BRDA:151,11,1,0
BRDA:152,12,0,0
BRDA:152,12,1,0
BRDA:153,13,0,0
BRDA:153,13,1,0
BRDA:154,14,0,0
BRDA:154,14,1,0
BRDA:155,15,0,0
BRDA:155,15,1,0
BRDA:156,16,0,0
BRDA:156,16,1,0
BRDA:157,17,0,0
BRDA:157,17,1,0
BRDA:160,18,0,0
BRDA:160,18,1,0
BRDA:161,19,0,0
BRDA:161,19,1,0
BRDA:162,20,0,0
BRDA:162,20,1,0
BRDA:213,21,0,0
BRDA:213,21,1,0
BRDA:217,22,0,0
BRDA:217,22,1,0
BRDA:221,23,0,0
BRDA:221,23,1,0
BRDA:225,24,0,0
BRDA:225,24,1,0
BRDA:229,25,0,0
BRDA:229,25,1,0
BRDA:233,26,0,0
BRDA:233,26,1,0
BRDA:237,27,0,0
BRDA:237,27,1,0
BRDA:241,28,0,0
BRDA:241,28,1,0
BRDA:241,29,0,0
BRDA:241,29,1,0
BRDA:241,30,0,0
BRDA:241,30,1,0
BRDA:245,31,0,0
BRDA:245,31,1,0
BRDA:248,32,0,0
BRDA:248,32,1,0
BRDA:248,33,0,0
BRDA:248,33,1,0
BRDA:249,34,0,0
BRDA:249,34,1,0
BRDA:251,35,0,0
BRDA:251,35,1,0
BRDA:259,36,0,0
BRDA:259,36,1,0
BRDA:260,37,0,0
BRDA:260,37,1,0
BRDA:264,38,0,0
BRDA:264,38,1,0
BRDA:265,39,0,0
BRDA:265,39,1,0
BRDA:266,40,0,0
BRDA:266,40,1,0
BRDA:267,41,0,0
BRDA:267,41,1,0
BRDA:268,42,0,0
BRDA:268,42,1,0
BRDA:269,43,0,0
BRDA:269,43,1,0
BRDA:274,44,0,0
BRDA:274,44,1,0
BRDA:276,45,0,0
BRDA:276,45,1,0
BRDA:278,46,0,0
BRDA:278,46,1,0
BRDA:288,47,0,0
BRDA:288,47,1,0
BRDA:295,48,0,0
BRDA:295,48,1,0
BRDA:364,49,0,0
BRDA:364,49,1,0
BRDA:368,50,0,0
BRDA:368,50,1,0
BRDA:372,51,0,0
BRDA:372,51,1,0
BRDA:376,52,0,0
BRDA:376,52,1,0
BRDA:382,53,0,0
BRDA:382,53,1,0
BRDA:382,54,0,0
BRDA:382,54,1,0
BRDA:384,55,0,0
BRDA:384,55,1,0
BRDA:387,56,0,0
BRDA:387,56,1,0
BRDA:396,57,0,0
BRDA:396,57,1,0
BRDA:409,58,0,0
BRDA:409,58,1,0
BRDA:424,59,0,0
BRDA:424,59,1,0
BRDA:439,60,0,0
BRDA:439,60,1,0
BRDA:440,61,0,0
BRDA:440,61,1,0
BRDA:442,62,0,0
BRDA:442,62,1,0
BRDA:470,63,0,0
BRDA:470,63,1,0
BRDA:470,64,0,0
BRDA:470,64,1,0
BRDA:491,65,0,0
BRDA:491,65,1,0
BRDA:510,66,0,0
BRDA:510,66,1,0
BRDA:520,67,0,0
BRDA:520,67,1,0
BRDA:524,68,0,0
BRDA:524,68,1,0
BRDA:536,69,0,0
BRDA:536,69,1,0
BRDA:539,70,0,0
BRDA:539,70,1,0
BRDA:540,71,0,0
BRDA:540,71,1,0
BRDA:541,72,0,0
BRDA:541,72,1,0
BRDA:542,73,0,0
BRDA:542,73,1,0
BRDA:543,74,0,0
BRDA:543,74,1,0
BRDA:544,75,0,0
BRDA:544,75,1,0
BRDA:545,76,0,0
BRDA:545,76,1,0
BRDA:545,76,2,0
BRDA:546,77,0,0
BRDA:546,77,1,0
BRDA:548,78,0,0
BRDA:548,78,1,0
BRDA:549,79,0,0
BRDA:549,79,1,0
BRDA:549,80,0,0
BRDA:549,80,1,0
BRDA:549,81,0,0
BRDA:549,81,1,0
BRDA:552,82,0,0
BRDA:552,82,1,0
BRDA:553,83,0,0
BRDA:553,83,1,0
BRDA:553,84,0,0
BRDA:553,84,1,0
BRDA:554,85,0,0
BRDA:554,85,1,0
BRDA:554,86,0,0
BRDA:554,86,1,0
BRDA:557,87,0,0
BRDA:557,87,1,0
[...]
BRDA:296,49,0,0
BRDA:296,49,1,0
BRDA:299,50,0,0
BRDA:299,50,1,0
BRDA:307,51,0,0
BRDA:307,51,1,0
BRDA:309,52,0,0
BRDA:309,52,1,0
BRDA:310,53,0,0
BRDA:310,53,1,0
BRDA:315,54,0,0
BRDA:315,54,1,0
BRDA:325,55,0,0
BRDA:325,55,1,0
BRDA:333,56,0,0
BRDA:333,56,1,0
BRDA:347,57,0,0
BRDA:347,57,1,0
BRDA:356,58,0,0
BRDA:356,58,1,0
BRDA:361,59,0,0
BRDA:361,59,1,0
BRDA:367,60,0,0
BRDA:367,60,1,0
BRDA:377,61,0,0
BRDA:377,61,1,0
BRDA:381,62,0,0
BRDA:381,62,1,0
BRDA:382,63,0,0
BRDA:382,63,1,0
BRDA:383,64,0,0
BRDA:383,64,1,0
BRDA:393,65,0,0
BRDA:393,65,1,0
BRDA:400,66,0,0
BRDA:400,66,1,0
BRDA:401,67,0,0
BRDA:401,67,1,0
BRDA:402,68,0,0
BRDA:402,68,1,0
BRDA:412,69,0,0
BRDA:412,69,1,0
BRDA:419,70,0,0
BRDA:419,70,1,0
BRDA:423,71,0,0
BRDA:423,71,1,0
BRDA:482,72,0,0
BRDA:482,72,1,0
BRDA:494,73,0,0
BRDA:494,73,1,0
BRDA:494,73,2,0
BRDA:494,73,3,0
BRDA:509,74,0,0
BRDA:509,74,1,0
BRDA:529,75,0,0
BRDA:529,75,1,0
BRDA:533,76,0,0
BRDA:533,76,1,0
BRDA:557,77,0,0
BRDA:557,77,1,0
BRDA:557,77,2,0
BRDA:584,78,0,0
BRDA:584,78,1,0
BRDA:603,79,0,0
BRDA:603,79,1,0
BRDA:603,80,0,0
BRDA:603,80,1,0
BRDA:622,81,0,0
BRDA:622,81,1,0
BRDA:622,81,2,0
BRDA:622,81,3,0
BRDA:622,81,4,0
BRDA:628,82,0,0
BRDA:628,82,1,0
BRDA:633,83,0,0
BRDA:633,83,1,0
BRDA:633,84,0,0
BRDA:633,84,1,0
BRDA:635,85,0,0
BRDA:635,85,1,0
BRDA:635,86,0,0
BRDA:635,86,1,0
BRDA:635,86,2,0
BRDA:639,87,0,0
BRDA:639,87,1,0
BRDA:661,88,0,0
BRDA:661,88,1,0
BRDA:667,89,0,0
BRDA:667,89,1,0
BRDA:668,90,0,0
BRDA:668,90,1,0
BRDA:670,91,0,0
BRDA:670,91,1,0
BRDA:705,92,0,0
BRDA:705,92,1,0
BRDA:732,93,0,0
BRDA:732,93,1,0
BRDA:734,94,0,0
BRDA:734,94,1,0
BRDA:755,95,0,0
BRDA:755,95,1,0
BRDA:766,96,0,0
BRDA:766,96,1,0
BRDA:768,97,0,0
BRDA:768,97,1,0
BRDA:771,98,0,0
BRDA:771,98,1,0
BRDA:773,99,0,0
BRDA:773,99,1,0
BRDA:795,100,0,0
BRDA:795,100,1,0
BRDA:795,100,2,0
BRDA:795,100,3,0
BRDA:795,100,4,0
BRDA:795,100,5,0
BRDA:795,100,6,0
BRDA:795,100,7,0
BRDA:801,101,0,0
BRDA:801,101,1,0
BRDA:806,102,0,0
BRDA:806,102,1,0
BRF:227
BRH:0
end_of_record
TN:
SF:src/pages/UsersPage.tsx
FN:68,initialsOf
FN:73,(anonymous_1)
FN:96,(anonymous_2)
FN:131,(anonymous_3)
FN:132,(anonymous_4)
FN:135,(anonymous_5)
FN:135,(anonymous_6)
FN:138,(anonymous_7)
FN:150,(anonymous_8)
FN:167,(anonymous_9)
FN:173,(anonymous_10)
FN:174,(anonymous_11)
FN:180,(anonymous_12)
FN:191,(anonymous_13)
FN:237,(anonymous_14)
FN:255,(anonymous_15)
FN:268,(anonymous_16)
FN:287,(anonymous_17)
FN:295,(anonymous_18)
FN:301,(anonymous_19)
FN:317,(anonymous_20)
FN:360,(anonymous_21)
FN:362,(anonymous_22)
FN:384,(anonymous_23)
FN:402,(anonymous_24)
FN:418,(anonymous_25)
FN:436,(anonymous_26)
FN:442,(anonymous_27)
FN:451,(anonymous_28)
FN:463,(anonymous_29)
FN:475,(anonymous_30)
FN:515,(anonymous_31)
FN:519,(anonymous_32)
FN:521,(anonymous_33)
FN:522,(anonymous_34)
FN:556,(anonymous_35)
FN:562,(anonymous_36)
FN:564,(anonymous_37)
FN:569,(anonymous_38)
FN:591,(anonymous_39)
FN:596,(anonymous_40)
FN:610,(anonymous_41)
FN:610,(anonymous_42)
FN:620,(anonymous_43)
FN:620,(anonymous_44)
FN:631,(anonymous_45)
FN:631,(anonymous_46)
FN:635,(anonymous_47)
FN:635,(anonymous_48)
FN:650,(anonymous_49)
FN:650,(anonymous_50)
FN:653,(anonymous_51)
FN:671,(anonymous_52)
FN:671,(anonymous_53)
FN:685,(anonymous_54)
FN:686,(anonymous_55)
FN:703,(anonymous_56)
FN:711,(anonymous_57)
FN:723,(anonymous_58)
FN:727,(anonymous_59)
FN:727,(anonymous_60)
FN:737,(anonymous_61)
FN:756,(anonymous_62)
FN:767,(anonymous_63)
FNF:64
FNH:0
FNDA:0,initialsOf
FNDA:0,(anonymous_1)
FNDA:0,(anonymous_2)
FNDA:0,(anonymous_3)
FNDA:0,(anonymous_4)
FNDA:0,(anonymous_5)
FNDA:0,(anonymous_6)
FNDA:0,(anonymous_7)
FNDA:0,(anonymous_8)
FNDA:0,(anonymous_9)
FNDA:0,(anonymous_10)
FNDA:0,(anonymous_11)
FNDA:0,(anonymous_12)
FNDA:0,(anonymous_13)
FNDA:0,(anonymous_14)
FNDA:0,(anonymous_15)
FNDA:0,(anonymous_16)
FNDA:0,(anonymous_17)
FNDA:0,(anonymous_18)
FNDA:0,(anonymous_19)
FNDA:0,(anonymous_20)
FNDA:0,(anonymous_21)
FNDA:0,(anonymous_22)
FNDA:0,(anonymous_23)
FNDA:0,(anonymous_24)
FNDA:0,(anonymous_25)
FNDA:0,(anonymous_26)
FNDA:0,(anonymous_27)
FNDA:0,(anonymous_28)
FNDA:0,(anonymous_29)
FNDA:0,(anonymous_30)
FNDA:0,(anonymous_31)
FNDA:0,(anonymous_32)
FNDA:0,(anonymous_33)
FNDA:0,(anonymous_34)
FNDA:0,(anonymous_35)
FNDA:0,(anonymous_36)
FNDA:0,(anonymous_37)
FNDA:0,(anonymous_38)
FNDA:0,(anonymous_39)
FNDA:0,(anonymous_40)
FNDA:0,(anonymous_41)
FNDA:0,(anonymous_42)
FNDA:0,(anonymous_43)
FNDA:0,(anonymous_44)
FNDA:0,(anonymous_45)
FNDA:0,(anonymous_46)
FNDA:0,(anonymous_47)
FNDA:0,(anonymous_48)
FNDA:0,(anonymous_49)
FNDA:0,(anonymous_50)
FNDA:0,(anonymous_51)
FNDA:0,(anonymous_52)
FNDA:0,(anonymous_53)
FNDA:0,(anonymous_54)
FNDA:0,(anonymous_55)
FNDA:0,(anonymous_56)
FNDA:0,(anonymous_57)
FNDA:0,(anonymous_58)
FNDA:0,(anonymous_59)
FNDA:0,(anonymous_60)
FNDA:0,(anonymous_61)
FNDA:0,(anonymous_62)
FNDA:0,(anonymous_63)
DA:52,0
DA:59,0
DA:69,0
DA:73,0
DA:88,0
DA:96,0
DA:97,0
DA:98,0
DA:99,0
DA:102,0
DA:103,0
DA:104,0
DA:105,0
DA:106,0
DA:109,0
DA:110,0
DA:111,0
DA:114,0
DA:115,0
DA:116,0
DA:117,0
DA:120,0
DA:121,0
DA:122,0
DA:125,0
DA:128,0
DA:131,0
DA:132,0
DA:135,0
DA:138,0
DA:139,0
DA:140,0
DA:141,0
DA:148,0
DA:149,0
DA:150,0
DA:154,0
DA:155,0
DA:157,0
DA:158,0
DA:161,0
DA:163,0
DA:167,0
DA:168,0
DA:173,0
DA:174,0
DA:175,0
DA:176,0
DA:177,0
DA:180,0
DA:181,0
DA:188,0
DA:191,0
DA:192,0
DA:193,0
DA:194,0
DA:196,0
DA:197,0
DA:198,0
DA:200,0
DA:201,0
DA:202,0
DA:203,0
DA:208,0
DA:210,0
DA:211,0
DA:212,0
DA:213,0
DA:215,0
DA:222,0
DA:224,0
DA:225,0
DA:227,0
DA:231,0
DA:233,0
DA:237,0
DA:238,0
DA:239,0
DA:240,0
DA:241,0
DA:242,0
DA:243,0
DA:245,0
DA:246,0
DA:248,0
DA:249,0
DA:251,0
DA:255,0
DA:256,0
DA:257,0
DA:258,0
DA:259,0
DA:260,0
DA:261,0
DA:262,0
DA:264,0
DA:268,0
DA:269,0
DA:270,0
DA:271,0
DA:272,0
DA:274,0
DA:275,0
DA:276,0
DA:277,0
DA:278,0
DA:279,0
DA:281,0
DA:283,0
DA:287,0
DA:288,0
DA:289,0
DA:290,0
DA:292,0
DA:295,0
DA:296,0
DA:297,0
DA:298,0
DA:300,0
DA:301,0
DA:307,0
DA:311,0
DA:318,0
DA:319,0
DA:320,0
DA:361,0
DA:362,0
DA:363,0
DA:385,0
DA:403,0
DA:404,0
DA:410,0
DA:419,0
DA:420,0
DA:421,0
DA:427,0
DA:437,0
DA:438,0
DA:439,0
DA:442,0
DA:451,0
DA:463,0
DA:475,0
DA:487,0
DA:488,0
DA:500,0
DA:516,0
DA:520,0
DA:521,0
DA:522,0
DA:556,0
DA:562,0
DA:564,0
DA:569,0
DA:591,0
DA:596,0
DA:610,0
DA:620,0
DA:631,0
DA:635,0
DA:650,0
DA:654,0
DA:671,0
DA:686,0
DA:687,0
DA:703,0
DA:711,0
DA:723,0
DA:727,0
DA:737,0
DA:756,0
DA:767,0
LF:172
LH:0
BRDA:69,0,0,0
BRDA:69,0,1,0
BRDA:69,1,0,0
BRDA:69,1,1,0
BRDA:99,2,0,0
BRDA:99,2,1,0
BRDA:144,3,0,0
BRDA:144,3,1,0
BRDA:145,4,0,0
BRDA:145,4,1,0
BRDA:146,5,0,0
BRDA:146,5,1,0
BRDA:149,6,0,0
BRDA:149,6,1,0
BRDA:150,7,0,0
BRDA:150,7,1,0
BRDA:152,8,0,0
BRDA:152,8,1,0
BRDA:155,9,0,0
BRDA:155,9,1,0
BRDA:174,10,0,0
BRDA:174,10,1,0
BRDA:175,11,0,0
BRDA:175,11,1,0
BRDA:192,12,0,0
BRDA:192,12,1,0
BRDA:196,13,0,0
BRDA:196,13,1,0
BRDA:202,14,0,0
BRDA:202,14,1,0
BRDA:210,15,0,0
BRDA:210,15,1,0
BRDA:210,16,0,0
BRDA:210,16,1,0
BRDA:227,17,0,0
BRDA:227,17,1,0
BRDA:227,17,2,0
BRDA:227,17,3,0
BRDA:231,18,0,0
BRDA:231,18,1,0
BRDA:239,19,0,0
BRDA:239,19,1,0
BRDA:241,20,0,0
BRDA:241,20,1,0
BRDA:251,21,0,0
BRDA:251,21,1,0
BRDA:257,22,0,0
BRDA:257,22,1,0
BRDA:264,23,0,0
BRDA:264,23,1,0
BRDA:269,24,0,0
BRDA:269,24,1,0
BRDA:270,25,0,0
BRDA:270,25,1,0
BRDA:270,26,0,0
BRDA:270,26,1,0
BRDA:270,26,2,0
BRDA:281,27,0,0
BRDA:281,27,1,0
BRDA:292,28,0,0
BRDA:292,28,1,0
BRDA:292,28,2,0
BRDA:298,29,0,0
BRDA:298,29,1,0
BRDA:304,30,0,0
BRDA:304,30,1,0
BRDA:305,31,0,0
BRDA:305,31,1,0
BRDA:319,32,0,0
BRDA:319,32,1,0
BRDA:361,33,0,0
BRDA:361,33,1,0
BRDA:364,34,0,0
BRDA:364,34,1,0
BRDA:386,35,0,0
BRDA:386,35,1,0
BRDA:391,36,0,0
BRDA:391,36,1,0
BRDA:392,37,0,0
BRDA:392,37,1,0
BRDA:393,38,0,0
BRDA:393,38,1,0
BRDA:419,39,0,0
BRDA:419,39,1,0
BRDA:431,40,0,0
BRDA:431,40,1,0
BRDA:438,41,0,0
BRDA:438,41,1,0
BRDA:456,42,0,0
BRDA:456,42,1,0
BRDA:456,43,0,0
BRDA:456,43,1,0
BRDA:460,44,0,0
BRDA:460,44,1,0
BRDA:461,45,0,0
BRDA:461,45,1,0
BRDA:462,46,0,0
BRDA:462,46,1,0
BRDA:465,47,0,0
BRDA:465,47,1,0
BRDA:469,48,0,0
BRDA:469,48,1,0
BRDA:487,49,0,0
BRDA:487,49,1,0
BRDA:487,50,0,0
BRDA:487,50,1,0
BRDA:506,51,0,0
BRDA:506,51,1,0
BRDA:520,52,0,0
BRDA:520,52,1,0
BRDA:521,53,0,0
BRDA:521,53,1,0
BRDA:530,54,0,0
BRDA:530,54,1,0
BRDA:531,55,0,0
BRDA:531,55,1,0
BRDA:575,56,0,0
BRDA:575,56,1,0
BRDA:598,57,0,0
BRDA:598,57,1,0
BRDA:611,58,0,0
BRDA:611,58,1,0
BRDA:623,59,0,0
BRDA:623,59,1,0
BRDA:629,60,0,0
BRDA:629,60,1,0
BRDA:630,61,0,0
BRDA:630,61,1,0
BRDA:636,62,0,0
BRDA:636,62,1,0
BRDA:657,63,0,0
BRDA:657,63,1,0
BRDA:664,64,0,0
BRDA:664,64,1,0
BRDA:673,65,0,0
BRDA:673,65,1,0
BRDA:678,66,0,0
BRDA:678,66,1,0
BRDA:678,66,2,0
BRDA:685,67,0,0
BRDA:685,67,1,0
BRDA:705,68,0,0
BRDA:705,68,1,0
BRDA:705,69,0,0
BRDA:705,69,1,0
BRDA:719,70,0,0
BRDA:719,70,1,0
BRDA:728,71,0,0
BRDA:728,71,1,0
BRDA:739,72,0,0
BRDA:739,72,1,0
BRDA:747,73,0,0
BRDA:747,73,1,0
BRDA:749,74,0,0
BRDA:749,74,1,0
BRDA:753,75,0,0
BRDA:753,75,1,0
BRDA:754,76,0,0
BRDA:754,76,1,0
BRDA:763,77,0,0
BRDA:763,77,1,0
BRF:161
BRH:0
end_of_record
TN:
SF:src/services/api.ts
FN:18,(anonymous_0)
FN:19,(anonymous_1)
FN:32,(anonymous_2)
FN:39,(anonymous_3)
FN:45,(anonymous_4)
FN:46,(anonymous_5)
FN:51,(anonymous_6)
FN:54,(anonymous_7)
FN:60,(anonymous_8)
FNF:9
FNH:0
FNDA:0,(anonymous_0)
FNDA:0,(anonymous_1)
FNDA:0,(anonymous_2)
FNDA:0,(anonymous_3)
FNDA:0,(anonymous_4)
FNDA:0,(anonymous_5)
FNDA:0,(anonymous_6)
FNDA:0,(anonymous_7)
FNDA:0,(anonymous_8)
DA:3,0
DA:5,0
DA:12,0
DA:16,0
DA:18,0
DA:19,0
DA:20,0
DA:21,0
DA:23,0
DA:26,0
DA:31,0
DA:33,0
DA:34,0
DA:35,0
DA:37,0
DA:39,0
DA:44,0
DA:45,0
DA:47,0
DA:49,0
DA:50,0
DA:51,0
DA:52,0
DA:55,0
DA:56,0
DA:58,0
DA:60,0
DA:63,0
DA:64,0
DA:66,0
DA:67,0
DA:68,0
DA:69,0
DA:70,0
DA:71,0
DA:72,0
DA:75,0
DA:76,0
DA:80,0
DA:81,0
DA:82,0
DA:83,0
DA:86,0
DA:88,0
DA:89,0
DA:91,0
DA:93,0
DA:94,0
DA:95,0
DA:96,0
DA:97,0
DA:98,0
DA:100,0
DA:104,0
LF:54
LH:0
BRDA:3,0,0,0
BRDA:3,0,1,0
BRDA:18,1,0,0
BRDA:20,2,0,0
BRDA:20,2,1,0
BRDA:34,3,0,0
BRDA:34,3,1,0
BRDA:34,4,0,0
BRDA:34,4,1,0
BRDA:49,5,0,0
BRDA:49,5,1,0
BRDA:49,6,0,0
BRDA:49,6,1,0
BRDA:50,7,0,0
BRDA:50,7,1,0
BRDA:55,8,0,0
BRDA:55,8,1,0
BRDA:67,9,0,0
BRDA:67,9,1,0
BRDA:82,10,0,0
BRDA:82,10,1,0
BRDA:88,11,0,0
BRDA:88,11,1,0
BRF:23
BRH:0
end_of_record
TN:
SF:src/services/auditService.ts
FN:22,(anonymous_0)
FN:43,(anonymous_1)
FN:50,(anonymous_2)
FNF:3
FNH:0
FNDA:0,(anonymous_0)
FNDA:0,(anonymous_1)
FNDA:0,(anonymous_2)
DA:4,0
DA:18,0
DA:23,0
DA:36,0
DA:37,0
DA:38,0
DA:40,0
DA:44,0
DA:45,0
DA:46,0
DA:47,0
DA:51,0
DA:52,0
LF:13
LH:0
BRDA:37,0,0,0
BRDA:37,0,1,0
BRDA:37,1,0,0
BRDA:37,1,1,0
BRDA:38,2,0,0
BRDA:38,2,1,0
BRDA:46,3,0,0
BRDA:46,3,1,0
BRDA:46,4,0,0
BRDA:46,4,1,0
BRDA:50,5,0,0
BRDA:52,6,0,0
BRDA:52,6,1,0
BRF:13
BRH:0
end_of_record
TN:
SF:src/services/authService.ts
FN:11,normalizeProfile
FN:28,(anonymous_1)
FN:54,(anonymous_2)
FN:60,(anonymous_3)
FN:77,(anonymous_4)
FN:84,(anonymous_5)
FN:88,(anonymous_6)
FN:92,(anonymous_7)
FNF:8
FNH:0
FNDA:0,normalizeProfile
FNDA:0,(anonymous_1)
FNDA:0,(anonymous_2)
FNDA:0,(anonymous_3)
FNDA:0,(anonymous_4)
FNDA:0,(anonymous_5)
FNDA:0,(anonymous_6)
FNDA:0,(anonymous_7)
DA:4,0
DA:12,0
DA:13,0
DA:14,0
DA:27,0
DA:29,0
DA:30,0
DA:33,0
DA:34,0
DA:39,0
DA:40,0
DA:41,0
DA:43,0
DA:50,0
DA:51,0
DA:55,0
DA:56,0
DA:57,0
DA:61,0
DA:62,0
DA:65,0
DA:66,0
DA:67,0
DA:68,0
DA:70,0
DA:78,0
DA:79,0
DA:80,0
DA:81,0
DA:85,0
DA:89,0
DA:93,0
DA:94,0
DA:95,0
DA:96,0
DA:98,0
LF:36
LH:0
BRDA:12,0,0,0
BRDA:12,0,1,0
BRDA:16,1,0,0
BRDA:16,1,1,0
BRDA:16,1,2,0
BRDA:17,2,0,0
BRDA:17,2,1,0
BRDA:17,2,2,0
BRDA:67,3,0,0
BRDA:67,3,1,0
BRDA:94,4,0,0
BRDA:94,4,1,0
BRF:12
BRH:0
end_of_record
TN:
SF:src/services/dashboardService.ts
FN:7,(anonymous_0)
FN:14,(anonymous_1)
FN:22,(anonymous_2)
FN:30,(anonymous_3)
FN:40,(anonymous_4)
FNF:5
FNH:0
FNDA:0,(anonymous_0)
FNDA:0,(anonymous_1)
FNDA:0,(anonymous_2)
FNDA:0,(anonymous_3)
FNDA:0,(anonymous_4)
DA:4,0
DA:6,0
DA:8,0
DA:11,0
DA:15,0
DA:19,0
DA:23,0
DA:27,0
DA:34,0
DA:37,0
DA:43,0
DA:46,0
LF:12
LH:0
BRDA:9,0,0,0
BRDA:9,0,1,0
BRF:2
BRH:0
end_of_record
TN:
SF:src/services/defectService.ts
FN:6,(anonymous_0)
FN:36,(anonymous_1)
FN:41,(anonymous_2)
FN:46,(anonymous_3)
FN:51,(anonymous_4)
FN:55,(anonymous_5)
FN:60,(anonymous_6)
FN:74,(anonymous_7)
FN:79,(anonymous_8)
FNF:9
FNH:0
FNDA:0,(anonymous_0)
FNDA:0,(anonymous_1)
FNDA:0,(anonymous_2)
FNDA:0,(anonymous_3)
FNDA:0,(anonymous_4)
FNDA:0,(anonymous_5)
FNDA:0,(anonymous_6)
FNDA:0,(anonymous_7)
FNDA:0,(anonymous_8)
DA:3,0
DA:5,0
DA:16,0
DA:17,0
DA:18,0
DA:19,0
DA:20,0
DA:21,0
DA:22,0
DA:23,0
DA:24,0
DA:26,0
DA:27,0
DA:29,0
DA:30,0
DA:32,0
DA:33,0
DA:37,0
DA:38,0
DA:42,0
DA:43,0
DA:47,0
DA:48,0
DA:52,0
DA:56,0
DA:57,0
DA:64,0
DA:65,0
DA:66,0
DA:71,0
DA:75,0
DA:76,0
DA:80,0
LF:33
LH:0
BRDA:17,0,0,0
BRDA:17,0,1,0
BRDA:18,1,0,0
BRDA:18,1,1,0
BRDA:19,2,0,0
BRDA:19,2,1,0
BRDA:20,3,0,0
BRDA:20,3,1,0
BRDA:21,4,0,0
BRDA:21,4,1,0
BRDA:22,5,0,0
BRDA:22,5,1,0
BRDA:23,6,0,0
BRDA:23,6,1,0
BRDA:24,7,0,0
BRDA:24,7,1,0
BRDA:29,8,0,0
BRDA:29,8,1,0
BRDA:29,9,0,0
BRDA:29,9,1,0
BRDA:29,9,2,0
BRDA:32,10,0,0
BRDA:32,10,1,0
BRDA:76,11,0,0
BRDA:76,11,1,0
BRF:25
BRH:0
end_of_record
TN:
SF:src/services/epicService.ts
FN:6,(anonymous_0)
FN:27,(anonymous_1)
FN:32,(anonymous_2)
FN:37,(anonymous_3)
FN:42,(anonymous_4)
FNF:5
FNH:0
FNDA:0,(anonymous_0)
FNDA:0,(anonymous_1)
FNDA:0,(anonymous_2)
FNDA:0,(anonymous_3)
FNDA:0,(anonymous_4)
DA:3,0
DA:5,0
DA:14,0
DA:24,0
DA:28,0
DA:29,0
DA:33,0
DA:34,0
DA:38,0
DA:39,0
DA:43,0
LF:11
LH:0
BRF:0
BRH:0
end_of_record
TN:
SF:src/services/executionService.ts
FN:6,(anonymous_0)
FN:19,(anonymous_1)
FN:24,(anonymous_2)
FN:43,(anonymous_3)
FN:48,(anonymous_4)
FN:60,(anonymous_5)
FN:70,(anonymous_6)
FN:86,(anonymous_7)
FN:94,(anonymous_8)
FN:104,(anonymous_9)
FN:114,(anonymous_10)
FNF:11
FNH:0
FNDA:0,(anonymous_0)
FNDA:0,(anonymous_1)
FNDA:0,(anonymous_2)
FNDA:0,(anonymous_3)
FNDA:0,(anonymous_4)
FNDA:0,(anonymous_5)
FNDA:0,(anonymous_6)
FNDA:0,(anonymous_7)
FNDA:0,(anonymous_8)
FNDA:0,(anonymous_9)
FNDA:0,(anonymous_10)
DA:3,0
DA:5,0
DA:7,0
DA:10,0
DA:12,0
DA:13,0
DA:15,0
DA:16,0
DA:20,0
DA:21,0
DA:39,0
DA:40,0
DA:44,0
DA:45,0
DA:53,0
DA:57,0
DA:65,0
DA:75,0
DA:76,0
DA:77,0
DA:82,0
DA:90,0
DA:91,0
DA:103,0
DA:104,0
DA:111,0
DA:115,0
DA:116,0
LF:28
LH:0
BRDA:12,0,0,0
BRDA:12,0,1,0
BRDA:12,1,0,0
BRDA:12,1,1,0
BRDA:12,1,2,0
BRDA:15,2,0,0
BRDA:15,2,1,0
BRDA:45,3,0,0
BRDA:45,3,1,0
BRF:9
BRH:0
end_of_record
TN:
SF:src/services/projectService.ts
FN:6,(anonymous_0)
FN:25,(anonymous_1)
FN:30,(anonymous_2)
FN:35,(anonymous_3)
FN:40,(anonymous_4)
FNF:5
FNH:0
FNDA:0,(anonymous_0)
FNDA:0,(anonymous_1)
FNDA:0,(anonymous_2)
FNDA:0,(anonymous_3)
FNDA:0,(anonymous_4)
DA:3,0
DA:5,0
DA:13,0
DA:22,0
DA:26,0
DA:27,0
DA:31,0
DA:32,0
DA:36,0
DA:37,0
DA:41,0
LF:11
LH:0
BRF:0
BRH:0
end_of_record
TN:
SF:src/services/reportService.ts
FN:5,downloadBlob
FN:18,projectParams
FN:24,(anonymous_2)
FN:32,(anonymous_3)
FN:40,(anonymous_4)
FN:48,(anonymous_5)
FN:56,(anonymous_6)
FN:63,(anonymous_7)
FN:70,(anonymous_8)
FNF:9
FNH:0
FNDA:0,downloadBlob
FNDA:0,projectParams
FNDA:0,(anonymous_2)
FNDA:0,(anonymous_3)
FNDA:0,(anonymous_4)
FNDA:0,(anonymous_5)
FNDA:0,(anonymous_6)
FNDA:0,(anonymous_7)
FNDA:0,(anonymous_8)
DA:3,0
DA:6,0
DA:7,0
DA:8,0
DA:9,0
DA:10,0
DA:11,0
DA:12,0
DA:13,0
DA:19,0
DA:20,0
DA:23,0
DA:25,0
DA:29,0
DA:33,0
DA:37,0
DA:41,0
DA:45,0
DA:49,0
DA:53,0
DA:57,0
DA:60,0
DA:64,0
DA:67,0
DA:71,0
DA:75,0
LF:26
LH:0
BRDA:19,0,0,0
BRDA:19,0,1,0
BRDA:72,1,0,0
BRDA:72,1,1,0
BRF:4
BRH:0
end_of_record
TN:
SF:src/services/roleService.ts
FN:7,(anonymous_0)
FNF:1
FNH:0
FNDA:0,(anonymous_0)
DA:4,0
DA:6,0
DA:8,0
DA:9,0
LF:4
LH:0
BRDA:9,0,0,0
BRDA:9,0,1,0
BRF:2
BRH:0
end_of_record
TN:
SF:src/services/testCaseService.ts
FN:6,normalizeTestCase
FN:33,(anonymous_1)
FN:45,(anonymous_2)
FN:81,(anonymous_3)
FN:86,(anonymous_4)
FN:91,(anonymous_5)
FN:96,(anonymous_6)
FN:100,(anonymous_7)
FN:105,(anonymous_8)
FN:110,(anonymous_9)
FN:115,(anonymous_10)
FNF:11
FNH:0
FNDA:0,normalizeTestCase
FNDA:0,(anonymous_1)
FNDA:0,(anonymous_2)
FNDA:0,(anonymous_3)
FNDA:0,(anonymous_4)
FNDA:0,(anonymous_5)
FNDA:0,(anonymous_6)
FNDA:0,(anonymous_7)
FNDA:0,(anonymous_8)
FNDA:0,(anonymous_9)
FNDA:0,(anonymous_10)
DA:3,0
DA:7,0
DA:8,0
DA:33,0
DA:44,0
DA:58,0
DA:73,0
DA:75,0
DA:76,0
DA:78,0
DA:82,0
DA:83,0
DA:87,0
DA:88,0
DA:92,0
DA:93,0
DA:97,0
DA:101,0
DA:102,0
DA:106,0
DA:107,0
DA:111,0
DA:112,0
DA:116,0
DA:117,0
DA:118,0
DA:119,0
DA:120,0
DA:121,0
DA:124,0
LF:30
LH:0
BRDA:7,0,0,0
BRDA:7,0,1,0
BRDA:11,1,0,0
BRDA:11,1,1,0
BRDA:15,2,0,0
BRDA:15,2,1,0
BRDA:16,3,0,0
BRDA:16,3,1,0
BRDA:17,4,0,0
BRDA:17,4,1,0
BRDA:22,5,0,0
BRDA:22,5,1,0
BRDA:23,6,0,0
BRDA:23,6,1,0
BRDA:26,7,0,0
BRDA:26,7,1,0
BRDA:27,8,0,0
BRDA:27,8,1,0
BRDA:28,9,0,0
BRDA:28,9,1,0
BRDA:29,10,0,0
BRDA:29,10,1,0
BRDA:30,11,0,0
BRDA:30,11,1,0
BRDA:31,12,0,0
BRDA:31,12,1,0
BRDA:32,13,0,0
BRDA:32,13,1,0
BRDA:35,14,0,0
BRDA:35,14,1,0
BRDA:36,15,0,0
BRDA:36,15,1,0
BRDA:37,16,0,0
BRDA:37,16,1,0
BRDA:37,16,2,0
BRDA:75,17,0,0
BRDA:75,17,1,0
BRDA:75,18,0,0
BRDA:75,18,1,0
BRDA:75,18,2,0
BRDA:119,19,0,0
BRDA:119,19,1,0
BRDA:120,20,0,0
BRDA:120,20,1,0
BRF:44
BRH:0
end_of_record
TN:
SF:src/services/testRunService.ts
FN:6,(anonymous_0)
FN:27,(anonymous_1)
FN:32,(anonymous_2)
FN:37,(anonymous_3)
FN:42,(anonymous_4)
FN:46,(anonymous_5)
FN:51,(anonymous_6)
FN:56,(anonymous_7)
FN:61,(anonymous_8)
FNF:9
FNH:0
FNDA:0,(anonymous_0)
FNDA:0,(anonymous_1)
FNDA:0,(anonymous_2)
FNDA:0,(anonymous_3)
FNDA:0,(anonymous_4)
FNDA:0,(anonymous_5)
FNDA:0,(anonymous_6)
FNDA:0,(anonymous_7)
FNDA:0,(anonymous_8)
DA:3,0
DA:5,0
DA:14,0
DA:24,0
DA:28,0
DA:29,0
DA:33,0
DA:34,0
DA:38,0
DA:39,0
DA:43,0
DA:47,0
DA:48,0
DA:52,0
DA:53,0
DA:57,0
DA:58,0
DA:62,0
DA:63,0
LF:19
LH:0
BRDA:57,0,0,0
BRDA:57,0,1,0
BRF:2
BRH:0
end_of_record
TN:
SF:src/services/testSuiteService.ts
FN:6,(anonymous_0)
FN:25,(anonymous_1)
FN:30,(anonymous_2)
FN:35,(anonymous_3)
FN:40,(anonymous_4)
FN:44,(anonymous_5)
FN:51,(anonymous_6)
FNF:7
FNH:0
FNDA:0,(anonymous_0)
FNDA:0,(anonymous_1)
FNDA:0,(anonymous_2)
FNDA:0,(anonymous_3)
FNDA:0,(anonymous_4)
FNDA:0,(anonymous_5)
FNDA:0,(anonymous_6)
DA:3,0
DA:5,0
DA:13,0
DA:22,0
DA:26,0
DA:27,0
DA:31,0
DA:32,0
DA:36,0
DA:37,0
DA:41,0
DA:45,0
DA:48,0
DA:52,0
LF:14
LH:0
BRF:0
BRH:0
end_of_record
TN:
SF:src/services/userService.ts
FN:19,(anonymous_0)
FN:32,(anonymous_1)
FN:37,(anonymous_2)
FN:42,(anonymous_3)
FN:53,(anonymous_4)
FN:61,(anonymous_5)
FN:65,(anonymous_6)
FN:70,(anonymous_7)
FN:75,(anonymous_8)
FN:79,(anonymous_9)
FNF:10
FNH:0
FNDA:0,(anonymous_0)
FNDA:0,(anonymous_1)
FNDA:0,(anonymous_2)
FNDA:0,(anonymous_3)
FNDA:0,(anonymous_4)
FNDA:0,(anonymous_5)
FNDA:0,(anonymous_6)
FNDA:0,(anonymous_7)
FNDA:0,(anonymous_8)
FNDA:0,(anonymous_9)
DA:3,0
DA:13,0
DA:20,0
DA:29,0
DA:33,0
DA:34,0
DA:38,0
DA:39,0
DA:49,0
DA:50,0
DA:57,0
DA:58,0
DA:62,0
DA:66,0
DA:67,0
DA:71,0
DA:72,0
DA:76,0
DA:80,0
LF:19
LH:0
BRF:0
BRH:0
end_of_record
TN:
SF:src/services/userStoryService.ts
FN:6,(anonymous_0)
FN:29,(anonymous_1)
FN:34,(anonymous_2)
FN:39,(anonymous_3)
FN:44,(anonymous_4)
FNF:5
FNH:0
FNDA:0,(anonymous_0)
FNDA:0,(anonymous_1)
FNDA:0,(anonymous_2)
FNDA:0,(anonymous_3)
FNDA:0,(anonymous_4)
DA:3,0
DA:5,0
DA:15,0
DA:26,0
DA:30,0
DA:31,0
DA:35,0
DA:36,0
DA:40,0
DA:41,0
DA:45,0
LF:11
LH:0
BRF:0
BRH:0
end_of_record
TN:
SF:src/types/index.ts
FNF:0
FNH:0
LF:0
LH:0
BRF:0
BRH:0
end_of_record
TN:
SF:src/utils/roleGuard.ts
FN:18,hasPermission
FN:23,canEdit
FN:28,canApprove
FN:33,canExecute
FN:38,canManageUsers
FN:43,canViewAudit
FN:48,canDelete
FN:52,isRoleAtLeast
FN:57,roleSlug
FNF:9
FNH:9
FNDA:25,hasPermission
FNDA:6,canEdit
FNDA:5,canApprove
FNDA:5,canExecute
FNDA:3,canManageUsers
FNDA:4,canViewAudit
FNDA:3,canDelete
FNDA:4,isRoleAtLeast
FNDA:4,roleSlug
DA:9,1
DA:19,25
DA:24,6
DA:29,5
DA:34,5
DA:39,3
DA:44,4
DA:49,3
DA:53,4
DA:58,4
LF:10
LH:10
BRDA:53,0,0,4
BRDA:53,0,1,0
BRDA:53,1,0,4
BRDA:53,1,1,0
BRF:4
BRH:2
end_of_record
TN:
SF:src/utils/statusColors.ts
FN:1,(anonymous_0)
FNF:1
FNH:1
FNDA:9,(anonymous_0)
DA:1,1
DA:2,9
DA:3,2
DA:4,2
DA:5,1
DA:6,1
DA:7,3
LF:7
LH:7
BRDA:2,0,0,2
BRDA:2,0,1,2
BRDA:2,0,2,1
BRDA:2,0,3,1
BRDA:2,0,4,3
BRDA:2,1,0,9
BRDA:2,1,1,2
BRF:7
BRH:7
end_of_record
